INFO: [HLS 200-10] Running 'D:/Vitis/2020.1/bin/unwrapped/win64.o/vitis_hls.exe'
INFO: [HLS 200-10] For user 'Sanjeev' on host 'laptop-c8imjhg4' (Windows NT_amd64 version 6.2) on Tue Dec 07 14:46:10 -0800 2021
INFO: [HLS 200-10] In directory 'D:/CSE237C/Project/correlator_bank/optimized2'
Sourcing Tcl script 'D:/CSE237C/Project/correlator_bank/optimized2/hls/solution1/csynth.tcl'
INFO: [HLS 200-10] Opening project 'D:/CSE237C/Project/correlator_bank/optimized2/hls'.
INFO: [HLS 200-10] Adding design file 'coefficients.h' to the project
INFO: [HLS 200-10] Adding design file 'correlator.cpp' to the project
INFO: [HLS 200-10] Adding design file 'correlator.h' to the project
INFO: [HLS 200-10] Adding test bench file 'correlator_test.cpp' to the project
INFO: [HLS 200-10] Adding test bench file 'out.gold.dat' to the project
INFO: [HLS 200-10] Adding test bench file 'input.dat' to the project
INFO: [HLS 200-10] Opening solution 'D:/CSE237C/Project/correlator_bank/optimized2/hls/solution1'.
INFO: [SYN 201-201] Setting up clock 'default' with a period of 10ns.
INFO: [HLS 200-10] Setting target device to 'xc7z020-clg400-1'
INFO: [HLS 200-1505] Using flow_target 'vivado'
Resolution: For help on HLS 200-1505 see www.xilinx.com/html_docs/xilinx2020_1/hls-guidance/200-1505.html
INFO: [HLS 200-10] Analyzing design file 'correlator.cpp' ... 
WARNING: [HLS 207-1599] unexpected pragma parameter 'type': correlator.cpp:23:35
WARNING: [HLS 207-1599] unexpected pragma parameter 'type': correlator.cpp:25:35
WARNING: [HLS 207-1599] unexpected pragma parameter 'type': correlator.cpp:28:35
INFO: [HLS 200-777] Using interface defaults for 'Vivado' target.
INFO: [HLS 214-131] Inlining function 'ap_fixed_base<32, 32, true, (ap_q_mode)5, (ap_o_mode)3, 0>::operator!() const' into 'ap_fixed_base<30, 8, true, (ap_q_mode)5, (ap_o_mode)3, 0>& ap_fixed_base<30, 8, true, (ap_q_mode)5, (ap_o_mode)3, 0>::operator=<32, 32, true, (ap_q_mode)5, (ap_o_mode)3, 0>(ap_fixed_base<32, 32, true, (ap_q_mode)5, (ap_o_mode)3, 0> const&)' (D:/Vitis/2020.1/common/technology/autopilot\ap_fixed_base.h:698:9)
INFO: [HLS 214-131] Inlining function 'ap_fixed_base<30, 8, true, (ap_q_mode)5, (ap_o_mode)3, 0>& ap_fixed_base<30, 8, true, (ap_q_mode)5, (ap_o_mode)3, 0>::operator=<32, 32, true, (ap_q_mode)5, (ap_o_mode)3, 0>(ap_fixed_base<32, 32, true, (ap_q_mode)5, (ap_o_mode)3, 0> const&)' into 'ap_fixed_base<30, 8, true, (ap_q_mode)5, (ap_o_mode)3, 0>::ap_fixed_base(int)' (D:/Vitis/2020.1/common/technology/autopilot\ap_fixed_base.h:541:146)
INFO: [HLS 214-131] Inlining function 'ap_fixed_base<30, 8, true, (ap_q_mode)5, (ap_o_mode)3, 0>::ap_fixed_base(int)' into 'ap_fixed<30, 8, (ap_q_mode)5, (ap_o_mode)3, 0>::ap_fixed(int)' (D:/Vitis/2020.1/common/technology/autopilot\ap_fixed.h:183:59)
INFO: [HLS 214-131] Inlining function 'ap_fixed_base<32, 32, true, (ap_q_mode)5, (ap_o_mode)3, 0>::operator!() const' into 'ap_fixed_base<30, 3, true, (ap_q_mode)5, (ap_o_mode)3, 0>& ap_fixed_base<30, 3, true, (ap_q_mode)5, (ap_o_mode)3, 0>::operator=<32, 32, true, (ap_q_mode)5, (ap_o_mode)3, 0>(ap_fixed_base<32, 32, true, (ap_q_mode)5, (ap_o_mode)3, 0> const&)' (D:/Vitis/2020.1/common/technology/autopilot\ap_fixed_base.h:698:9)
INFO: [HLS 214-131] Inlining function 'ap_fixed_base<30, 3, true, (ap_q_mode)5, (ap_o_mode)3, 0>& ap_fixed_base<30, 3, true, (ap_q_mode)5, (ap_o_mode)3, 0>::operator=<32, 32, true, (ap_q_mode)5, (ap_o_mode)3, 0>(ap_fixed_base<32, 32, true, (ap_q_mode)5, (ap_o_mode)3, 0> const&)' into 'ap_fixed_base<30, 3, true, (ap_q_mode)5, (ap_o_mode)3, 0>::ap_fixed_base(int)' (D:/Vitis/2020.1/common/technology/autopilot\ap_fixed_base.h:541:146)
INFO: [HLS 214-131] Inlining function 'ap_fixed_base<30, 3, true, (ap_q_mode)5, (ap_o_mode)3, 0>::ap_fixed_base(int)' into 'ap_fixed<30, 3, (ap_q_mode)5, (ap_o_mode)3, 0>::ap_fixed(int)' (D:/Vitis/2020.1/common/technology/autopilot\ap_fixed.h:183:59)
INFO: [HLS 214-131] Inlining function 'ap_int_base<65, true>::ap_int_base<11, false>(ap_int_base<11, false> const&)' into 'ap_int_base<11, false>::RType<64, true>::minus operator-<11, false, 64, true>(ap_int_base<11, false> const&, ap_int_base<64, true> const&)' (D:/Vitis/2020.1/common/technology/autopilot\ap_int_base.h:1351:341)
INFO: [HLS 214-131] Inlining function 'ap_int<65>::ap_int<65, true>(ap_int_base<65, true> const&)' into 'ap_int_base<11, false>::RType<64, true>::minus operator-<11, false, 64, true>(ap_int_base<11, false> const&, ap_int_base<64, true> const&)' (D:/Vitis/2020.1/common/technology/autopilot\ap_int_base.h:1351:555)
INFO: [HLS 214-131] Inlining function 'ap_int_base<65, true>::ap_int_base<64, true>(ap_int_base<64, true> const&)' into 'ap_int_base<11, false>::RType<64, true>::minus operator-<11, false, 64, true>(ap_int_base<11, false> const&, ap_int_base<64, true> const&)' (D:/Vitis/2020.1/common/technology/autopilot\ap_int_base.h:1351:430)
INFO: [HLS 214-131] Inlining function 'ap_int_base<64, true>::ap_int_base(long)' into 'ap_int_base<11, false>::RType<($_0)64, true>::minus operator-<11, false>(ap_int_base<11, false> const&, long)' (D:/Vitis/2020.1/common/technology/autopilot\ap_int_base.h:1467:1548)
INFO: [HLS 214-131] Inlining function 'ap_int_base<11, false>::RType<64, true>::minus operator-<11, false, 64, true>(ap_int_base<11, false> const&, ap_int_base<64, true> const&)' into 'ap_int_base<11, false>::RType<($_0)64, true>::minus operator-<11, false>(ap_int_base<11, false> const&, long)' (D:/Vitis/2020.1/common/technology/autopilot\ap_int_base.h:1467:1546)
INFO: [HLS 214-131] Inlining function 'ap_int_base<55, true>::ap_int_base<1, false>(ap_int_base<1, false> const&)' into 'ap_int_base<1, false>::RType<54, true>::minus operator-<1, false, 54, true>(ap_int_base<1, false> const&, ap_int_base<54, true> const&)' (D:/Vitis/2020.1/common/technology/autopilot\ap_int_base.h:1351:341)
INFO: [HLS 214-131] Inlining function 'ap_int<55>::ap_int<55, true>(ap_int_base<55, true> const&)' into 'ap_int_base<1, false>::RType<54, true>::minus operator-<1, false, 54, true>(ap_int_base<1, false> const&, ap_int_base<54, true> const&)' (D:/Vitis/2020.1/common/technology/autopilot\ap_int_base.h:1351:555)
INFO: [HLS 214-131] Inlining function 'ap_int_base<55, true>::ap_int_base<54, true>(ap_int_base<54, true> const&)' into 'ap_int_base<1, false>::RType<54, true>::minus operator-<1, false, 54, true>(ap_int_base<1, false> const&, ap_int_base<54, true> const&)' (D:/Vitis/2020.1/common/technology/autopilot\ap_int_base.h:1351:430)
INFO: [HLS 214-131] Inlining function 'ap_int_base<1, false>::ap_int_base(int)' into 'ap_int_base<54, true>::operator-() const' (D:/Vitis/2020.1/common/technology/autopilot\ap_int_base.h:750:12)
INFO: [HLS 214-131] Inlining function 'ap_int_base<1, false>::RType<54, true>::minus operator-<1, false, 54, true>(ap_int_base<1, false> const&, ap_int_base<54, true> const&)' into 'ap_int_base<54, true>::operator-() const' (D:/Vitis/2020.1/common/technology/autopilot\ap_int_base.h:750:37)
INFO: [HLS 214-131] Inlining function 'doubleToRawBits(double)' into 'ap_fixed_base<30, 3, true, (ap_q_mode)5, (ap_o_mode)3, 0>::ap_fixed_base(double)' (D:/Vitis/2020.1/common/technology/autopilot\ap_fixed_base.h:556:14)
INFO: [HLS 214-131] Inlining function 'ap_int_base<54, true>& ap_int_base<54, true>::operator=<55, true>(ap_int_base<55, true> const&)' into 'ap_fixed_base<30, 3, true, (ap_q_mode)5, (ap_o_mode)3, 0>::ap_fixed_base(double)' (D:/Vitis/2020.1/common/technology/autopilot\ap_fixed_base.h:570:20)
INFO: [HLS 214-131] Inlining function 'ap_int_base<54, true>::operator-() const' into 'ap_fixed_base<30, 3, true, (ap_q_mode)5, (ap_o_mode)3, 0>::ap_fixed_base(double)' (D:/Vitis/2020.1/common/technology/autopilot\ap_fixed_base.h:570:22)
INFO: [HLS 214-131] Inlining function 'ap_int_base<12, true>& ap_int_base<12, true>::operator=<65, true>(ap_int_base<65, true> const&)' into 'ap_fixed_base<30, 3, true, (ap_q_mode)5, (ap_o_mode)3, 0>::ap_fixed_base(double)' (D:/Vitis/2020.1/common/technology/autopilot\ap_fixed_base.h:563:9)
INFO: [HLS 214-131] Inlining function 'ap_int_base<11, false>::RType<($_0)64, true>::minus operator-<11, false>(ap_int_base<11, false> const&, long)' into 'ap_fixed_base<30, 3, true, (ap_q_mode)5, (ap_o_mode)3, 0>::ap_fixed_base(double)' (D:/Vitis/2020.1/common/technology/autopilot\ap_fixed_base.h:563:19)
INFO: [HLS 214-131] Inlining function 'ap_fixed_base<30, 3, true, (ap_q_mode)5, (ap_o_mode)3, 0>::ap_fixed_base(float)' into 'ap_fixed<30, 3, (ap_q_mode)5, (ap_o_mode)3, 0>::ap_fixed(float)' (D:/Vitis/2020.1/common/technology/autopilot\ap_fixed.h:190:61)
INFO: [HLS 214-131] Inlining function 'ap_fixed_base<2, 2, true, (ap_q_mode)5, (ap_o_mode)3, 0>::operator!() const' into 'ap_fixed_base<2, 2, true, (ap_q_mode)5, (ap_o_mode)3, 0>& ap_fixed_base<2, 2, true, (ap_q_mode)5, (ap_o_mode)3, 0>::operator=<2, 2, true, (ap_q_mode)5, (ap_o_mode)3, 0>(ap_fixed_base<2, 2, true, (ap_q_mode)5, (ap_o_mode)3, 0> const&)' (D:/Vitis/2020.1/common/technology/autopilot\ap_fixed_base.h:698:9)
INFO: [HLS 214-131] Inlining function 'ap_fixed_base<2, 2, true, (ap_q_mode)5, (ap_o_mode)3, 0>& ap_fixed_base<2, 2, true, (ap_q_mode)5, (ap_o_mode)3, 0>::operator=<2, 2, true, (ap_q_mode)5, (ap_o_mode)3, 0>(ap_fixed_base<2, 2, true, (ap_q_mode)5, (ap_o_mode)3, 0> const&)' into 'ap_fixed_base<2, 2, true, (ap_q_mode)5, (ap_o_mode)3, 0>::ap_fixed_base<2, true>(ap_int_base<2, true> const&)' (D:/Vitis/2020.1/common/technology/autopilot\ap_fixed_base.h:447:5)
INFO: [HLS 214-131] Inlining function 'ap_fixed<32, 5, (ap_q_mode)5, (ap_o_mode)3, 0>::ap_fixed<32, 5, true, (ap_q_mode)5, (ap_o_mode)3, 0>(ap_fixed_base<32, 5, true, (ap_q_mode)5, (ap_o_mode)3, 0> const&)' into 'ap_fixed_base<30, 3, true, (ap_q_mode)5, (ap_o_mode)3, 0>::RType<2, 2, true>::mult ap_fixed_base<30, 3, true, (ap_q_mode)5, (ap_o_mode)3, 0>::operator*<2, 2, true, (ap_q_mode)5, (ap_o_mode)3, 0>(ap_fixed_base<2, 2, true, (ap_q_mode)5, (ap_o_mode)3, 0> const&) const' (D:/Vitis/2020.1/common/technology/autopilot\ap_fixed_base.h:1119:12)
INFO: [HLS 214-131] Inlining function 'ap_fixed_base<2, 2, true, (ap_q_mode)5, (ap_o_mode)3, 0>::ap_fixed_base<2, true>(ap_int_base<2, true> const&)' into 'ap_fixed_base<30, 3, true, (ap_q_mode)5, (ap_o_mode)3, 0>::RType<2, 2, true>::mult operator*<30, 3, true, (ap_q_mode)5, (ap_o_mode)3, 0, 2, true>(ap_fixed_base<30, 3, true, (ap_q_mode)5, (ap_o_mode)3, 0> const&, ap_int_base<2, true> const&)' (D:/Vitis/2020.1/common/technology/autopilot\ap_fixed_base.h:2305:821)
INFO: [HLS 214-131] Inlining function 'ap_fixed_base<30, 3, true, (ap_q_mode)5, (ap_o_mode)3, 0>::RType<2, 2, true>::mult ap_fixed_base<30, 3, true, (ap_q_mode)5, (ap_o_mode)3, 0>::operator*<2, 2, true, (ap_q_mode)5, (ap_o_mode)3, 0>(ap_fixed_base<2, 2, true, (ap_q_mode)5, (ap_o_mode)3, 0> const&) const' into 'ap_fixed_base<30, 3, true, (ap_q_mode)5, (ap_o_mode)3, 0>::RType<2, 2, true>::mult operator*<30, 3, true, (ap_q_mode)5, (ap_o_mode)3, 0, 2, true>(ap_fixed_base<30, 3, true, (ap_q_mode)5, (ap_o_mode)3, 0> const&, ap_int_base<2, true> const&)' (D:/Vitis/2020.1/common/technology/autopilot\ap_fixed_base.h:2305:810)
INFO: [HLS 214-131] Inlining function 'ap_fixed_base<30, 8, true, (ap_q_mode)5, (ap_o_mode)3, 0>::operator!() const' into 'ap_fixed_base<36, 9, true, (ap_q_mode)5, (ap_o_mode)3, 0>& ap_fixed_base<36, 9, true, (ap_q_mode)5, (ap_o_mode)3, 0>::operator=<30, 8, true, (ap_q_mode)5, (ap_o_mode)3, 0>(ap_fixed_base<30, 8, true, (ap_q_mode)5, (ap_o_mode)3, 0> const&)' (D:/Vitis/2020.1/common/technology/autopilot\ap_fixed_base.h:698:9)
INFO: [HLS 214-131] Inlining function 'ap_fixed_base<36, 9, true, (ap_q_mode)5, (ap_o_mode)3, 0>& ap_fixed_base<36, 9, true, (ap_q_mode)5, (ap_o_mode)3, 0>::operator=<30, 8, true, (ap_q_mode)5, (ap_o_mode)3, 0>(ap_fixed_base<30, 8, true, (ap_q_mode)5, (ap_o_mode)3, 0> const&)' into 'ap_fixed_base<36, 9, true, (ap_q_mode)5, (ap_o_mode)3, 0>::ap_fixed_base<30, 8, true, (ap_q_mode)5, (ap_o_mode)3, 0>(ap_fixed_base<30, 8, true, (ap_q_mode)5, (ap_o_mode)3, 0> const&)' (D:/Vitis/2020.1/common/technology/autopilot\ap_fixed_base.h:431:5)
INFO: [HLS 214-131] Inlining function 'ap_fixed_base<32, 5, true, (ap_q_mode)5, (ap_o_mode)3, 0>::operator!() const' into 'ap_fixed_base<36, 9, true, (ap_q_mode)5, (ap_o_mode)3, 0>& ap_fixed_base<36, 9, true, (ap_q_mode)5, (ap_o_mode)3, 0>::operator=<32, 5, true, (ap_q_mode)5, (ap_o_mode)3, 0>(ap_fixed_base<32, 5, true, (ap_q_mode)5, (ap_o_mode)3, 0> const&)' (D:/Vitis/2020.1/common/technology/autopilot\ap_fixed_base.h:698:9)
INFO: [HLS 214-131] Inlining function 'ap_fixed_base<36, 9, true, (ap_q_mode)5, (ap_o_mode)3, 0>& ap_fixed_base<36, 9, true, (ap_q_mode)5, (ap_o_mode)3, 0>::operator=<32, 5, true, (ap_q_mode)5, (ap_o_mode)3, 0>(ap_fixed_base<32, 5, true, (ap_q_mode)5, (ap_o_mode)3, 0> const&)' into 'ap_fixed_base<36, 9, true, (ap_q_mode)5, (ap_o_mode)3, 0>::ap_fixed_base<32, 5, true, (ap_q_mode)5, (ap_o_mode)3, 0>(ap_fixed_base<32, 5, true, (ap_q_mode)5, (ap_o_mode)3, 0> const&)' (D:/Vitis/2020.1/common/technology/autopilot\ap_fixed_base.h:431:5)
INFO: [HLS 214-131] Inlining function 'ap_fixed_base<36, 9, true, (ap_q_mode)5, (ap_o_mode)3, 0>::ap_fixed_base<30, 8, true, (ap_q_mode)5, (ap_o_mode)3, 0>(ap_fixed_base<30, 8, true, (ap_q_mode)5, (ap_o_mode)3, 0> const&)' into 'ap_fixed_base<30, 8, true, (ap_q_mode)5, (ap_o_mode)3, 0>::RType<32, 5, true>::plus ap_fixed_base<30, 8, true, (ap_q_mode)5, (ap_o_mode)3, 0>::operator+<32, 5, true, (ap_q_mode)5, (ap_o_mode)3, 0>(ap_fixed_base<32, 5, true, (ap_q_mode)5, (ap_o_mode)3, 0> const&) const' (D:/Vitis/2020.1/common/technology/autopilot\ap_fixed_base.h:1192:330)
INFO: [HLS 214-131] Inlining function 'ap_fixed<36, 9, (ap_q_mode)5, (ap_o_mode)3, 0>::ap_fixed<36, 9, true, (ap_q_mode)5, (ap_o_mode)3, 0>(ap_fixed_base<36, 9, true, (ap_q_mode)5, (ap_o_mode)3, 0> const&)' into 'ap_fixed_base<30, 8, true, (ap_q_mode)5, (ap_o_mode)3, 0>::RType<32, 5, true>::plus ap_fixed_base<30, 8, true, (ap_q_mode)5, (ap_o_mode)3, 0>::operator+<32, 5, true, (ap_q_mode)5, (ap_o_mode)3, 0>(ap_fixed_base<32, 5, true, (ap_q_mode)5, (ap_o_mode)3, 0> const&) const' (D:/Vitis/2020.1/common/technology/autopilot\ap_fixed_base.h:1192:382)
INFO: [HLS 214-131] Inlining function 'ap_fixed_base<36, 9, true, (ap_q_mode)5, (ap_o_mode)3, 0>::ap_fixed_base<32, 5, true, (ap_q_mode)5, (ap_o_mode)3, 0>(ap_fixed_base<32, 5, true, (ap_q_mode)5, (ap_o_mode)3, 0> const&)' into 'ap_fixed_base<30, 8, true, (ap_q_mode)5, (ap_o_mode)3, 0>::RType<32, 5, true>::plus ap_fixed_base<30, 8, true, (ap_q_mode)5, (ap_o_mode)3, 0>::operator+<32, 5, true, (ap_q_mode)5, (ap_o_mode)3, 0>(ap_fixed_base<32, 5, true, (ap_q_mode)5, (ap_o_mode)3, 0> const&) const' (D:/Vitis/2020.1/common/technology/autopilot\ap_fixed_base.h:1192:342)
INFO: [HLS 214-131] Inlining function 'ap_fixed_base<36, 9, true, (ap_q_mode)5, (ap_o_mode)3, 0>::operator!() const' into 'ap_fixed_base<30, 8, true, (ap_q_mode)5, (ap_o_mode)3, 0>& ap_fixed_base<30, 8, true, (ap_q_mode)5, (ap_o_mode)3, 0>::operator=<36, 9, true, (ap_q_mode)5, (ap_o_mode)3, 0>(ap_fixed_base<36, 9, true, (ap_q_mode)5, (ap_o_mode)3, 0> const&)' (D:/Vitis/2020.1/common/technology/autopilot\ap_fixed_base.h:698:9)
INFO: [HLS 214-131] Inlining function 'ap_fixed_base<30, 8, true, (ap_q_mode)5, (ap_o_mode)3, 0>::RType<32, 5, true>::plus ap_fixed_base<30, 8, true, (ap_q_mode)5, (ap_o_mode)3, 0>::operator+<32, 5, true, (ap_q_mode)5, (ap_o_mode)3, 0>(ap_fixed_base<32, 5, true, (ap_q_mode)5, (ap_o_mode)3, 0> const&) const' into 'ap_fixed_base<30, 8, true, (ap_q_mode)5, (ap_o_mode)3, 0>& ap_fixed_base<30, 8, true, (ap_q_mode)5, (ap_o_mode)3, 0>::operator+=<32, 5, true, (ap_q_mode)5, (ap_o_mode)3, 0>(ap_fixed_base<32, 5, true, (ap_q_mode)5, (ap_o_mode)3, 0> const&)' (D:/Vitis/2020.1/common/technology/autopilot\ap_fixed_base.h:1212:248)
INFO: [HLS 214-131] Inlining function 'ap_fixed_base<30, 8, true, (ap_q_mode)5, (ap_o_mode)3, 0>& ap_fixed_base<30, 8, true, (ap_q_mode)5, (ap_o_mode)3, 0>::operator=<36, 9, true, (ap_q_mode)5, (ap_o_mode)3, 0>(ap_fixed_base<36, 9, true, (ap_q_mode)5, (ap_o_mode)3, 0> const&)' into 'ap_fixed_base<30, 8, true, (ap_q_mode)5, (ap_o_mode)3, 0>& ap_fixed_base<30, 8, true, (ap_q_mode)5, (ap_o_mode)3, 0>::operator+=<32, 5, true, (ap_q_mode)5, (ap_o_mode)3, 0>(ap_fixed_base<32, 5, true, (ap_q_mode)5, (ap_o_mode)3, 0> const&)' (D:/Vitis/2020.1/common/technology/autopilot\ap_fixed_base.h:1212:246)
INFO: [HLS 214-131] Inlining function 'doubleToRawBits(double)' into 'ap_fixed_base<30, 8, true, (ap_q_mode)5, (ap_o_mode)3, 0>::ap_fixed_base(double)' (D:/Vitis/2020.1/common/technology/autopilot\ap_fixed_base.h:556:14)
INFO: [HLS 214-131] Inlining function 'ap_int_base<54, true>& ap_int_base<54, true>::operator=<55, true>(ap_int_base<55, true> const&)' into 'ap_fixed_base<30, 8, true, (ap_q_mode)5, (ap_o_mode)3, 0>::ap_fixed_base(double)' (D:/Vitis/2020.1/common/technology/autopilot\ap_fixed_base.h:570:20)
INFO: [HLS 214-131] Inlining function 'ap_int_base<54, true>::operator-() const' into 'ap_fixed_base<30, 8, true, (ap_q_mode)5, (ap_o_mode)3, 0>::ap_fixed_base(double)' (D:/Vitis/2020.1/common/technology/autopilot\ap_fixed_base.h:570:22)
INFO: [HLS 214-131] Inlining function 'ap_int_base<12, true>& ap_int_base<12, true>::operator=<65, true>(ap_int_base<65, true> const&)' into 'ap_fixed_base<30, 8, true, (ap_q_mode)5, (ap_o_mode)3, 0>::ap_fixed_base(double)' (D:/Vitis/2020.1/common/technology/autopilot\ap_fixed_base.h:563:9)
INFO: [HLS 214-131] Inlining function 'ap_int_base<11, false>::RType<($_0)64, true>::minus operator-<11, false>(ap_int_base<11, false> const&, long)' into 'ap_fixed_base<30, 8, true, (ap_q_mode)5, (ap_o_mode)3, 0>::ap_fixed_base(double)' (D:/Vitis/2020.1/common/technology/autopilot\ap_fixed_base.h:563:19)
INFO: [HLS 214-131] Inlining function 'ap_fixed_base<30, 8, true, (ap_q_mode)5, (ap_o_mode)3, 0>::ap_fixed_base(float)' into 'ap_fixed<30, 8, (ap_q_mode)5, (ap_o_mode)3, 0>::ap_fixed(float)' (D:/Vitis/2020.1/common/technology/autopilot\ap_fixed.h:190:61)
INFO: [HLS 214-131] Inlining function 'ap_int_base<32, false>::ap_int_base(unsigned long)' into 'ap_int_base<30, false>::countLeadingZeros()' (D:/Vitis/2020.1/common/technology/autopilot\ap_int_base.h:1051:30)
INFO: [HLS 214-131] Inlining function 'ap_int_base<30, false>::countLeadingZeros()' into 'ap_fixed_base<30, 8, true, (ap_q_mode)5, (ap_o_mode)3, 0>::to_float() const' (D:/Vitis/2020.1/common/technology/autopilot\ap_fixed_base.h:942:17)
INFO: [HLS 214-131] Inlining function 'rawBitsToFloat(unsigned long)' into 'ap_fixed_base<30, 8, true, (ap_q_mode)5, (ap_o_mode)3, 0>::to_float() const' (D:/Vitis/2020.1/common/technology/autopilot\ap_fixed_base.h:971:12)
INFO: [HLS 214-131] Inlining function 'ap_fixed_base<30, 8, true, (ap_q_mode)5, (ap_o_mode)3, 0>::to_float() const' into 'ap_fixed_base<30, 8, true, (ap_q_mode)5, (ap_o_mode)3, 0>::operator float() const' (D:/Vitis/2020.1/common/technology/autopilot\ap_fixed_base.h:1026:73)
INFO: [HLS 214-131] Inlining function 'ap_fixed<30, 8, (ap_q_mode)5, (ap_o_mode)3, 0>::ap_fixed(int)' into 'correlator(float*, float*)' (correlator.cpp:22:19)
INFO: [HLS 214-131] Inlining function 'ap_fixed<30, 8, (ap_q_mode)5, (ap_o_mode)3, 0>::operator=(ap_fixed<30, 8, (ap_q_mode)5, (ap_o_mode)3, 0> const&)' into 'correlator(float*, float*)' (correlator.cpp:64:27)
INFO: [HLS 214-131] Inlining function 'ap_fixed_base<30, 8, true, (ap_q_mode)5, (ap_o_mode)3, 0>::operator float() const' into 'correlator(float*, float*)' (correlator.cpp:63:33)
INFO: [HLS 214-131] Inlining function 'bool ap_fixed_base<30, 8, true, (ap_q_mode)5, (ap_o_mode)3, 0>::operator><30, 8, true, (ap_q_mode)5, (ap_o_mode)3, 0>(ap_fixed_base<30, 8, true, (ap_q_mode)5, (ap_o_mode)3, 0> const&) const' into 'correlator(float*, float*)' (correlator.cpp:62:12)
INFO: [HLS 214-131] Inlining function 'ap_fixed<30, 8, (ap_q_mode)5, (ap_o_mode)3, 0>::ap_fixed(float)' into 'correlator(float*, float*)' (correlator.cpp:62:14)
INFO: [HLS 214-131] Inlining function 'ap_fixed<30, 8, (ap_q_mode)5, (ap_o_mode)3, 0>::ap_fixed(int)' into 'correlator(float*, float*)' (correlator.cpp:24:34)
INFO: [HLS 214-131] Inlining function 'ap_fixed_base<30, 8, true, (ap_q_mode)5, (ap_o_mode)3, 0>& ap_fixed_base<30, 8, true, (ap_q_mode)5, (ap_o_mode)3, 0>::operator+=<32, 5, true, (ap_q_mode)5, (ap_o_mode)3, 0>(ap_fixed_base<32, 5, true, (ap_q_mode)5, (ap_o_mode)3, 0> const&)' into 'correlator(float*, float*)' (correlator.cpp:52:12)
INFO: [HLS 214-131] Inlining function 'ap_fixed_base<30, 3, true, (ap_q_mode)5, (ap_o_mode)3, 0>::RType<2, 2, true>::mult operator*<30, 3, true, (ap_q_mode)5, (ap_o_mode)3, 0, 2, true>(ap_fixed_base<30, 3, true, (ap_q_mode)5, (ap_o_mode)3, 0> const&, ap_int_base<2, true> const&)' into 'correlator(float*, float*)' (correlator.cpp:52:34)
INFO: [HLS 214-131] Inlining function 'ap_fixed<30, 8, (ap_q_mode)5, (ap_o_mode)3, 0>::operator=(ap_fixed<30, 8, (ap_q_mode)5, (ap_o_mode)3, 0> const&)' into 'correlator(float*, float*)' (correlator.cpp:43:11)
INFO: [HLS 214-131] Inlining function 'ap_fixed<30, 8, (ap_q_mode)5, (ap_o_mode)3, 0>::ap_fixed(int)' into 'correlator(float*, float*)' (correlator.cpp:43:13)
INFO: [HLS 214-131] Inlining function 'ap_fixed<30, 3, (ap_q_mode)5, (ap_o_mode)3, 0>::operator=(ap_fixed<30, 3, (ap_q_mode)5, (ap_o_mode)3, 0> const&)' into 'correlator(float*, float*)' (correlator.cpp:39:17)
INFO: [HLS 214-131] Inlining function 'ap_fixed<30, 3, (ap_q_mode)5, (ap_o_mode)3, 0>::ap_fixed(float)' into 'correlator(float*, float*)' (correlator.cpp:39:19)
INFO: [HLS 214-131] Inlining function 'ap_fixed<30, 3, (ap_q_mode)5, (ap_o_mode)3, 0>::ap_fixed(int)' into 'correlator(float*, float*)' (correlator.cpp:27:28)
INFO: [HLS 214-131] Inlining function 'ap_fixed<30, 3, (ap_q_mode)5, (ap_o_mode)3, 0>::operator=(ap_fixed<30, 3, (ap_q_mode)5, (ap_o_mode)3, 0> const&)' into 'correlator(float*, float*)' (correlator.cpp:37:16)
INFO: [HLS 214-186] Unrolling loop 'SHIFT_ACCUM_LOOP' (correlator.cpp:34:3) in function 'correlator' completely with a factor of 30 (correlator.cpp:34:3)
INFO: [HLS 200-111] Finished Linking Time (s): cpu = 00:00:05 ; elapsed = 00:00:24 . Memory (MB): peak = 997.918 ; gain = 900.211
INFO: [HLS 200-111] Finished Checking Pragmas Time (s): cpu = 00:00:05 ; elapsed = 00:00:24 . Memory (MB): peak = 997.918 ; gain = 900.211
INFO: [HLS 200-10] Starting code transformations ...
INFO: [HLS 200-111] Finished Standard Transforms Time (s): cpu = 00:00:05 ; elapsed = 00:00:24 . Memory (MB): peak = 997.918 ; gain = 900.211
INFO: [HLS 200-10] Checking synthesizability ...
WARNING: [SYNCHK 200-23] D:/Vitis/2020.1/common/technology/autopilot\ap_fixed_base.h:947: variable-indexed range selection may cause suboptimal QoR.
INFO: [SYNCHK 200-10] 0 error(s), 1 warning(s).
INFO: [HLS 200-111] Finished Checking Synthesizability Time (s): cpu = 00:00:06 ; elapsed = 00:00:25 . Memory (MB): peak = 997.918 ; gain = 900.211
INFO: [XFORM 203-510] Pipelining loop 'Initialization_loop' in function 'correlator' automatically.
INFO: [XFORM 203-510] Pipelining loop 'Find_max_loop' (correlator.cpp:59) in function 'correlator' automatically.
INFO: [XFORM 203-502] Unrolling all sub-loops inside loop 'Outer_Loop' (correlator.cpp:47) in function 'correlator' for pipelining.
INFO: [HLS 200-489] Unrolling loop 'Inner_Loop' (correlator.cpp:50) in function 'correlator' completely with a factor of 33.
INFO: [XFORM 203-501] Unrolling loop 'Find_max_loop' (correlator.cpp:59) in function 'correlator' partially with a factor of 8.
INFO: [XFORM 203-102] Partitioning array 'codebook.V' in dimension 1 automatically.
INFO: [XFORM 203-401] Performing if-conversion on hyperblock to (correlator.cpp:65:4) in function 'correlator'... converting 10 basic blocks.
INFO: [XFORM 203-401] Performing if-conversion on hyperblock from (correlator.cpp:62:22) to (correlator.cpp:62:5) in function 'correlator'... converting 10 basic blocks.
INFO: [XFORM 203-401] Performing if-conversion on hyperblock to (correlator.cpp:65:4) in function 'correlator'... converting 10 basic blocks.
INFO: [XFORM 203-401] Performing if-conversion on hyperblock from (correlator.cpp:59:36) to (correlator.cpp:62:5) in function 'correlator'... converting 10 basic blocks.
INFO: [XFORM 203-401] Performing if-conversion on hyperblock to (correlator.cpp:65:4) in function 'correlator'... converting 10 basic blocks.
INFO: [XFORM 203-401] Performing if-conversion on hyperblock from (correlator.cpp:59:36) to (correlator.cpp:62:5) in function 'correlator'... converting 10 basic blocks.
INFO: [XFORM 203-401] Performing if-conversion on hyperblock to (correlator.cpp:65:4) in function 'correlator'... converting 10 basic blocks.
INFO: [XFORM 203-401] Performing if-conversion on hyperblock from (correlator.cpp:59:36) to (correlator.cpp:62:5) in function 'correlator'... converting 10 basic blocks.
INFO: [XFORM 203-401] Performing if-conversion on hyperblock to (correlator.cpp:65:4) in function 'correlator'... converting 10 basic blocks.
INFO: [XFORM 203-401] Performing if-conversion on hyperblock from (correlator.cpp:59:36) to (correlator.cpp:62:5) in function 'correlator'... converting 10 basic blocks.
INFO: [XFORM 203-401] Performing if-conversion on hyperblock to (correlator.cpp:65:4) in function 'correlator'... converting 10 basic blocks.
INFO: [XFORM 203-401] Performing if-conversion on hyperblock from (correlator.cpp:59:36) to (correlator.cpp:62:5) in function 'correlator'... converting 10 basic blocks.
INFO: [XFORM 203-401] Performing if-conversion on hyperblock to (correlator.cpp:65:4) in function 'correlator'... converting 10 basic blocks.
INFO: [XFORM 203-401] Performing if-conversion on hyperblock from (correlator.cpp:59:36) to (correlator.cpp:62:5) in function 'correlator'... converting 10 basic blocks.
INFO: [XFORM 203-401] Performing if-conversion on hyperblock to (correlator.cpp:65:4) in function 'correlator'... converting 10 basic blocks.
INFO: [XFORM 203-401] Performing if-conversion on hyperblock from (correlator.cpp:31:19) to (correlator.cpp:42:3) in function 'correlator'... converting 9 basic blocks.
INFO: [HLS 200-111] Finished Pre-synthesis Time (s): cpu = 00:00:07 ; elapsed = 00:00:26 . Memory (MB): peak = 997.918 ; gain = 900.211
WARNING: [HLS 200-960] Cannot flatten loop 'MULTI_SAMPLE' (correlator.cpp:31:19) in function 'correlator' more than one sub loop.
Resolution: For help on HLS 200-960 see www.xilinx.com/html_docs/xilinx2020_1/hls-guidance/200-960.html
INFO: [HLS 200-472] Inferring partial write operation for 'acc.V' 
INFO: [HLS 200-472] Inferring partial write operation for 'temp_input.V' 
INFO: [HLS 200-472] Inferring partial write operation for 'temp_input.V' 
INFO: [HLS 200-472] Inferring partial write operation for 'acc.V' 
INFO: [HLS 200-472] Inferring partial write operation for 'acc.V' 
INFO: [HLS 200-111] Finished Architecture Synthesis Time (s): cpu = 00:00:08 ; elapsed = 00:00:27 . Memory (MB): peak = 997.918 ; gain = 900.211
INFO: [HLS 200-10] Starting hardware synthesis ...
INFO: [HLS 200-10] Synthesizing 'correlator' ...
INFO: [HLS 200-10] ----------------------------------------------------------------
INFO: [HLS 200-42] -- Implementing module 'correlator' 
INFO: [HLS 200-10] ----------------------------------------------------------------
INFO: [SCHED 204-11] Starting scheduling ...
INFO: [SCHED 204-61] Pipelining loop 'Initialization_loop'.
INFO: [HLS 200-1470] Pipelining result : Target II = 1, Final II = 1, Depth = 1.
INFO: [SCHED 204-61] Pipelining loop 'Outer_Loop'.
WARNING: [HLS 200-880] The II Violation in module 'correlator' (Loop: Outer_Loop): Unable to enforce a carried dependence constraint (II = 1, distance = 1, offset = 1) between 'store' operation ('acc_V_addr_write_ln708') of variable 'trunc_ln4' on array 'acc.V', correlator.cpp:22 and 'load' operation ('acc_V_load') on array 'acc.V', correlator.cpp:22.
Resolution: For help on HLS 200-880 see www.xilinx.com/html_docs/xilinx2020_1/hls-guidance/200-880.html
WARNING: [HLS 200-880] The II Violation in module 'correlator' (Loop: Outer_Loop): Unable to enforce a carried dependence constraint (II = 2, distance = 1, offset = 1) between 'store' operation ('acc_V_addr_write_ln708') of variable 'trunc_ln4' on array 'acc.V', correlator.cpp:22 and 'load' operation ('acc_V_load') on array 'acc.V', correlator.cpp:22.
Resolution: For help on HLS 200-880 see www.xilinx.com/html_docs/xilinx2020_1/hls-guidance/200-880.html
WARNING: [HLS 200-885] Unable to schedule 'load' operation ('acc_V_load_6') on array 'acc.V', correlator.cpp:22 due to limited memory ports. Please consider using a memory core with more ports or partitioning the array 'acc_V'.
Resolution: For help on HLS 200-885 see www.xilinx.com/html_docs/xilinx2020_1/hls-guidance/200-885.html
INFO: [HLS 200-1470] Pipelining result : Target II = 1, Final II = 33, Depth = 33.
INFO: [SCHED 204-61] Pipelining loop 'Find_max_loop'.
WARNING: [HLS 200-880] The II Violation in module 'correlator' (Loop: Find_max_loop): Unable to enforce a carried dependence constraint (II = 1, distance = 1, offset = 1) between wire write on port 'output_signal' (correlator.cpp:63) and wire read on port 'output_signal' (correlator.cpp:62).
Resolution: For help on HLS 200-880 see www.xilinx.com/html_docs/xilinx2020_1/hls-guidance/200-880.html
WARNING: [HLS 200-880] The II Violation in module 'correlator' (Loop: Find_max_loop): Unable to enforce a carried dependence constraint (II = 2, distance = 1, offset = 1) between wire write on port 'output_signal' (correlator.cpp:63) and wire read on port 'output_signal' (correlator.cpp:62).
Resolution: For help on HLS 200-880 see www.xilinx.com/html_docs/xilinx2020_1/hls-guidance/200-880.html
WARNING: [HLS 200-880] The II Violation in module 'correlator' (Loop: Find_max_loop): Unable to enforce a carried dependence constraint (II = 3, distance = 1, offset = 1) between wire write on port 'output_signal' (correlator.cpp:63) and wire read on port 'output_signal' (correlator.cpp:62).
Resolution: For help on HLS 200-880 see www.xilinx.com/html_docs/xilinx2020_1/hls-guidance/200-880.html
WARNING: [HLS 200-880] The II Violation in module 'correlator' (Loop: Find_max_loop): Unable to enforce a carried dependence constraint (II = 4, distance = 1, offset = 1) between wire write on port 'output_signal' (correlator.cpp:63) and wire read on port 'output_signal' (correlator.cpp:62).
Resolution: For help on HLS 200-880 see www.xilinx.com/html_docs/xilinx2020_1/hls-guidance/200-880.html
WARNING: [HLS 200-880] The II Violation in module 'correlator' (Loop: Find_max_loop): Unable to enforce a carried dependence constraint (II = 67, distance = 1, offset = 1) between wire write on port 'output_signal' (correlator.cpp:63) and wire read on port 'output_signal' (correlator.cpp:62).
Resolution: For help on HLS 200-880 see www.xilinx.com/html_docs/xilinx2020_1/hls-guidance/200-880.html
WARNING: [HLS 200-880] The II Violation in module 'correlator' (Loop: Find_max_loop): Unable to enforce a carried dependence constraint (II = 70, distance = 1, offset = 1) between wire write on port 'output_signal' (correlator.cpp:63) and wire read on port 'output_signal' (correlator.cpp:62).
Resolution: For help on HLS 200-880 see www.xilinx.com/html_docs/xilinx2020_1/hls-guidance/200-880.html
WARNING: [HLS 200-880] The II Violation in module 'correlator' (Loop: Find_max_loop): Unable to enforce a carried dependence constraint (II = 71, distance = 1, offset = 1) between wire write on port 'output_signal' (correlator.cpp:63) and wire read on port 'output_signal' (correlator.cpp:62).
Resolution: For help on HLS 200-880 see www.xilinx.com/html_docs/xilinx2020_1/hls-guidance/200-880.html
INFO: [HLS 200-1470] Pipelining result : Target II = 1, Final II = 72, Depth = 72.
WARNING: [HLS 200-871] Estimated clock period (7.8115ns) exceeds the target (target clock period: 10ns, clock uncertainty: 2.7ns, effective delay budget: 7.3ns).
Resolution: For help on HLS 200-871 see www.xilinx.com/html_docs/xilinx2020_1/hls-guidance/200-871.html
WARNING: [HLS 200-1016] The critical path in module 'correlator' consists of the following:	'shl' operation ('shl_ln604_2') [826]  (0 ns)
	'select' operation ('select_ln571_1') [837]  (0 ns)
	'select' operation ('select_ln571_4') [841]  (4.37 ns)
	'select' operation ('select_ln571_5') [843]  (0 ns)
	'icmp' operation ('icmp_ln1494_1') [846]  (2.47 ns)
	blocking operation 0.978 ns on control path)

Resolution: For help on HLS 200-1016 see www.xilinx.com/html_docs/xilinx2020_1/hls-guidance/200-1016.html
INFO: [SCHED 204-11] Finished scheduling.
INFO: [HLS 200-111]  Elapsed time: 29.534 seconds; current allocated memory: 229.783 MB.
INFO: [BIND 205-100] Starting micro-architecture generation ...
INFO: [BIND 205-101] Performing variable lifetime analysis.
INFO: [BIND 205-101] Exploring resource sharing.
INFO: [BIND 205-101] Binding ...
INFO: [BIND 205-100] Finished micro-architecture generation.
INFO: [HLS 200-111]  Elapsed time: 1.219 seconds; current allocated memory: 235.030 MB.
INFO: [HLS 200-10] ----------------------------------------------------------------
INFO: [HLS 200-10] -- Generating RTL for module 'correlator' 
INFO: [HLS 200-10] ----------------------------------------------------------------
INFO: [RTGEN 206-500] Setting interface mode on port 'correlator/output_signal' to 'ap_ovld'.
INFO: [RTGEN 206-500] Setting interface mode on port 'correlator/input_signal' to 'ap_none'.
INFO: [RTGEN 206-500] Setting interface mode on function 'correlator' to 'ap_ctrl_hs'.
INFO: [RTGEN 206-100] Generating core module 'fpext_32ns_64_2_no_dsp_1': 1 instance(s).
INFO: [RTGEN 206-100] Generating core module 'mul_2s_30s_32_2_1': 33 instance(s).
INFO: [RTGEN 206-100] Finished creating RTL model for 'correlator'.
INFO: [HLS 200-111]  Elapsed time: 1.759 seconds; current allocated memory: 244.285 MB.
INFO: [RTMG 210-282] Generating pipelined core: 'correlator_mul_2s_30s_32_2_1_Multiplier_0'
INFO: [RTMG 210-279] Implementing memory 'correlator_codebook_V_0_rom' using distributed ROMs.
INFO: [RTMG 210-279] Implementing memory 'correlator_codebook_V_1_rom' using distributed ROMs.
INFO: [RTMG 210-279] Implementing memory 'correlator_codebook_V_2_rom' using distributed ROMs.
INFO: [RTMG 210-279] Implementing memory 'correlator_codebook_V_3_rom' using distributed ROMs.
INFO: [RTMG 210-279] Implementing memory 'correlator_codebook_V_4_rom' using distributed ROMs.
INFO: [RTMG 210-279] Implementing memory 'correlator_codebook_V_5_rom' using distributed ROMs.
INFO: [RTMG 210-279] Implementing memory 'correlator_codebook_V_6_rom' using distributed ROMs.
INFO: [RTMG 210-279] Implementing memory 'correlator_codebook_V_7_rom' using distributed ROMs.
INFO: [RTMG 210-279] Implementing memory 'correlator_codebook_V_8_rom' using distributed ROMs.
INFO: [RTMG 210-279] Implementing memory 'correlator_codebook_V_9_rom' using distributed ROMs.
INFO: [RTMG 210-279] Implementing memory 'correlator_codebook_V_10_rom' using distributed ROMs.
INFO: [RTMG 210-279] Implementing memory 'correlator_codebook_V_11_rom' using distributed ROMs.
INFO: [RTMG 210-279] Implementing memory 'correlator_codebook_V_12_rom' using distributed ROMs.
INFO: [RTMG 210-279] Implementing memory 'correlator_codebook_V_13_rom' using distributed ROMs.
INFO: [RTMG 210-279] Implementing memory 'correlator_codebook_V_14_rom' using distributed ROMs.
INFO: [RTMG 210-279] Implementing memory 'correlator_codebook_V_15_rom' using distributed ROMs.
INFO: [RTMG 210-279] Implementing memory 'correlator_codebook_V_16_rom' using distributed ROMs.
INFO: [RTMG 210-279] Implementing memory 'correlator_codebook_V_17_rom' using distributed ROMs.
INFO: [RTMG 210-279] Implementing memory 'correlator_codebook_V_18_rom' using distributed ROMs.
INFO: [RTMG 210-279] Implementing memory 'correlator_codebook_V_19_rom' using distributed ROMs.
INFO: [RTMG 210-279] Implementing memory 'correlator_codebook_V_20_rom' using distributed ROMs.
INFO: [RTMG 210-279] Implementing memory 'correlator_codebook_V_21_rom' using distributed ROMs.
INFO: [RTMG 210-279] Implementing memory 'correlator_codebook_V_22_rom' using distributed ROMs.
INFO: [RTMG 210-279] Implementing memory 'correlator_codebook_V_23_rom' using distributed ROMs.
INFO: [RTMG 210-279] Implementing memory 'correlator_codebook_V_24_rom' using distributed ROMs.
INFO: [RTMG 210-279] Implementing memory 'correlator_codebook_V_25_rom' using distributed ROMs.
INFO: [RTMG 210-279] Implementing memory 'correlator_codebook_V_26_rom' using distributed ROMs.
INFO: [RTMG 210-279] Implementing memory 'correlator_codebook_V_27_rom' using distributed ROMs.
INFO: [RTMG 210-279] Implementing memory 'correlator_codebook_V_28_rom' using distributed ROMs.
INFO: [RTMG 210-279] Implementing memory 'correlator_codebook_V_29_rom' using distributed ROMs.
INFO: [RTMG 210-279] Implementing memory 'correlator_codebook_V_30_rom' using distributed ROMs.
INFO: [RTMG 210-279] Implementing memory 'correlator_codebook_V_31_rom' using distributed ROMs.
INFO: [RTMG 210-279] Implementing memory 'correlator_codebook_V_32_rom' using distributed ROMs.
INFO: [RTMG 210-278] Implementing memory 'correlator_acc_V_ram (RAM)' using block RAMs.
INFO: [RTMG 210-278] Implementing memory 'correlator_temp_input_V_ram (RAM)' using block RAMs.
INFO: [HLS 200-111] Finished generating all RTL models Time (s): cpu = 00:00:19 ; elapsed = 00:00:43 . Memory (MB): peak = 997.918 ; gain = 900.211
INFO: [VHDL 208-304] Generating VHDL RTL for correlator.
INFO: [VLOG 209-307] Generating Verilog RTL for correlator.
INFO: [HLS 200-790] **** Loop Constraint Status: All loop constraints were NOT satisfied.
INFO: [HLS 200-789] **** Estimated Fmax: 128.02 MHz
INFO: [HLS 200-112] Total elapsed time: 42.971 seconds; peak allocated memory: 244.285 MB.
