

================================================================
== Vitis HLS Report for 'correlator'
================================================================
* Date:           Wed Dec  1 09:39:05 2021

* Version:        2021.1 (Build 3247384 on Thu Jun 10 19:36:33 MDT 2021)
* Project:        hls
* Solution:       solution1 (Vivado IP Flow Target)
* Product family: zynq
* Target device:  xc7z020-clg400-1


================================================================
== Performance Estimates
================================================================
+ Timing: 
    * Summary: 
    +--------+----------+----------+------------+
    |  Clock |  Target  | Estimated| Uncertainty|
    +--------+----------+----------+------------+
    |ap_clk  |  10.00 ns|  9.448 ns|     2.70 ns|
    +--------+----------+----------+------------+

+ Latency: 
    * Summary: 
    +---------+---------+----------+----------+--------+--------+---------+
    |  Latency (cycles) |  Latency (absolute) |     Interval    | Pipeline|
    |   min   |   max   |    min   |    max   |   min  |   max  |   Type  |
    +---------+---------+----------+----------+--------+--------+---------+
    |   168499|   168499|  1.685 ms|  1.685 ms|  168500|  168500|       no|
    +---------+---------+----------+----------+--------+--------+---------+

    + Detail: 
        * Instance: 
        +-----------------------------------------------+------------------------------------+---------+---------+-----------+-----------+------+------+---------+
        |                                               |                                    |  Latency (cycles) |   Latency (absolute)  |   Interval  | Pipeline|
        |                    Instance                   |               Module               |   min   |   max   |    min    |    max    |  min |  max |   Type  |
        +-----------------------------------------------+------------------------------------+---------+---------+-----------+-----------+------+------+---------+
        |grp_correlator_Pipeline_1_fu_523               |correlator_Pipeline_1               |       33|       33|   0.330 us|   0.330 us|    33|    33|       no|
        |grp_correlator_Pipeline_ONE_CORRELATOR_fu_528  |correlator_Pipeline_ONE_CORRELATOR  |     5065|     5065|  50.650 us|  50.650 us|  5065|  5065|       no|
        +-----------------------------------------------+------------------------------------+---------+---------+-----------+-----------+------+------+---------+

        * Loop: 
        +-------------------+---------+---------+----------+-----------+-----------+------+----------+
        |                   |  Latency (cycles) | Iteration|  Initiation Interval  | Trip |          |
        |     Loop Name     |   min   |   max   |  Latency |  achieved |   target  | Count| Pipelined|
        +-------------------+---------+---------+----------+-----------+-----------+------+----------+
        |- CORRELATOR_BANK  |   168498|   168498|      5106|          -|          -|    33|        no|
        +-------------------+---------+---------+----------+-----------+-----------+------+----------+



================================================================
== Utilization Estimates
================================================================
* Summary: 
+-----------------+---------+-----+--------+-------+-----+
|       Name      | BRAM_18K| DSP |   FF   |  LUT  | URAM|
+-----------------+---------+-----+--------+-------+-----+
|DSP              |        -|    -|       -|      -|    -|
|Expression       |        -|    -|       0|     24|    -|
|FIFO             |        -|    -|       -|      -|    -|
|Instance         |        -|   10|    3538|   3165|    -|
|Memory           |       31|    -|      64|     16|    0|
|Multiplexer      |        -|    -|       -|    182|    -|
|Register         |        -|    -|    1079|      -|    -|
+-----------------+---------+-----+--------+-------+-----+
|Total            |       31|   10|    4681|   3387|    0|
+-----------------+---------+-----+--------+-------+-----+
|Available        |      280|  220|  106400|  53200|    0|
+-----------------+---------+-----+--------+-------+-----+
|Utilization (%)  |       11|    4|       4|      6|    0|
+-----------------+---------+-----+--------+-------+-----+

+ Detail: 
    * Instance: 
    +-----------------------------------------------+------------------------------------+---------+----+------+------+-----+
    |                    Instance                   |               Module               | BRAM_18K| DSP|  FF  |  LUT | URAM|
    +-----------------------------------------------+------------------------------------+---------+----+------+------+-----+
    |grp_correlator_Pipeline_1_fu_523               |correlator_Pipeline_1               |        0|   0|     7|    49|    0|
    |grp_correlator_Pipeline_ONE_CORRELATOR_fu_528  |correlator_Pipeline_ONE_CORRELATOR  |        0|   7|  3388|  2795|    0|
    |fmul_32ns_32ns_32_4_max_dsp_1_U44              |fmul_32ns_32ns_32_4_max_dsp_1       |        0|   3|   143|   321|    0|
    +-----------------------------------------------+------------------------------------+---------+----+------+------+-----+
    |Total                                          |                                    |        0|  10|  3538|  3165|    0|
    +-----------------------------------------------+------------------------------------+---------+----+------+------+-----+

    * DSP: 
    N/A

    * Memory: 
    +---------------+-------------+---------+----+----+-----+------+-----+------+-------------+
    |     Memory    |    Module   | BRAM_18K| FF | LUT| URAM| Words| Bits| Banks| W*Bits*Banks|
    +---------------+-------------+---------+----+----+-----+------+-----+------+-------------+
    |codebook_0_U   |codebook_0   |        1|   0|   0|    0|    33|   32|     1|         1056|
    |codebook_1_U   |codebook_1   |        1|   0|   0|    0|    33|   32|     1|         1056|
    |codebook_10_U  |codebook_10  |        1|   0|   0|    0|    33|   32|     1|         1056|
    |codebook_11_U  |codebook_11  |        1|   0|   0|    0|    33|   32|     1|         1056|
    |codebook_12_U  |codebook_12  |        1|   0|   0|    0|    33|   32|     1|         1056|
    |codebook_13_U  |codebook_13  |        1|   0|   0|    0|    33|   32|     1|         1056|
    |codebook_14_U  |codebook_14  |        1|   0|   0|    0|    33|   32|     1|         1056|
    |codebook_15_U  |codebook_15  |        1|   0|   0|    0|    33|   32|     1|         1056|
    |codebook_16_U  |codebook_16  |        1|   0|   0|    0|    33|   32|     1|         1056|
    |codebook_17_U  |codebook_17  |        1|   0|   0|    0|    33|   32|     1|         1056|
    |codebook_18_U  |codebook_18  |        1|   0|   0|    0|    33|   32|     1|         1056|
    |codebook_19_U  |codebook_19  |        1|   0|   0|    0|    33|   32|     1|         1056|
    |codebook_2_U   |codebook_2   |        1|   0|   0|    0|    33|   32|     1|         1056|
    |codebook_20_U  |codebook_20  |        1|   0|   0|    0|    33|   32|     1|         1056|
    |codebook_21_U  |codebook_21  |        1|   0|   0|    0|    33|   32|     1|         1056|
    |codebook_22_U  |codebook_22  |        1|   0|   0|    0|    33|   32|     1|         1056|
    |codebook_23_U  |codebook_23  |        1|   0|   0|    0|    33|   32|     1|         1056|
    |codebook_24_U  |codebook_24  |        1|   0|   0|    0|    33|   32|     1|         1056|
    |codebook_25_U  |codebook_25  |        1|   0|   0|    0|    33|   32|     1|         1056|
    |codebook_26_U  |codebook_26  |        1|   0|   0|    0|    33|   32|     1|         1056|
    |codebook_27_U  |codebook_27  |        1|   0|   0|    0|    33|   32|     1|         1056|
    |codebook_28_U  |codebook_28  |        1|   0|   0|    0|    33|   32|     1|         1056|
    |codebook_29_U  |codebook_29  |        1|   0|   0|    0|    33|   32|     1|         1056|
    |codebook_3_U   |codebook_3   |        1|   0|   0|    0|    33|   32|     1|         1056|
    |codebook_30_U  |codebook_30  |        1|   0|   0|    0|    33|   32|     1|         1056|
    |codebook_4_U   |codebook_4   |        1|   0|   0|    0|    33|   32|     1|         1056|
    |codebook_5_U   |codebook_5   |        1|   0|   0|    0|    33|   32|     1|         1056|
    |codebook_6_U   |codebook_6   |        1|   0|   0|    0|    33|   32|     1|         1056|
    |codebook_7_U   |codebook_7   |        1|   0|   0|    0|    33|   32|     1|         1056|
    |codebook_8_U   |codebook_8   |        1|   0|   0|    0|    33|   32|     1|         1056|
    |codebook_9_U   |codebook_9   |        1|   0|   0|    0|    33|   32|     1|         1056|
    |temp_input_U   |temp_input   |        0|  64|  16|    0|    31|   32|     1|          992|
    +---------------+-------------+---------+----+----+-----+------+-----+------+-------------+
    |Total          |             |       31|  64|  16|    0|  1054| 1024|    32|        33728|
    +---------------+-------------+---------+----+----+-----+------+-----+------+-------------+

    * FIFO: 
    N/A

    * Expression: 
    +---------------------+----------+----+---+----+------------+------------+
    |    Variable Name    | Operation| DSP| FF| LUT| Bitwidth P0| Bitwidth P1|
    +---------------------+----------+----+---+----+------------+------------+
    |add_ln26_fu_589_p2   |         +|   0|  0|  14|           6|           1|
    |icmp_ln26_fu_583_p2  |      icmp|   0|  0|  10|           6|           6|
    +---------------------+----------+----+---+----+------------+------------+
    |Total                |          |   0|  0|  24|          12|           7|
    +---------------------+----------+----+---+----+------------+------------+

    * Multiplexer: 
    +---------------------+----+-----------+-----+-----------+
    |         Name        | LUT| Input Size| Bits| Total Bits|
    +---------------------+----+-----------+-----+-----------+
    |ap_NS_fsm            |  53|         10|    1|         10|
    |grp_fu_567_ce        |   9|          2|    1|          2|
    |grp_fu_567_p0        |  14|          3|   32|         96|
    |grp_fu_567_p1        |  14|          3|   32|         96|
    |i_fu_106             |   9|          2|    6|         12|
    |output_signal_o      |   9|          2|   32|         64|
    |temp_input_address0  |  14|          3|    5|         15|
    |temp_input_ce0       |  14|          3|    1|          3|
    |temp_input_ce1       |   9|          2|    1|          2|
    |temp_input_d0        |  14|          3|   32|         96|
    |temp_input_we0       |  14|          3|    1|          3|
    |temp_input_we1       |   9|          2|    1|          2|
    +---------------------+----+-----------+-----+-----------+
    |Total                | 182|         38|  145|        401|
    +---------------------+----+-----------+-----+-----------+

    * Register: 
    +------------------------------------------------------------+----+----+-----+-----------+
    |                            Name                            | FF | LUT| Bits| Const Bits|
    +------------------------------------------------------------+----+----+-----+-----------+
    |ap_CS_fsm                                                   |   9|   0|    9|          0|
    |bitcast_ln37_reg_612                                        |  32|   0|   32|          0|
    |codebook_0_load_reg_815                                     |  32|   0|   32|          0|
    |codebook_10_load_reg_865                                    |  32|   0|   32|          0|
    |codebook_11_load_reg_870                                    |  32|   0|   32|          0|
    |codebook_12_load_reg_875                                    |  32|   0|   32|          0|
    |codebook_13_load_reg_880                                    |  32|   0|   32|          0|
    |codebook_14_load_reg_885                                    |  32|   0|   32|          0|
    |codebook_15_load_reg_890                                    |  32|   0|   32|          0|
    |codebook_16_load_reg_895                                    |  32|   0|   32|          0|
    |codebook_17_load_reg_900                                    |  32|   0|   32|          0|
    |codebook_18_load_reg_905                                    |  32|   0|   32|          0|
    |codebook_19_load_reg_910                                    |  32|   0|   32|          0|
    |codebook_1_load_reg_820                                     |  32|   0|   32|          0|
    |codebook_20_load_reg_915                                    |  32|   0|   32|          0|
    |codebook_21_load_reg_920                                    |  32|   0|   32|          0|
    |codebook_22_load_reg_925                                    |  32|   0|   32|          0|
    |codebook_23_load_reg_930                                    |  32|   0|   32|          0|
    |codebook_24_load_reg_935                                    |  32|   0|   32|          0|
    |codebook_25_load_reg_940                                    |  32|   0|   32|          0|
    |codebook_26_load_reg_945                                    |  32|   0|   32|          0|
    |codebook_27_load_reg_950                                    |  32|   0|   32|          0|
    |codebook_28_load_reg_955                                    |  32|   0|   32|          0|
    |codebook_29_load_reg_960                                    |  32|   0|   32|          0|
    |codebook_2_load_reg_825                                     |  32|   0|   32|          0|
    |codebook_30_load_reg_660                                    |  32|   0|   32|          0|
    |codebook_3_load_reg_830                                     |  32|   0|   32|          0|
    |codebook_4_load_reg_835                                     |  32|   0|   32|          0|
    |codebook_5_load_reg_840                                     |  32|   0|   32|          0|
    |codebook_6_load_reg_845                                     |  32|   0|   32|          0|
    |codebook_7_load_reg_850                                     |  32|   0|   32|          0|
    |codebook_8_load_reg_855                                     |  32|   0|   32|          0|
    |codebook_9_load_reg_860                                     |  32|   0|   32|          0|
    |grp_correlator_Pipeline_1_fu_523_ap_start_reg               |   1|   0|    1|          0|
    |grp_correlator_Pipeline_ONE_CORRELATOR_fu_528_ap_start_reg  |   1|   0|    1|          0|
    |i_fu_106                                                    |   6|   0|    6|          0|
    |mul_s_reg_965                                               |  32|   0|   32|          0|
    |zext_ln26_reg_621                                           |   6|   0|   64|         58|
    +------------------------------------------------------------+----+----+-----+-----------+
    |Total                                                       |1079|   0| 1137|         58|
    +------------------------------------------------------------+----+----+-----+-----------+



================================================================
== Interface
================================================================
* Summary: 
+------------------------+-----+-----+------------+---------------+--------------+
|        RTL Ports       | Dir | Bits|  Protocol  | Source Object |    C Type    |
+------------------------+-----+-----+------------+---------------+--------------+
|ap_clk                  |   in|    1|  ap_ctrl_hs|     correlator|  return value|
|ap_rst                  |   in|    1|  ap_ctrl_hs|     correlator|  return value|
|ap_start                |   in|    1|  ap_ctrl_hs|     correlator|  return value|
|ap_done                 |  out|    1|  ap_ctrl_hs|     correlator|  return value|
|ap_idle                 |  out|    1|  ap_ctrl_hs|     correlator|  return value|
|ap_ready                |  out|    1|  ap_ctrl_hs|     correlator|  return value|
|output_signal_i         |   in|   32|     ap_ovld|  output_signal|       pointer|
|output_signal_o         |  out|   32|     ap_ovld|  output_signal|       pointer|
|output_signal_o_ap_vld  |  out|    1|     ap_ovld|  output_signal|       pointer|
|input_signal            |   in|   32|     ap_none|   input_signal|       pointer|
+------------------------+-----+-----+------------+---------------+--------------+

