

================================================================
== Vitis HLS Report for 'correlator_Pipeline_ONE_CORRELATOR'
================================================================
* Date:           Wed Dec  1 09:39:04 2021

* Version:        2021.1 (Build 3247384 on Thu Jun 10 19:36:33 MDT 2021)
* Project:        hls
* Solution:       solution1 (Vivado IP Flow Target)
* Product family: zynq
* Target device:  xc7z020-clg400-1


================================================================
== Performance Estimates
================================================================
+ Timing: 
    * Summary: 
    +--------+----------+----------+------------+
    |  Clock |  Target  | Estimated| Uncertainty|
    +--------+----------+----------+------------+
    |ap_clk  |  10.00 ns|  9.448 ns|     2.70 ns|
    +--------+----------+----------+------------+

+ Latency: 
    * Summary: 
    +---------+---------+-----------+-----------+------+------+---------+
    |  Latency (cycles) |   Latency (absolute)  |   Interval  | Pipeline|
    |   min   |   max   |    min    |    max    |  min |  max |   Type  |
    +---------+---------+-----------+-----------+------+------+---------+
    |     5065|     5065|  50.650 us|  50.650 us|  5065|  5065|       no|
    +---------+---------+-----------+-----------+------+------+---------+

    + Detail: 
        * Instance: 
        N/A

        * Loop: 
        +------------------+---------+---------+----------+-----------+-----------+------+----------+
        |                  |  Latency (cycles) | Iteration|  Initiation Interval  | Trip |          |
        |     Loop Name    |   min   |   max   |  Latency |  achieved |   target  | Count| Pipelined|
        +------------------+---------+---------+----------+-----------+-----------+------+----------+
        |- ONE_CORRELATOR  |     5063|     5063|       163|         29|          1|   170|       yes|
        +------------------+---------+---------+----------+-----------+-----------+------+----------+



================================================================
== Utilization Estimates
================================================================
* Summary: 
+-----------------+---------+-----+--------+-------+-----+
|       Name      | BRAM_18K| DSP |   FF   |  LUT  | URAM|
+-----------------+---------+-----+--------+-------+-----+
|DSP              |        -|    -|       -|      -|    -|
|Expression       |        -|    -|       0|     94|    -|
|FIFO             |        -|    -|       -|      -|    -|
|Instance         |        -|    7|     553|   1101|    -|
|Memory           |        -|    -|       -|      -|    -|
|Multiplexer      |        -|    -|       -|   1024|    -|
|Register         |        -|    -|    2835|    576|    -|
+-----------------+---------+-----+--------+-------+-----+
|Total            |        0|    7|    3388|   2795|    0|
+-----------------+---------+-----+--------+-------+-----+
|Available        |      280|  220|  106400|  53200|    0|
+-----------------+---------+-----+--------+-------+-----+
|Utilization (%)  |        0|    3|       3|      5|    0|
+-----------------+---------+-----+--------+-------+-----+

+ Detail: 
    * Instance: 
    +-----------------------------------+--------------------------------+---------+----+-----+-----+-----+
    |              Instance             |             Module             | BRAM_18K| DSP|  FF | LUT | URAM|
    +-----------------------------------+--------------------------------+---------+----+-----+-----+-----+
    |fadd_32ns_32ns_32_5_full_dsp_1_U2  |fadd_32ns_32ns_32_5_full_dsp_1  |        0|   2|  205|  390|    0|
    |fadd_32ns_32ns_32_5_full_dsp_1_U3  |fadd_32ns_32ns_32_5_full_dsp_1  |        0|   2|  205|  390|    0|
    |fcmp_32ns_32ns_1_2_no_dsp_1_U6     |fcmp_32ns_32ns_1_2_no_dsp_1     |        0|   0|    0|    0|    0|
    |fmul_32ns_32ns_32_4_max_dsp_1_U5   |fmul_32ns_32ns_32_4_max_dsp_1   |        0|   3|  143|  321|    0|
    +-----------------------------------+--------------------------------+---------+----+-----+-----+-----+
    |Total                              |                                |        0|   7|  553| 1101|    0|
    +-----------------------------------+--------------------------------+---------+----+-----+-----+-----+

    * DSP: 
    N/A

    * Memory: 
    N/A

    * FIFO: 
    N/A

    * Expression: 
    +-----------------------+----------+----+---+----+------------+------------+
    |     Variable Name     | Operation| DSP| FF| LUT| Bitwidth P0| Bitwidth P1|
    +-----------------------+----------+----+---+----+------------+------------+
    |add_ln30_fu_781_p2     |         +|   0|  0|  15|           8|           1|
    |and_ln48_1_fu_870_p2   |       and|   0|  0|   2|           1|           1|
    |and_ln48_fu_864_p2     |       and|   0|  0|   2|           1|           1|
    |ap_condition_1673      |       and|   0|  0|   2|           1|           1|
    |ap_condition_1677      |       and|   0|  0|   2|           1|           1|
    |ap_condition_1683      |       and|   0|  0|   2|           1|           1|
    |icmp_ln30_fu_775_p2    |      icmp|   0|  0|  11|           8|           8|
    |icmp_ln48_1_fu_848_p2  |      icmp|   0|  0|  15|          23|           1|
    |icmp_ln48_2_fu_811_p2  |      icmp|   0|  0|  11|           8|           2|
    |icmp_ln48_3_fu_817_p2  |      icmp|   0|  0|  15|          23|           1|
    |icmp_ln48_fu_842_p2    |      icmp|   0|  0|  11|           8|           2|
    |or_ln48_1_fu_860_p2    |        or|   0|  0|   2|           1|           1|
    |or_ln48_fu_854_p2      |        or|   0|  0|   2|           1|           1|
    |ap_enable_pp0          |       xor|   0|  0|   2|           1|           2|
    +-----------------------+----------+----+---+----+------------+------------+
    |Total                  |          |   0|  0|  94|          86|          24|
    +-----------------------+----------+----+---+----+------------+------------+

    * Multiplexer: 
    +----------------------------------+-----+-----------+-----+-----------+
    |               Name               | LUT | Input Size| Bits| Total Bits|
    +----------------------------------+-----+-----------+-----+-----------+
    |ap_NS_fsm                         |  134|         30|    1|         30|
    |ap_done_int                       |    9|          2|    1|          2|
    |ap_enable_reg_pp0_iter0           |    9|          2|    1|          2|
    |ap_enable_reg_pp0_iter1           |    9|          2|    1|          2|
    |ap_enable_reg_pp0_iter5           |    9|          2|    1|          2|
    |ap_loop_exit_ready_pp0_iter1_reg  |    9|          2|    1|          2|
    |ap_loop_exit_ready_pp0_iter2_reg  |    9|          2|    1|          2|
    |ap_loop_exit_ready_pp0_iter3_reg  |    9|          2|    1|          2|
    |ap_loop_exit_ready_pp0_iter4_reg  |    9|          2|    1|          2|
    |ap_sig_allocacmp_j_1              |    9|          2|    8|         16|
    |grp_fu_670_p0                     |   42|          8|   32|        256|
    |grp_fu_670_p1                     |  134|         30|   32|        960|
    |grp_fu_675_p0                     |   14|          3|   32|         96|
    |grp_fu_675_p1                     |   14|          3|   32|         96|
    |grp_fu_679_p0                     |   42|          8|   32|        256|
    |grp_fu_679_p1                     |  121|         27|   32|        864|
    |grp_fu_683_p0                     |   25|          5|   32|        160|
    |grp_fu_683_p1                     |   25|          5|   32|        160|
    |j_fu_172                          |    9|          2|    8|         16|
    |output_signal_o                   |    9|          2|   32|         64|
    |reg_691                           |    9|          2|   32|         64|
    |reg_699                           |    9|          2|   32|         64|
    |reg_721                           |    9|          2|   32|         64|
    |temp_input_address0               |  134|         30|    5|        150|
    |temp_input_address1               |  134|         30|    5|        150|
    |temp_input_d0                     |   37|          7|   32|        224|
    |temp_input_d1                     |   42|          8|   32|        256|
    +----------------------------------+-----+-----------+-----+-----------+
    |Total                             | 1024|        222|  483|       3962|
    +----------------------------------+-----+-----------+-----+-----------+

    * Register: 
    +----------------------------------+----+----+-----+-----------+
    |               Name               | FF | LUT| Bits| Const Bits|
    +----------------------------------+----+----+-----+-----------+
    |ap_CS_fsm                         |  29|   0|   29|          0|
    |ap_done_reg                       |   1|   0|    1|          0|
    |ap_enable_reg_pp0_iter0_reg       |   1|   0|    1|          0|
    |ap_enable_reg_pp0_iter1           |   1|   0|    1|          0|
    |ap_enable_reg_pp0_iter2           |   1|   0|    1|          0|
    |ap_enable_reg_pp0_iter3           |   1|   0|    1|          0|
    |ap_enable_reg_pp0_iter4           |   1|   0|    1|          0|
    |ap_enable_reg_pp0_iter5           |   1|   0|    1|          0|
    |ap_loop_exit_ready_pp0_iter1_reg  |   1|   0|    1|          0|
    |ap_loop_exit_ready_pp0_iter2_reg  |   1|   0|    1|          0|
    |ap_loop_exit_ready_pp0_iter3_reg  |   1|   0|    1|          0|
    |ap_loop_exit_ready_pp0_iter4_reg  |   1|   0|    1|          0|
    |icmp_ln30_reg_1054                |   1|   0|    1|          0|
    |icmp_ln48_2_reg_1390              |   1|   0|    1|          0|
    |icmp_ln48_3_reg_1395              |   1|   0|    1|          0|
    |j_fu_172                          |   8|   0|    8|          0|
    |mul_10_reg_1239                   |  32|   0|   32|          0|
    |mul_10_reg_1239_pp0_iter1_reg     |  32|   0|   32|          0|
    |mul_11_reg_1250                   |  32|   0|   32|          0|
    |mul_11_reg_1250_pp0_iter1_reg     |  32|   0|   32|          0|
    |mul_12_reg_1261                   |  32|   0|   32|          0|
    |mul_13_reg_1272                   |  32|   0|   32|          0|
    |mul_14_reg_1282                   |  32|   0|   32|          0|
    |mul_15_reg_1293                   |  32|   0|   32|          0|
    |mul_16_reg_1303                   |  32|   0|   32|          0|
    |mul_17_reg_1314                   |  32|   0|   32|          0|
    |mul_18_reg_1324                   |  32|   0|   32|          0|
    |mul_19_reg_1335                   |  32|   0|   32|          0|
    |mul_1_reg_1136                    |  32|   0|   32|          0|
    |mul_20_reg_1345                   |  32|   0|   32|          0|
    |mul_21_reg_1350                   |  32|   0|   32|          0|
    |mul_22_reg_1360                   |  32|   0|   32|          0|
    |mul_23_reg_1365                   |  32|   0|   32|          0|
    |mul_24_reg_1370                   |  32|   0|   32|          0|
    |mul_25_reg_1375                   |  32|   0|   32|          0|
    |mul_26_reg_1141                   |  32|   0|   32|          0|
    |mul_27_reg_1125                   |  32|   0|   32|          0|
    |mul_28_reg_1380                   |  32|   0|   32|          0|
    |mul_2_reg_1152                    |  32|   0|   32|          0|
    |mul_3_reg_1157                    |  32|   0|   32|          0|
    |mul_4_reg_1168                    |  32|   0|   32|          0|
    |mul_5_reg_1173                    |  32|   0|   32|          0|
    |mul_6_reg_1184                    |  32|   0|   32|          0|
    |mul_7_reg_1195                    |  32|   0|   32|          0|
    |mul_7_reg_1195_pp0_iter1_reg      |  32|   0|   32|          0|
    |mul_8_reg_1206                    |  32|   0|   32|          0|
    |mul_8_reg_1206_pp0_iter1_reg      |  32|   0|   32|          0|
    |mul_9_reg_1217                    |  32|   0|   32|          0|
    |mul_9_reg_1217_pp0_iter1_reg      |  32|   0|   32|          0|
    |mul_reg_1120                      |  32|   0|   32|          0|
    |mul_s_reg_1228                    |  32|   0|   32|          0|
    |mul_s_reg_1228_pp0_iter1_reg      |  32|   0|   32|          0|
    |reg_691                           |  32|   0|   32|          0|
    |reg_699                           |  32|   0|   32|          0|
    |reg_707                           |  32|   0|   32|          0|
    |reg_715                           |  32|   0|   32|          0|
    |reg_721                           |  32|   0|   32|          0|
    |reg_730                           |  32|   0|   32|          0|
    |reg_735                           |  32|   0|   32|          0|
    |reg_740                           |  32|   0|   32|          0|
    |reg_745                           |  32|   0|   32|          0|
    |reg_750                           |  32|   0|   32|          0|
    |reg_755                           |  32|   0|   32|          0|
    |reg_761                           |  32|   0|   32|          0|
    |temp_input_load_4_reg_1102        |  32|   0|   32|          0|
    |temp_input_load_5_reg_1108        |  32|   0|   32|          0|
    |temp_input_load_reg_1068          |  32|   0|   32|          0|
    |icmp_ln30_reg_1054                |  64|  32|    1|          0|
    |mul_12_reg_1261                   |  64|  32|   32|          0|
    |mul_13_reg_1272                   |  64|  32|   32|          0|
    |mul_14_reg_1282                   |  64|  32|   32|          0|
    |mul_15_reg_1293                   |  64|  32|   32|          0|
    |mul_16_reg_1303                   |  64|  32|   32|          0|
    |mul_17_reg_1314                   |  64|  32|   32|          0|
    |mul_18_reg_1324                   |  64|  32|   32|          0|
    |mul_19_reg_1335                   |  64|  32|   32|          0|
    |mul_20_reg_1345                   |  64|  32|   32|          0|
    |mul_21_reg_1350                   |  64|  32|   32|          0|
    |mul_22_reg_1360                   |  64|  32|   32|          0|
    |mul_23_reg_1365                   |  64|  32|   32|          0|
    |mul_24_reg_1370                   |  64|  32|   32|          0|
    |mul_25_reg_1375                   |  64|  32|   32|          0|
    |mul_26_reg_1141                   |  64|  32|   32|          0|
    |mul_27_reg_1125                   |  64|  32|   32|          0|
    |mul_28_reg_1380                   |  64|  32|   32|          0|
    +----------------------------------+----+----+-----+-----------+
    |Total                             |2835| 576| 2228|          0|
    +----------------------------------+----+----+-----+-----------+



================================================================
== Interface
================================================================
* Summary: 
+------------------------+-----+-----+------------+------------------------------------+--------------+
|        RTL Ports       | Dir | Bits|  Protocol  |            Source Object           |    C Type    |
+------------------------+-----+-----+------------+------------------------------------+--------------+
|ap_clk                  |   in|    1|  ap_ctrl_hs|  correlator_Pipeline_ONE_CORRELATOR|  return value|
|ap_rst                  |   in|    1|  ap_ctrl_hs|  correlator_Pipeline_ONE_CORRELATOR|  return value|
|ap_start                |   in|    1|  ap_ctrl_hs|  correlator_Pipeline_ONE_CORRELATOR|  return value|
|ap_done                 |  out|    1|  ap_ctrl_hs|  correlator_Pipeline_ONE_CORRELATOR|  return value|
|ap_idle                 |  out|    1|  ap_ctrl_hs|  correlator_Pipeline_ONE_CORRELATOR|  return value|
|ap_ready                |  out|    1|  ap_ctrl_hs|  correlator_Pipeline_ONE_CORRELATOR|  return value|
|grp_fu_567_p_din0       |  out|   32|  ap_ctrl_hs|  correlator_Pipeline_ONE_CORRELATOR|  return value|
|grp_fu_567_p_din1       |  out|   32|  ap_ctrl_hs|  correlator_Pipeline_ONE_CORRELATOR|  return value|
|grp_fu_567_p_dout0      |   in|   32|  ap_ctrl_hs|  correlator_Pipeline_ONE_CORRELATOR|  return value|
|grp_fu_567_p_ce         |  out|    1|  ap_ctrl_hs|  correlator_Pipeline_ONE_CORRELATOR|  return value|
|temp_input_address0     |  out|    5|   ap_memory|                          temp_input|         array|
|temp_input_ce0          |  out|    1|   ap_memory|                          temp_input|         array|
|temp_input_we0          |  out|    1|   ap_memory|                          temp_input|         array|
|temp_input_d0           |  out|   32|   ap_memory|                          temp_input|         array|
|temp_input_q0           |   in|   32|   ap_memory|                          temp_input|         array|
|temp_input_address1     |  out|    5|   ap_memory|                          temp_input|         array|
|temp_input_ce1          |  out|    1|   ap_memory|                          temp_input|         array|
|temp_input_we1          |  out|    1|   ap_memory|                          temp_input|         array|
|temp_input_d1           |  out|   32|   ap_memory|                          temp_input|         array|
|temp_input_q1           |   in|   32|   ap_memory|                          temp_input|         array|
|bitcast_ln37            |   in|   32|     ap_none|                        bitcast_ln37|        scalar|
|codebook_0_load         |   in|   32|     ap_none|                     codebook_0_load|        scalar|
|codebook_1_load         |   in|   32|     ap_none|                     codebook_1_load|        scalar|
|codebook_2_load         |   in|   32|     ap_none|                     codebook_2_load|        scalar|
|codebook_3_load         |   in|   32|     ap_none|                     codebook_3_load|        scalar|
|codebook_4_load         |   in|   32|     ap_none|                     codebook_4_load|        scalar|
|codebook_5_load         |   in|   32|     ap_none|                     codebook_5_load|        scalar|
|codebook_6_load         |   in|   32|     ap_none|                     codebook_6_load|        scalar|
|codebook_7_load         |   in|   32|     ap_none|                     codebook_7_load|        scalar|
|codebook_8_load         |   in|   32|     ap_none|                     codebook_8_load|        scalar|
|codebook_9_load         |   in|   32|     ap_none|                     codebook_9_load|        scalar|
|codebook_10_load        |   in|   32|     ap_none|                    codebook_10_load|        scalar|
|codebook_11_load        |   in|   32|     ap_none|                    codebook_11_load|        scalar|
|codebook_12_load        |   in|   32|     ap_none|                    codebook_12_load|        scalar|
|codebook_13_load        |   in|   32|     ap_none|                    codebook_13_load|        scalar|
|codebook_14_load        |   in|   32|     ap_none|                    codebook_14_load|        scalar|
|codebook_15_load        |   in|   32|     ap_none|                    codebook_15_load|        scalar|
|codebook_16_load        |   in|   32|     ap_none|                    codebook_16_load|        scalar|
|codebook_17_load        |   in|   32|     ap_none|                    codebook_17_load|        scalar|
|codebook_18_load        |   in|   32|     ap_none|                    codebook_18_load|        scalar|
|codebook_19_load        |   in|   32|     ap_none|                    codebook_19_load|        scalar|
|codebook_20_load        |   in|   32|     ap_none|                    codebook_20_load|        scalar|
|codebook_21_load        |   in|   32|     ap_none|                    codebook_21_load|        scalar|
|codebook_22_load        |   in|   32|     ap_none|                    codebook_22_load|        scalar|
|codebook_23_load        |   in|   32|     ap_none|                    codebook_23_load|        scalar|
|codebook_24_load        |   in|   32|     ap_none|                    codebook_24_load|        scalar|
|codebook_25_load        |   in|   32|     ap_none|                    codebook_25_load|        scalar|
|codebook_26_load        |   in|   32|     ap_none|                    codebook_26_load|        scalar|
|codebook_27_load        |   in|   32|     ap_none|                    codebook_27_load|        scalar|
|codebook_28_load        |   in|   32|     ap_none|                    codebook_28_load|        scalar|
|codebook_29_load        |   in|   32|     ap_none|                    codebook_29_load|        scalar|
|mul_29                  |   in|   32|     ap_none|                              mul_29|        scalar|
|output_signal_i         |   in|   32|     ap_ovld|                       output_signal|       pointer|
|output_signal_o         |  out|   32|     ap_ovld|                       output_signal|       pointer|
|output_signal_o_ap_vld  |  out|    1|     ap_ovld|                       output_signal|       pointer|
+------------------------+-----+-----+------------+------------------------------------+--------------+

