INFO: [HLS 200-10] Running 'D:/Vitis/2020.1/bin/unwrapped/win64.o/vitis_hls.exe'
INFO: [HLS 200-10] For user 'Sanjeev' on host 'laptop-c8imjhg4' (Windows NT_amd64 version 6.2) on Mon Nov 29 13:32:55 -0800 2021
INFO: [HLS 200-10] In directory 'D:/CSE237C/Project'
Sourcing Tcl script 'D:/CSE237C/Project/hls/solution1/csim.tcl'
INFO: [HLS 200-10] Opening project 'D:/CSE237C/Project/hls'.
INFO: [HLS 200-10] Adding design file 'coefficients.h' to the project
INFO: [HLS 200-10] Adding design file 'correlator.cpp' to the project
INFO: [HLS 200-10] Adding design file 'correlator.h' to the project
INFO: [HLS 200-10] Adding test bench file 'correlator_test.cpp' to the project
INFO: [HLS 200-10] Adding test bench file 'input.dat' to the project
INFO: [HLS 200-10] Adding test bench file 'out.gold.dat' to the project
INFO: [HLS 200-10] Opening solution 'D:/CSE237C/Project/hls/solution1'.
INFO: [SYN 201-201] Setting up clock 'default' with a period of 10ns.
INFO: [HLS 200-10] Setting target device to 'xc7z020-clg400-1'
INFO: [HLS 200-1505] Using flow_target 'vivado'
Resolution: For help on HLS 200-1505 see www.xilinx.com/html_docs/xilinx2020_1/hls-guidance/200-1505.html
INFO: [SIM 211-2] *************** CSIM start ***************
INFO: [SIM 211-4] CSIM will launch GCC as the compiler.
   Compiling ../../../../correlator_test.cpp in debug mode
   Compiling ../../../../correlator.cpp in debug mode
   Generating csim.exe
----------------------------------------------
   RMSE(R)
0.000001398853669
----------------------------------------------
*******************************************
PASS: The output matches the golden output!
*******************************************
INFO: [SIM 211-1] CSim done with 0 errors.
INFO: [SIM 211-3] *************** CSIM finish ***************
