

================================================================
== Vitis HLS Report for 'filter'
================================================================
* Date:           Wed Dec  8 22:06:47 2021

* Version:        2020.1 (Build 2902540 on Wed May 27 20:16:15 MDT 2020)
* Project:        hls
* Solution:       solution1 (Vivado IP Flow Target)
* Product family: zynq
* Target device:  xc7z020-clg400-1


================================================================
== Performance Estimates
================================================================
+ Timing: 
    * Summary: 
    +--------+----------+----------+------------+
    |  Clock |  Target  | Estimated| Uncertainty|
    +--------+----------+----------+------------+
    |ap_clk  | 10.00 ns | 7.299 ns |   2.70 ns  |
    +--------+----------+----------+------------+

+ Latency: 
    * Summary: 
    +---------+---------+----------+----------+-----+-----+---------+
    |  Latency (cycles) |  Latency (absolute) |  Interval | Pipeline|
    |   min   |   max   |    min   |    max   | min | max |   Type  |
    +---------+---------+----------+----------+-----+-----+---------+
    |       18|       18| 0.180 us | 0.180 us |   18|   18|   none  |
    +---------+---------+----------+----------+-----+-----+---------+

    + Detail: 
        * Instance: 
        N/A

        * Loop: 
        N/A



================================================================
== Utilization Estimates
================================================================
* Summary: 
+-----------------+---------+-----+--------+-------+-----+
|       Name      | BRAM_18K| DSP |   FF   |  LUT  | URAM|
+-----------------+---------+-----+--------+-------+-----+
|DSP              |        -|    -|       -|      -|    -|
|Expression       |        -|    -|       0|   2893|    -|
|FIFO             |        -|    -|       -|      -|    -|
|Instance         |        -|   68|    3960|   1200|    -|
|Memory           |        -|    -|       -|      -|    -|
|Multiplexer      |        -|    -|       -|    124|    -|
|Register         |        -|    -|    3507|      -|    -|
+-----------------+---------+-----+--------+-------+-----+
|Total            |        0|   68|    7467|   4217|    0|
+-----------------+---------+-----+--------+-------+-----+
|Available        |      280|  220|  106400|  53200|    0|
+-----------------+---------+-----+--------+-------+-----+
|Utilization (%)  |        0|   30|       7|      7|    0|
+-----------------+---------+-----+--------+-------+-----+

+ Detail: 
    * Instance: 
    +-----------------------------+--------------------------+---------+----+-----+----+-----+
    |           Instance          |          Module          | BRAM_18K| DSP|  FF | LUT| URAM|
    +-----------------------------+--------------------------+---------+----+-----+----+-----+
    |fpext_32ns_64_2_no_dsp_1_U3  |fpext_32ns_64_2_no_dsp_1  |        0|   0|    0|   0|    0|
    |fpext_32ns_64_2_no_dsp_1_U4  |fpext_32ns_64_2_no_dsp_1  |        0|   0|    0|   0|    0|
    |mul_21ns_32s_52_2_1_U5       |mul_21ns_32s_52_2_1       |        0|   2|  165|  50|    0|
    |mul_21ns_32s_52_2_1_U28      |mul_21ns_32s_52_2_1       |        0|   2|  165|  50|    0|
    |mul_23ns_32s_54_2_1_U6       |mul_23ns_32s_54_2_1       |        0|   2|  165|  50|    0|
    |mul_23ns_32s_54_2_1_U9       |mul_23ns_32s_54_2_1       |        0|   2|  165|  50|    0|
    |mul_23ns_32s_54_2_1_U24      |mul_23ns_32s_54_2_1       |        0|   2|  165|  50|    0|
    |mul_23ns_32s_54_2_1_U27      |mul_23ns_32s_54_2_1       |        0|   2|  165|  50|    0|
    |mul_23s_32s_54_2_1_U10       |mul_23s_32s_54_2_1        |        0|   2|  165|  50|    0|
    |mul_23s_32s_54_2_1_U23       |mul_23s_32s_54_2_1        |        0|   2|  165|  50|    0|
    |mul_24s_32s_55_2_1_U7        |mul_24s_32s_55_2_1        |        0|   2|  165|  50|    0|
    |mul_24s_32s_55_2_1_U8        |mul_24s_32s_55_2_1        |        0|   2|  165|  50|    0|
    |mul_24s_32s_55_2_1_U25       |mul_24s_32s_55_2_1        |        0|   2|  165|  50|    0|
    |mul_24s_32s_55_2_1_U26       |mul_24s_32s_55_2_1        |        0|   2|  165|  50|    0|
    |mul_25ns_32s_56_2_1_U11      |mul_25ns_32s_56_2_1       |        0|   2|  165|  50|    0|
    |mul_25ns_32s_56_2_1_U22      |mul_25ns_32s_56_2_1       |        0|   2|  165|  50|    0|
    |mul_26ns_32s_57_2_1_U12      |mul_26ns_32s_57_2_1       |        0|   4|  165|  50|    0|
    |mul_26ns_32s_57_2_1_U21      |mul_26ns_32s_57_2_1       |        0|   4|  165|  50|    0|
    |mul_27s_32s_58_2_1_U13       |mul_27s_32s_58_2_1        |        0|   4|  165|  50|    0|
    |mul_27s_32s_58_2_1_U14       |mul_27s_32s_58_2_1        |        0|   4|  165|  50|    0|
    |mul_27s_32s_58_2_1_U19       |mul_27s_32s_58_2_1        |        0|   4|  165|  50|    0|
    |mul_27s_32s_58_2_1_U20       |mul_27s_32s_58_2_1        |        0|   4|  165|  50|    0|
    |mul_28ns_32s_59_2_1_U15      |mul_28ns_32s_59_2_1       |        0|   4|  165|  50|    0|
    |mul_28ns_32s_59_2_1_U18      |mul_28ns_32s_59_2_1       |        0|   4|  165|  50|    0|
    |mul_29ns_32s_60_2_1_U16      |mul_29ns_32s_60_2_1       |        0|   4|  165|  50|    0|
    |mul_29ns_32s_60_2_1_U17      |mul_29ns_32s_60_2_1       |        0|   4|  165|  50|    0|
    +-----------------------------+--------------------------+---------+----+-----+----+-----+
    |Total                        |                          |        0|  68| 3960|1200|    0|
    +-----------------------------+--------------------------+---------+----+-----+----+-----+

    * DSP: 
    N/A

    * Memory: 
    N/A

    * FIFO: 
    N/A

    * Expression: 
    +--------------------------+----------+----+---+-----+------------+------------+
    |       Variable Name      | Operation| DSP| FF| LUT | Bitwidth P0| Bitwidth P1|
    +--------------------------+----------+----+---+-----+------------+------------+
    |add_ln107_fu_225_p2       |     +    |   0|  0|   15|           2|           9|
    |add_ln1192_10_fu_1310_p2  |     +    |   0|  0|   61|          61|          61|
    |add_ln1192_11_fu_1395_p2  |     +    |   0|  0|   61|          61|          61|
    |add_ln1192_12_fu_1401_p2  |     +    |   0|  0|   61|          61|          61|
    |add_ln1192_13_fu_1423_p2  |     +    |   0|  0|   66|          59|          59|
    |add_ln1192_14_fu_1477_p2  |     +    |   0|  0|   68|          61|          61|
    |add_ln1192_15_fu_1507_p2  |     +    |   0|  0|   65|          58|          58|
    |add_ln1192_16_fu_1517_p2  |     +    |   0|  0|   68|          61|          61|
    |add_ln1192_17_fu_1539_p2  |     +    |   0|  0|   62|          55|          55|
    |add_ln1192_18_fu_1555_p2  |     +    |   0|  0|   68|          61|          61|
    |add_ln1192_19_fu_1585_p2  |     +    |   0|  0|   63|          56|          56|
    |add_ln1192_1_fu_947_p2    |     +    |   0|  0|   61|          56|          56|
    |add_ln1192_20_fu_1595_p2  |     +    |   0|  0|   68|          61|          61|
    |add_ln1192_21_fu_1614_p2  |     +    |   0|  0|   61|          54|          54|
    |add_ln1192_22_fu_1629_p2  |     +    |   0|  0|   68|          61|          61|
    |add_ln1192_2_fu_964_p2    |     +    |   0|  0|   61|          56|          56|
    |add_ln1192_3_fu_986_p2    |     +    |   0|  0|   62|          55|          55|
    |add_ln1192_4_fu_1062_p2   |     +    |   0|  0|   68|          61|          61|
    |add_ln1192_5_fu_1092_p2   |     +    |   0|  0|   65|          58|          58|
    |add_ln1192_6_fu_1102_p2   |     +    |   0|  0|   68|          61|          61|
    |add_ln1192_7_fu_1189_p2   |     +    |   0|  0|   66|          59|          59|
    |add_ln1192_8_fu_1199_p2   |     +    |   0|  0|   68|          61|          61|
    |add_ln1192_9_fu_1304_p2   |     +    |   0|  0|   61|          61|          61|
    |add_ln1192_fu_906_p2      |     +    |   0|  0|   61|          54|          54|
    |add_ln581_1_fu_408_p2     |     +    |   0|  0|   12|           6|          12|
    |add_ln581_fu_347_p2       |     +    |   0|  0|   12|           6|          12|
    |F2_1_fu_396_p2            |     -    |   0|  0|   12|          11|          12|
    |F2_fu_335_p2              |     -    |   0|  0|   12|          11|          12|
    |man_V_1_fu_322_p2         |     -    |   0|  0|   61|           1|          54|
    |man_V_3_fu_383_p2         |     -    |   0|  0|   61|           1|          54|
    |sub_ln581_1_fu_414_p2     |     -    |   0|  0|   12|           5|          12|
    |sub_ln581_fu_353_p2       |     -    |   0|  0|   12|           5|          12|
    |and_ln571_fu_760_p2       |    and   |   0|  0|    2|           1|           1|
    |and_ln581_1_fu_595_p2     |    and   |   0|  0|    2|           1|           1|
    |and_ln581_fu_505_p2       |    and   |   0|  0|    2|           1|           1|
    |and_ln582_1_fu_573_p2     |    and   |   0|  0|    2|           1|           1|
    |and_ln582_fu_483_p2       |    and   |   0|  0|    2|           1|           1|
    |and_ln585_1_fu_646_p2     |    and   |   0|  0|    2|           1|           1|
    |and_ln585_2_fu_600_p2     |    and   |   0|  0|    2|           1|           1|
    |and_ln585_3_fu_720_p2     |    and   |   0|  0|    2|           1|           1|
    |and_ln585_fu_510_p2       |    and   |   0|  0|    2|           1|           1|
    |and_ln603_1_fu_742_p2     |    and   |   0|  0|    2|           1|           1|
    |and_ln603_fu_668_p2       |    and   |   0|  0|    2|           1|           1|
    |ashr_ln586_1_fu_559_p2    |   ashr   |   0|  0|  162|          54|          54|
    |ashr_ln586_fu_469_p2      |   ashr   |   0|  0|  162|          54|          54|
    |icmp_ln105_fu_220_p2      |   icmp   |   0|  0|   11|           8|           1|
    |icmp_ln571_1_fu_302_p2    |   icmp   |   0|  0|   29|          63|           1|
    |icmp_ln571_fu_266_p2      |   icmp   |   0|  0|   29|          63|           1|
    |icmp_ln581_1_fu_402_p2    |   icmp   |   0|  0|   13|          12|           5|
    |icmp_ln581_fu_341_p2      |   icmp   |   0|  0|   13|          12|           5|
    |icmp_ln582_1_fu_420_p2    |   icmp   |   0|  0|   13|          12|           5|
    |icmp_ln582_fu_359_p2      |   icmp   |   0|  0|   13|          12|           5|
    |icmp_ln585_1_fu_529_p2    |   icmp   |   0|  0|   13|          12|           6|
    |icmp_ln585_fu_439_p2      |   icmp   |   0|  0|   13|          12|           6|
    |icmp_ln603_1_fu_545_p2    |   icmp   |   0|  0|   11|           7|           1|
    |icmp_ln603_fu_455_p2      |   icmp   |   0|  0|   11|           7|           1|
    |ap_block_state1           |    or    |   0|  0|    2|           1|           1|
    |or_ln571_fu_430_p2        |    or    |   0|  0|    2|           1|           1|
    |or_ln581_1_fu_732_p2      |    or    |   0|  0|    2|           1|           1|
    |or_ln581_fu_658_p2        |    or    |   0|  0|    2|           1|           1|
    |or_ln582_1_fu_585_p2      |    or    |   0|  0|    2|           1|           1|
    |or_ln582_fu_495_p2        |    or    |   0|  0|    2|           1|           1|
    |select_ln570_1_fu_389_p3  |  select  |   0|  0|   54|           1|          54|
    |select_ln570_fu_328_p3    |  select  |   0|  0|   54|           1|          54|
    |select_ln571_1_fu_765_p3  |  select  |   0|  0|   32|           1|           1|
    |select_ln571_fu_681_p3    |  select  |   0|  0|   32|           1|           1|
    |select_ln582_1_fu_578_p3  |  select  |   0|  0|   32|           1|          32|
    |select_ln582_fu_488_p3    |  select  |   0|  0|   32|           1|          32|
    |select_ln585_1_fu_651_p3  |  select  |   0|  0|   32|           1|          32|
    |select_ln585_2_fu_606_p3  |  select  |   0|  0|   32|           1|          32|
    |select_ln585_3_fu_725_p3  |  select  |   0|  0|   32|           1|          32|
    |select_ln585_fu_516_p3    |  select  |   0|  0|   32|           1|          32|
    |select_ln588_1_fu_702_p3  |  select  |   0|  0|    2|           1|           2|
    |select_ln588_fu_628_p3    |  select  |   0|  0|    2|           1|           2|
    |select_ln603_1_fu_747_p3  |  select  |   0|  0|   32|           1|          32|
    |select_ln603_fu_673_p3    |  select  |   0|  0|   32|           1|          32|
    |sh_amt_1_fu_524_p3        |  select  |   0|  0|   12|           1|          12|
    |sh_amt_fu_434_p3          |  select  |   0|  0|   12|           1|          12|
    |shl_ln604_1_fu_710_p2     |    shl   |   0|  0|  101|          32|          32|
    |shl_ln604_fu_636_p2       |    shl   |   0|  0|  101|          32|          32|
    |xor_ln105_fu_755_p2       |    xor   |   0|  0|    2|           1|           2|
    |xor_ln571_1_fu_568_p2     |    xor   |   0|  0|    2|           1|           2|
    |xor_ln571_fu_478_p2       |    xor   |   0|  0|    2|           1|           2|
    |xor_ln581_1_fu_736_p2     |    xor   |   0|  0|    2|           1|           2|
    |xor_ln581_fu_662_p2       |    xor   |   0|  0|    2|           1|           2|
    |xor_ln582_1_fu_589_p2     |    xor   |   0|  0|    2|           1|           2|
    |xor_ln582_fu_499_p2       |    xor   |   0|  0|    2|           1|           2|
    |xor_ln585_1_fu_715_p2     |    xor   |   0|  0|    2|           1|           2|
    |xor_ln585_fu_641_p2       |    xor   |   0|  0|    2|           1|           2|
    +--------------------------+----------+----+---+-----+------------+------------+
    |Total                     |          |   0|  0| 2893|        1834|        2179|
    +--------------------------+----------+----+---+-----+------------+------------+

    * Multiplexer: 
    +-------------------------+----+-----------+-----+-----------+
    |           Name          | LUT| Input Size| Bits| Total Bits|
    +-------------------------+----+-----------+-----+-----------+
    |ap_NS_fsm                |  97|         20|    1|         20|
    |ap_done                  |   9|          2|    1|          2|
    |i_blk_n                  |   9|          2|    1|          2|
    |output_signal_out_blk_n  |   9|          2|    1|          2|
    +-------------------------+----+-----------+-----+-----------+
    |Total                    | 124|         26|    4|         26|
    +-------------------------+----+-----------+-----+-----------+

    * Register: 
    +-------------------------------------+----+----+-----+-----------+
    |                 Name                | FF | LUT| Bits| Const Bits|
    +-------------------------------------+----+----+-----+-----------+
    |add_ln1192_13_reg_2154               |  59|   0|   59|          0|
    |add_ln1192_17_reg_2204               |  55|   0|   55|          0|
    |add_ln1192_21_reg_2234               |  54|   0|   54|          0|
    |add_ln1192_3_reg_1983                |  55|   0|   55|          0|
    |add_ln581_1_reg_1769                 |  12|   0|   12|          0|
    |add_ln581_reg_1735                   |  12|   0|   12|          0|
    |and_ln581_1_reg_1847                 |   1|   0|    1|          0|
    |and_ln581_reg_1817                   |   1|   0|    1|          0|
    |ap_CS_fsm                            |  19|   0|   19|          0|
    |ap_done_reg                          |   1|   0|    1|          0|
    |exp_tmp_V_1_reg_1707                 |  11|   0|   11|          0|
    |exp_tmp_V_reg_1685                   |  11|   0|   11|          0|
    |i_1_reg_1646                         |   8|   0|    8|          0|
    |icmp_ln105_reg_1657                  |   1|   0|    1|          0|
    |icmp_ln571_1_reg_1717                |   1|   0|    1|          0|
    |icmp_ln571_reg_1695                  |   1|   0|    1|          0|
    |icmp_ln581_1_reg_1762                |   1|   0|    1|          0|
    |icmp_ln581_reg_1728                  |   1|   0|    1|          0|
    |icmp_ln582_1_reg_1779                |   1|   0|    1|          0|
    |icmp_ln582_reg_1745                  |   1|   0|    1|          0|
    |icmp_ln585_1_reg_1832                |   1|   0|    1|          0|
    |icmp_ln585_reg_1802                  |   1|   0|    1|          0|
    |icmp_ln603_1_reg_1837                |   1|   0|    1|          0|
    |icmp_ln603_reg_1807                  |   1|   0|    1|          0|
    |input_load_1_reg_1674                |  32|   0|   32|          0|
    |input_load_reg_1668                  |  32|   0|   32|          0|
    |mul_ln1118_10_reg_2062               |  59|   0|   59|          0|
    |mul_ln1118_11_reg_2067               |  60|   0|   60|          0|
    |mul_ln1118_12_reg_2109               |  60|   0|   60|          0|
    |mul_ln1118_13_reg_2114               |  59|   0|   59|          0|
    |mul_ln1118_14_reg_2119               |  58|   0|   58|          0|
    |mul_ln1118_15_reg_2124               |  58|   0|   58|          0|
    |mul_ln1118_16_reg_2159               |  57|   0|   57|          0|
    |mul_ln1118_17_reg_2164               |  56|   0|   56|          0|
    |mul_ln1118_18_reg_2169               |  54|   0|   54|          0|
    |mul_ln1118_19_reg_2174               |  54|   0|   54|          0|
    |mul_ln1118_1_reg_1906                |  54|   0|   54|          0|
    |mul_ln1118_20_reg_2209               |  55|   0|   55|          0|
    |mul_ln1118_21_reg_2214               |  55|   0|   55|          0|
    |mul_ln1118_22_reg_2219               |  54|   0|   54|          0|
    |mul_ln1118_23_reg_2224               |  52|   0|   52|          0|
    |mul_ln1118_2_reg_1948                |  55|   0|   55|          0|
    |mul_ln1118_3_reg_1953                |  55|   0|   55|          0|
    |mul_ln1118_4_reg_1958                |  54|   0|   54|          0|
    |mul_ln1118_5_reg_1963                |  54|   0|   54|          0|
    |mul_ln1118_6_reg_1988                |  56|   0|   56|          0|
    |mul_ln1118_7_reg_1993                |  57|   0|   57|          0|
    |mul_ln1118_8_reg_2025                |  58|   0|   58|          0|
    |mul_ln1118_9_reg_2030                |  58|   0|   58|          0|
    |mul_ln1118_reg_1901                  |  52|   0|   52|          0|
    |or_ln571_reg_1791                    |   1|   0|    1|          0|
    |or_ln582_1_reg_1842                  |   1|   0|    1|          0|
    |or_ln582_reg_1812                    |   1|   0|    1|          0|
    |p_Result_2_reg_1702                  |   1|   0|    1|          0|
    |p_Result_s_reg_1680                  |   1|   0|    1|          0|
    |select_ln570_1_reg_1757              |  54|   0|   54|          0|
    |select_ln570_reg_1723                |  54|   0|   54|          0|
    |select_ln571_1_reg_1863              |  32|   0|   32|          0|
    |select_ln571_reg_1857                |  32|   0|   32|          0|
    |select_ln585_2_reg_1852              |  32|   0|   32|          0|
    |select_ln585_reg_1822                |  32|   0|   32|          0|
    |sh_amt_1_reg_1827                    |  12|   0|   12|          0|
    |sh_amt_reg_1797                      |  12|   0|   12|          0|
    |shift_signal_even_V_0                |  32|   0|   32|          0|
    |shift_signal_even_V_0_load_reg_1869  |  32|   0|   32|          0|
    |shift_signal_even_V_1                |  32|   0|   32|          0|
    |shift_signal_even_V_10               |  32|   0|   32|          0|
    |shift_signal_even_V_1_load_reg_1891  |  32|   0|   32|          0|
    |shift_signal_even_V_2                |  32|   0|   32|          0|
    |shift_signal_even_V_3                |  32|   0|   32|          0|
    |shift_signal_even_V_3_load_reg_1931  |  32|   0|   32|          0|
    |shift_signal_even_V_4                |  32|   0|   32|          0|
    |shift_signal_even_V_5                |  32|   0|   32|          0|
    |shift_signal_even_V_5_load_reg_2008  |  32|   0|   32|          0|
    |shift_signal_even_V_6                |  32|   0|   32|          0|
    |shift_signal_even_V_7                |  32|   0|   32|          0|
    |shift_signal_even_V_7_load_reg_2045  |  32|   0|   32|          0|
    |shift_signal_even_V_8                |  32|   0|   32|          0|
    |shift_signal_even_V_9                |  32|   0|   32|          0|
    |shift_signal_even_V_9_load_reg_2092  |  32|   0|   32|          0|
    |shift_signal_odd_V_0                 |  32|   0|   32|          0|
    |shift_signal_odd_V_0_load_reg_1875   |  32|   0|   32|          0|
    |shift_signal_odd_V_1                 |  32|   0|   32|          0|
    |shift_signal_odd_V_10                |  32|   0|   32|          0|
    |shift_signal_odd_V_1_load_reg_1896   |  32|   0|   32|          0|
    |shift_signal_odd_V_2                 |  32|   0|   32|          0|
    |shift_signal_odd_V_3                 |  32|   0|   32|          0|
    |shift_signal_odd_V_3_load_reg_1937   |  32|   0|   32|          0|
    |shift_signal_odd_V_4                 |  32|   0|   32|          0|
    |shift_signal_odd_V_5                 |  32|   0|   32|          0|
    |shift_signal_odd_V_5_load_reg_2014   |  32|   0|   32|          0|
    |shift_signal_odd_V_6                 |  32|   0|   32|          0|
    |shift_signal_odd_V_7                 |  32|   0|   32|          0|
    |shift_signal_odd_V_7_load_reg_2051   |  32|   0|   32|          0|
    |shift_signal_odd_V_8                 |  32|   0|   32|          0|
    |shift_signal_odd_V_9                 |  32|   0|   32|          0|
    |shift_signal_odd_V_9_load_reg_2098   |  32|   0|   32|          0|
    |sub_ln581_1_reg_1774                 |  12|   0|   12|          0|
    |sub_ln581_reg_1740                   |  12|   0|   12|          0|
    |tmp_16_reg_1978                      |  27|   0|   27|          0|
    |tmp_3_reg_2020                       |  32|   0|   32|          0|
    |tmp_4_reg_2057                       |  32|   0|   32|          0|
    |tmp_5_reg_2104                       |  32|   0|   32|          0|
    |tmp_6_reg_2149                       |  32|   0|   32|          0|
    |tmp_8_reg_2199                       |  32|   0|   32|          0|
    |tmp_s_reg_2229                       |  32|   0|   32|          0|
    |trunc_ln4_reg_1943                   |  25|   0|   25|          0|
    |trunc_ln565_1_reg_1712               |  52|   0|   52|          0|
    |trunc_ln565_reg_1690                 |  52|   0|   52|          0|
    |trunc_ln583_1_reg_1785               |  32|   0|   32|          0|
    |trunc_ln583_reg_1751                 |  32|   0|   32|          0|
    +-------------------------------------+----+----+-----+-----------+
    |Total                                |3507|   0| 3507|          0|
    +-------------------------------------+----+----+-----+-----------+



================================================================
== Interface
================================================================
* Summary: 
+--------------------------+-----+-----+------------+-------------------+--------------+
|         RTL Ports        | Dir | Bits|  Protocol  |   Source Object   |    C Type    |
+--------------------------+-----+-----+------------+-------------------+--------------+
|ap_clk                    |  in |    1| ap_ctrl_hs |       filter      | return value |
|ap_rst                    |  in |    1| ap_ctrl_hs |       filter      | return value |
|ap_start                  |  in |    1| ap_ctrl_hs |       filter      | return value |
|ap_done                   | out |    1| ap_ctrl_hs |       filter      | return value |
|ap_continue               |  in |    1| ap_ctrl_hs |       filter      | return value |
|ap_idle                   | out |    1| ap_ctrl_hs |       filter      | return value |
|ap_ready                  | out |    1| ap_ctrl_hs |       filter      | return value |
|input_r_address0          | out |    9|  ap_memory |      input_r      |     array    |
|input_r_ce0               | out |    1|  ap_memory |      input_r      |     array    |
|input_r_q0                |  in |   32|  ap_memory |      input_r      |     array    |
|input_r_address1          | out |    9|  ap_memory |      input_r      |     array    |
|input_r_ce1               | out |    1|  ap_memory |      input_r      |     array    |
|input_r_q1                |  in |   32|  ap_memory |      input_r      |     array    |
|i_dout                    |  in |    8|   ap_fifo  |         i         |    pointer   |
|i_empty_n                 |  in |    1|   ap_fifo  |         i         |    pointer   |
|i_read                    | out |    1|   ap_fifo  |         i         |    pointer   |
|output_signal_out_din     | out |   32|   ap_fifo  | output_signal_out |    pointer   |
|output_signal_out_full_n  |  in |    1|   ap_fifo  | output_signal_out |    pointer   |
|output_signal_out_write   | out |    1|   ap_fifo  | output_signal_out |    pointer   |
+--------------------------+-----+-----+------------+-------------------+--------------+

