

================================================================
== Vitis HLS Report for 'dataflow_parent_loop_proc'
================================================================
* Date:           Tue Dec  7 23:34:38 2021

* Version:        2020.1 (Build 2902540 on Wed May 27 20:16:15 MDT 2020)
* Project:        hls
* Solution:       solution1 (Vivado IP Flow Target)
* Product family: zynq
* Target device:  xc7z020-clg400-1


================================================================
== Performance Estimates
================================================================
+ Timing: 
    * Summary: 
    +--------+----------+----------+------------+
    |  Clock |  Target  | Estimated| Uncertainty|
    +--------+----------+----------+------------+
    |ap_clk  | 10.00 ns | 7.297 ns |   2.70 ns  |
    +--------+----------+----------+------------+

+ Latency: 
    * Summary: 
    +---------+---------+-----------+-----------+------+------+---------+
    |  Latency (cycles) |   Latency (absolute)  |   Interval  | Pipeline|
    |   min   |   max   |    min    |    max    |  min |  max |   Type  |
    +---------+---------+-----------+-----------+------+------+---------+
    |     9200|     9200| 92.000 us | 92.000 us |  9200|  9200|   none  |
    +---------+---------+-----------+-----------+------+------+---------+

    + Detail: 
        * Instance: 
        N/A

        * Loop: 
        +-------------+---------+---------+----------+-----------+-----------+------+----------+
        |             |  Latency (cycles) | Iteration|  Initiation Interval  | Trip |          |
        |  Loop Name  |   min   |   max   |  Latency |  achieved |   target  | Count| Pipelined|
        +-------------+---------+---------+----------+-----------+-----------+------+----------+
        |- PROCESSOR  |     9199|     9199|        74|          -|          -|   170|    no    |
        +-------------+---------+---------+----------+-----------+-----------+------+----------+

============================================================
+ Verbose Summary: Synthesis Manager
============================================================
InlineROM: 1
ExposeGlobal: 0
============================================================
+ Verbose Summary: CDFG Model
============================================================
IsTopModel: 0
ResetActiveHigh: 1
IsCombinational: 2
IsDatapathOnly: 0
HasWiredReturn: 1
HasMFsm: 0
HasVarLatency: 1
IsPipeline: 0
IsRtlPipelined: 0
IsInstanceOverlapped: 0
IsDontTouch: 0
HasImplIP: 0
IsGatedGlobalClock: 0


============================================================
+ Verbose Summary: Schedule
============================================================
* Number of FSM states : 3
* Pipeline : 0
* Dataflow Pipeline: 1
  DF-Pipeline-0: Size = 2, States = { 2 3 }

* FSM state transitions: 
1 --> 2 
2 --> 3 
3 --> 2 

* FSM state operations: 

State 1 <SV = 0> <Delay = 1.76>
ST_1 : Operation 4 [1/1] (1.76ns)   --->   "%br_ln0 = br void %e2e_system_bb52.i.exit"   --->   Operation 4 'br' 'br_ln0' <Predicate = true> <Delay = 1.76>

State 2 <SV = 1> <Delay = 2.52>
ST_2 : Operation 5 [1/1] (0.00ns)   --->   "%i = phi i8 %i_2, void %.split, i8, void %newFuncRoot"   --->   Operation 5 'phi' 'i' <Predicate = true> <Delay = 0.00>
ST_2 : Operation 6 [1/1] (1.55ns)   --->   "%icmp_ln29 = icmp_eq  i8 %i, i8" [e2e_system.cpp:29]   --->   Operation 6 'icmp' 'icmp_ln29' <Predicate = true> <Delay = 1.55> <CoreInst = "Cmp">   --->   Core 10 'Cmp' <Latency = 0> <II = 1> <Delay = 1.55> <FuncUnit> <Opcode : 'icmp'> <InPorts = 2> <OutPorts = 1>
ST_2 : Operation 7 [1/1] (0.00ns)   --->   "%empty = speclooptripcount i32 @_ssdm_op_SpecLoopTripCount, i64, i64, i64"   --->   Operation 7 'speclooptripcount' 'empty' <Predicate = true> <Delay = 0.00>
ST_2 : Operation 8 [1/1] (0.00ns)   --->   "%specdataflowpipeline_ln29 = specdataflowpipeline void @_ssdm_op_SpecDataflowPipeline, i32, i32, void @dataflow_parent_loop_str, i8 %i, i8" [e2e_system.cpp:29]   --->   Operation 8 'specdataflowpipeline' 'specdataflowpipeline_ln29' <Predicate = true> <Delay = 0.00>
ST_2 : Operation 9 [1/1] (1.91ns)   --->   "%i_2 = add i8 %i, i8" [e2e_system.cpp:29]   --->   Operation 9 'add' 'i_2' <Predicate = true> <Delay = 1.91> <CoreInst = "Adder">   --->   Core 1 'Adder' <Latency = 0> <II = 1> <Delay = 1.91> <FuncUnit> <Opcode : 'add' 'sub'> <InPorts = 2> <OutPorts = 1>
ST_2 : Operation 10 [1/1] (0.00ns)   --->   "%br_ln29 = br i1 %icmp_ln29, void %.split, void %bb51.preheader.exitStub" [e2e_system.cpp:29]   --->   Operation 10 'br' 'br_ln29' <Predicate = true> <Delay = 0.00>
ST_2 : Operation 11 [2/2] (0.00ns)   --->   "%call_ln34 = call void @dataflow_in_loop_PROCESSOR, i32 %input_signal, i36 %correlators_output_V, i36 %shift_signal_even_V_10, i36 %shift_signal_even_V_9, i36 %shift_signal_even_V_8, i36 %shift_signal_even_V_7, i36 %shift_signal_even_V_6, i36 %shift_signal_even_V_5, i36 %shift_signal_even_V_4, i36 %shift_signal_even_V_3, i36 %shift_signal_even_V_2, i36 %shift_signal_even_V_1, i36 %shift_signal_even_V_0, i36 %temp_input_V_29, i36 %temp_input_V_28, i36 %temp_input_V_27, i36 %temp_input_V_26, i36 %temp_input_V_25, i36 %temp_input_V_24, i36 %temp_input_V_23, i36 %temp_input_V_22, i36 %temp_input_V_21, i36 %temp_input_V_20, i36 %temp_input_V_19, i36 %temp_input_V_18, i36 %temp_input_V_17, i36 %temp_input_V_16, i36 %temp_input_V_15, i36 %temp_input_V_14, i36 %temp_input_V_13, i36 %temp_input_V_12, i36 %temp_input_V_11, i36 %temp_input_V_10, i36 %temp_input_V_9, i36 %temp_input_V_8, i36 %temp_input_V_7, i36 %temp_input_V_6, i36 %temp_input_V_5, i36 %temp_input_V_4, i36 %temp_input_V_3, i36 %temp_input_V_2, i36 %temp_input_V_1, i36 %temp_input_V_0, i2 %codebook_V_0, i2 %codebook_V_1, i2 %codebook_V_2, i2 %codebook_V_3, i2 %codebook_V_4, i2 %codebook_V_5, i2 %codebook_V_6, i2 %codebook_V_7, i2 %codebook_V_8, i2 %codebook_V_9, i2 %codebook_V_10, i2 %codebook_V_11, i2 %codebook_V_12, i2 %codebook_V_13, i2 %codebook_V_14, i2 %codebook_V_15, i2 %codebook_V_16, i2 %codebook_V_17, i2 %codebook_V_18, i2 %codebook_V_19, i2 %codebook_V_20, i2 %codebook_V_21, i2 %codebook_V_22, i2 %codebook_V_23, i2 %codebook_V_24, i2 %codebook_V_25, i2 %codebook_V_26, i2 %codebook_V_27, i2 %codebook_V_28, i2 %codebook_V_29, i2 %codebook_V_30" [e2e_system.cpp:34]   --->   Operation 11 'call' 'call_ln34' <Predicate = (!icmp_ln29)> <Delay = 0.00> <CoreType = "Generic">   --->   Core 0 '' <Latency = 0> <II = 1> <Delay = 1.00> <Generic> <Opcode : >
ST_2 : Operation 12 [1/1] (0.00ns)   --->   "%ret_ln0 = ret"   --->   Operation 12 'ret' 'ret_ln0' <Predicate = (icmp_ln29)> <Delay = 0.00>

State 3 <SV = 2> <Delay = 0.00>
ST_3 : Operation 13 [1/1] (0.00ns)   --->   "%specloopname_ln32 = specloopname void @_ssdm_op_SpecLoopName, void @empty_2" [e2e_system.cpp:32]   --->   Operation 13 'specloopname' 'specloopname_ln32' <Predicate = (!icmp_ln29)> <Delay = 0.00>
ST_3 : Operation 14 [1/2] (0.00ns)   --->   "%call_ln34 = call void @dataflow_in_loop_PROCESSOR, i32 %input_signal, i36 %correlators_output_V, i36 %shift_signal_even_V_10, i36 %shift_signal_even_V_9, i36 %shift_signal_even_V_8, i36 %shift_signal_even_V_7, i36 %shift_signal_even_V_6, i36 %shift_signal_even_V_5, i36 %shift_signal_even_V_4, i36 %shift_signal_even_V_3, i36 %shift_signal_even_V_2, i36 %shift_signal_even_V_1, i36 %shift_signal_even_V_0, i36 %temp_input_V_29, i36 %temp_input_V_28, i36 %temp_input_V_27, i36 %temp_input_V_26, i36 %temp_input_V_25, i36 %temp_input_V_24, i36 %temp_input_V_23, i36 %temp_input_V_22, i36 %temp_input_V_21, i36 %temp_input_V_20, i36 %temp_input_V_19, i36 %temp_input_V_18, i36 %temp_input_V_17, i36 %temp_input_V_16, i36 %temp_input_V_15, i36 %temp_input_V_14, i36 %temp_input_V_13, i36 %temp_input_V_12, i36 %temp_input_V_11, i36 %temp_input_V_10, i36 %temp_input_V_9, i36 %temp_input_V_8, i36 %temp_input_V_7, i36 %temp_input_V_6, i36 %temp_input_V_5, i36 %temp_input_V_4, i36 %temp_input_V_3, i36 %temp_input_V_2, i36 %temp_input_V_1, i36 %temp_input_V_0, i2 %codebook_V_0, i2 %codebook_V_1, i2 %codebook_V_2, i2 %codebook_V_3, i2 %codebook_V_4, i2 %codebook_V_5, i2 %codebook_V_6, i2 %codebook_V_7, i2 %codebook_V_8, i2 %codebook_V_9, i2 %codebook_V_10, i2 %codebook_V_11, i2 %codebook_V_12, i2 %codebook_V_13, i2 %codebook_V_14, i2 %codebook_V_15, i2 %codebook_V_16, i2 %codebook_V_17, i2 %codebook_V_18, i2 %codebook_V_19, i2 %codebook_V_20, i2 %codebook_V_21, i2 %codebook_V_22, i2 %codebook_V_23, i2 %codebook_V_24, i2 %codebook_V_25, i2 %codebook_V_26, i2 %codebook_V_27, i2 %codebook_V_28, i2 %codebook_V_29, i2 %codebook_V_30" [e2e_system.cpp:34]   --->   Operation 14 'call' 'call_ln34' <Predicate = (!icmp_ln29)> <Delay = 0.00> <CoreType = "Generic">   --->   Core 0 '' <Latency = 0> <II = 1> <Delay = 1.00> <Generic> <Opcode : >
ST_3 : Operation 15 [1/1] (0.00ns)   --->   "%br_ln29 = br void %e2e_system_bb52.i.exit" [e2e_system.cpp:29]   --->   Operation 15 'br' 'br_ln29' <Predicate = (!icmp_ln29)> <Delay = 0.00>


============================================================
+ Verbose Summary: Timing violations
============================================================
Target clock period: 10ns, clock uncertainty: 2.7ns.

 <State 1>: 1.77ns
The critical path consists of the following:
	multiplexor before 'phi' operation ('i') with incoming values : ('i', e2e_system.cpp:29) [109]  (1.77 ns)

 <State 2>: 2.53ns
The critical path consists of the following:
	'phi' operation ('i') with incoming values : ('i', e2e_system.cpp:29) [109]  (0 ns)
	'add' operation ('i', e2e_system.cpp:29) [113]  (1.92 ns)
	blocking operation 0.614 ns on control path)

 <State 3>: 0ns
The critical path consists of the following:


============================================================
+ Verbose Summary: Binding
============================================================
N/A
* FSMD analyzer results:
  - Output states:
 - Input state : 
  - Chain level:
	State 1
	State 2
	State 3


============================================================
+ Verbose Summary: Datapath Resource usage 
============================================================
N/A
