INFO: [HLS 200-10] Running 'D:/Vitis/2020.1/bin/unwrapped/win64.o/vitis_hls.exe'
INFO: [HLS 200-10] For user 'Sanjeev' on host 'laptop-c8imjhg4' (Windows NT_amd64 version 6.2) on Wed Dec 08 22:07:19 -0800 2021
INFO: [HLS 200-10] In directory 'D:/CSE237C/Project/end-to-end-system/demo_stream'
Sourcing Tcl script 'D:/CSE237C/Project/end-to-end-system/demo_stream/hls/solution1/export.tcl'
INFO: [HLS 200-10] Opening project 'D:/CSE237C/Project/end-to-end-system/demo_stream/hls'.
INFO: [HLS 200-10] Adding design file 'e2e_system.cpp' to the project
INFO: [HLS 200-10] Adding design file 'e2e_system.h' to the project
INFO: [HLS 200-10] Adding design file 'coefficients.h' to the project
INFO: [HLS 200-10] Adding test bench file 'input.dat' to the project
INFO: [HLS 200-10] Adding test bench file 'out.gold.dat' to the project
INFO: [HLS 200-10] Adding test bench file 'out.dat' to the project
INFO: [HLS 200-10] Adding test bench file 'e2e_system_test.cpp' to the project
INFO: [HLS 200-10] Opening solution 'D:/CSE237C/Project/end-to-end-system/demo_stream/hls/solution1'.
INFO: [SYN 201-201] Setting up clock 'default' with a period of 10ns.
INFO: [HLS 200-10] Setting target device to 'xc7z020-clg400-1'
INFO: [HLS 200-1505] Using flow_target 'vivado'
Resolution: For help on HLS 200-1505 see www.xilinx.com/html_docs/xilinx2020_1/hls-guidance/200-1505.html
INFO: [HLS 200-1464] Running solution command: config_export -format=ip_catalog
INFO: [HLS 200-1464] Running solution command: config_export -rtl=verilog
INFO: [IMPL 213-8] Exporting RTL as a Vivado IP.

****** Vivado v2020.1 (64-bit)
  **** SW Build 2902540 on Wed May 27 19:54:49 MDT 2020
  **** IP Build 2902112 on Wed May 27 22:43:36 MDT 2020
    ** Copyright 1986-2020 Xilinx, Inc. All Rights Reserved.

source run_ippack.tcl -notrace
INFO: [IP_Flow 19-234] Refreshing IP repositories
INFO: [IP_Flow 19-1704] No user IP repositories specified
INFO: [IP_Flow 19-2313] Loaded Vivado IP repository 'D:/Vivado/2020.1/data/ip'.
WARNING: [IP_Flow 19-4832] The IP name 'e2e_system_ap_fpext_0_no_dsp_32' you have specified is long. The Windows operating system has path length limitations. It is recommended you use shorter names to reduce the likelihood of issues.
INFO: [IP_Flow 19-1686] Generating 'Synthesis' target for IP 'e2e_system_ap_fpext_0_no_dsp_32'...
INFO: [IP_Flow 19-1686] Generating 'Simulation' target for IP 'e2e_system_ap_fpext_0_no_dsp_32'...
INFO: [IP_Flow 19-234] Refreshing IP repositories
INFO: [IP_Flow 19-1704] No user IP repositories specified
INFO: [IP_Flow 19-2313] Loaded Vivado IP repository 'D:/Vivado/2020.1/data/ip'.
INFO: [Common 17-206] Exiting Vivado at Wed Dec  8 22:07:38 2021...
INFO: [HLS 200-802] Generated output file hls/solution1/impl/export.zip
