INFO: [SIM 2] *************** CSIM start ***************
INFO: [SIM 4] CSIM will launch GCC as the compiler.
   Compiling ../../../../e2e_system_test.cpp in debug mode
   Compiling ../../../../e2e_system.cpp in debug mode
   Generating csim.exe
writing
17.797585	 17.797585 
14.905785	 14.905785 
15.181228	 15.181228 
19.020876	 19.020876 
17.292616	 17.292616 
17.705090	 17.705091 
15.796896	 15.796896 
16.804228	 16.804228 
14.871448	 14.871448 
15.942122	 15.942122 
13.837975	 13.837975 
16.227951	 16.227951 
15.061176	 15.061176 
15.958652	 15.958652 
16.973785	 16.973787 
19.230183	 19.230183 
13.029657	 13.029657 
16.669184	 16.669184 
13.952302	 13.952302 
14.105685	 14.105685 
15.358489	 15.358489 
16.503738	 16.503738 
18.080887	 18.080887 
16.266794	 16.266796 
15.304379	 15.304379 
16.507191	 16.507191 
16.867022	 16.867022 
17.135784	 17.135784 
19.289885	 19.289885 
17.691128	 17.691128 
15.312092	 15.312092 
13.138679	 13.138679 
33.168972	 33.168972 
----------------------------------------------
   RMSE(R)
0.000000598569784
----------------------------------------------
*******************************************
PASS: The output matches the golden output!
*******************************************
INFO: [SIM 1] CSim done with 0 errors.
INFO: [SIM 3] *************** CSIM finish ***************
