INFO: [SIM 2] *************** CSIM start ***************
INFO: [SIM 4] CSIM will launch GCC as the compiler.
   Compiling ../../../../e2e_system.cpp in debug mode
   Generating csim.exe
0 
0 
0 
0 
0 
0 
0 
0 
0 
0 
0 
0 
0 
0 
0 
0 
0 
0 
0 
0 
0 
0 
0 
0 
0 
0 
0 
0 
0 
0 
0 
0 
1 
writing
17.797585	 17.797585 
14.905784	 14.905785 
15.181227	 15.181228 
19.020874	 19.020876 
17.292616	 17.292616 
17.705090	 17.705091 
15.796895	 15.796896 
16.804226	 16.804228 
14.871447	 14.871448 
15.942121	 15.942122 
13.837974	 13.837975 
16.227951	 16.227951 
15.061175	 15.061176 
15.958652	 15.958652 
16.973785	 16.973787 
19.230181	 19.230183 
13.029656	 13.029657 
16.669184	 16.669184 
13.952301	 13.952302 
14.105684	 14.105685 
15.358488	 15.358489 
16.503736	 16.503738 
18.080887	 18.080887 
16.266794	 16.266796 
15.304378	 15.304379 
16.507191	 16.507191 
16.867020	 16.867022 
17.135784	 17.135784 
19.289883	 19.289885 
17.691128	 17.691128 
15.312091	 15.312092 
13.138678	 13.138679 
33.168968	 33.168972 
----------------------------------------------
   RMSE(R)
0.000001358878194
----------------------------------------------
*******************************************
PASS: The output matches the golden output!
*******************************************
INFO: [SIM 1] CSim done with 0 errors.
INFO: [SIM 3] *************** CSIM finish ***************
