INFO: [HLS 200-10] Running 'D:/Vitis/2020.1/bin/unwrapped/win64.o/vitis_hls.exe'
INFO: [HLS 200-10] For user 'Sanjeev' on host 'laptop-c8imjhg4' (Windows NT_amd64 version 6.2) on Tue Dec 07 22:11:04 -0800 2021
INFO: [HLS 200-10] In directory 'D:/CSE237C/Project/correlator_bank/optimized3'
Sourcing Tcl script 'D:/CSE237C/Project/correlator_bank/optimized3/hls/solution1/csim.tcl'
INFO: [HLS 200-10] Opening project 'D:/CSE237C/Project/correlator_bank/optimized3/hls'.
INFO: [HLS 200-10] Adding design file 'coefficients.h' to the project
INFO: [HLS 200-10] Adding design file 'correlator.cpp' to the project
INFO: [HLS 200-10] Adding design file 'correlator.h' to the project
INFO: [HLS 200-10] Adding test bench file 'correlator_test.cpp' to the project
INFO: [HLS 200-10] Adding test bench file 'out.gold.dat' to the project
INFO: [HLS 200-10] Adding test bench file 'input.dat' to the project
INFO: [HLS 200-10] Opening solution 'D:/CSE237C/Project/correlator_bank/optimized3/hls/solution1'.
INFO: [SYN 201-201] Setting up clock 'default' with a period of 10ns.
INFO: [HLS 200-10] Setting target device to 'xc7z020-clg400-1'
INFO: [HLS 200-1505] Using flow_target 'vivado'
Resolution: For help on HLS 200-1505 see www.xilinx.com/html_docs/xilinx2020_1/hls-guidance/200-1505.html
INFO: [SIM 211-2] *************** CSIM start ***************
INFO: [SIM 211-4] CSIM will launch GCC as the compiler.
   Compiling ../../../../correlator_test.cpp in debug mode
   Compiling ../../../../correlator.cpp in debug mode
   Generating csim.exe
In file included from D:/Vitis/2020.1/include/floating_point_v7_0_bitacc_cmodel.h:144:0,
                 from D:/Vitis/2020.1/include/hls_fpo.h:189,
                 from D:/Vitis/2020.1/include/hls_half_fpo.h:64,
                 from D:/Vitis/2020.1/include/hls_half.h:71,
                 from D:/Vitis/2020.1/include/etc/ap_private.h:91,
                 from D:/Vitis/2020.1/include/ap_common.h:646,
                 from D:/Vitis/2020.1/include/ap_fixed.h:55,
                 from ../../../../correlator.h:11,
                 from ../../../../correlator_test.cpp:11:
D:/Vitis/2020.1/include/gmp.h:63:0: warning: "__GMP_LIBGMP_DLL" redefined
 #define __GMP_LIBGMP_DLL  0
 
In file included from D:/Vitis/2020.1/include/hls_fpo.h:189:0,
                 from D:/Vitis/2020.1/include/hls_half_fpo.h:64,
                 from D:/Vitis/2020.1/include/hls_half.h:71,
                 from D:/Vitis/2020.1/include/etc/ap_private.h:91,
                 from D:/Vitis/2020.1/include/ap_common.h:646,
                 from D:/Vitis/2020.1/include/ap_fixed.h:55,
                 from ../../../../correlator.h:11,
                 from ../../../../correlator_test.cpp:11:
D:/Vitis/2020.1/include/floating_point_v7_0_bitacc_cmodel.h:136:0: note: this is the location of the previous definition
 #define __GMP_LIBGMP_DLL 1
 
In file included from D:/Vitis/2020.1/include/floating_point_v7_0_bitacc_cmodel.h:144:0,
                 from D:/Vitis/2020.1/include/hls_fpo.h:189,
                 from D:/Vitis/2020.1/include/hls_half_fpo.h:64,
                 from D:/Vitis/2020.1/include/hls_half.h:71,
                 from D:/Vitis/2020.1/include/etc/ap_private.h:91,
                 from D:/Vitis/2020.1/include/ap_common.h:646,
                 from D:/Vitis/2020.1/include/ap_fixed.h:55,
                 from ../../../../correlator.h:11,
                 from ../../../../correlator.cpp:13:
D:/Vitis/2020.1/include/gmp.h:63:0: warning: "__GMP_LIBGMP_DLL" redefined
 #define __GMP_LIBGMP_DLL  0
 
In file included from D:/Vitis/2020.1/include/hls_fpo.h:189:0,
                 from D:/Vitis/2020.1/include/hls_half_fpo.h:64,
                 from D:/Vitis/2020.1/include/hls_half.h:71,
                 from D:/Vitis/2020.1/include/etc/ap_private.h:91,
                 from D:/Vitis/2020.1/include/ap_common.h:646,
                 from D:/Vitis/2020.1/include/ap_fixed.h:55,
                 from ../../../../correlator.h:11,
                 from ../../../../correlator.cpp:13:
D:/Vitis/2020.1/include/floating_point_v7_0_bitacc_cmodel.h:136:0: note: this is the location of the previous definition
 #define __GMP_LIBGMP_DLL 1
 
17.797583 	 17.797585 
14.905783 	 14.905785 
15.181226 	 15.181228 
19.020874 	 19.020876 
17.292614 	 17.292616 
17.705090 	 17.705091 
15.796894 	 15.796896 
16.804226 	 16.804228 
14.871445 	 14.871448 
15.942119 	 15.942122 
13.837973 	 13.837975 
16.227949 	 16.227951 
15.061173 	 15.061176 
15.958651 	 15.958652 
16.973783 	 16.973787 
19.230179 	 19.230183 
13.029655 	 13.029657 
16.669182 	 16.669184 
13.952299 	 13.952302 
14.105682 	 14.105685 
15.358487 	 15.358489 
16.503735 	 16.503738 
18.080885 	 18.080887 
16.266792 	 16.266796 
15.304377 	 15.304379 
16.507189 	 16.507191 
16.867018 	 16.867022 
17.135782 	 17.135784 
19.289883 	 19.289885 
17.691126 	 17.691128 
15.312089 	 15.312092 
13.138677 	 13.138679 
33.168968 	 33.168972 
----------------------------------------------
   RMSE(R)
0.000002539516572
----------------------------------------------
*******************************************
PASS: The output matches the golden output!
*******************************************
INFO: [SIM 211-1] CSim done with 0 errors.
INFO: [SIM 211-3] *************** CSIM finish ***************
