INFO: [HLS 200-10] Running 'D:/Vitis/2020.1/bin/unwrapped/win64.o/vitis_hls.exe'
INFO: [HLS 200-10] For user 'Sanjeev' on host 'laptop-c8imjhg4' (Windows NT_amd64 version 6.2) on Tue Dec 07 22:44:23 -0800 2021
INFO: [HLS 200-10] In directory 'D:/CSE237C/Project/end-to-end-system/design_1'
Sourcing Tcl script 'D:/CSE237C/Project/end-to-end-system/design_1/hls/solution1/csynth.tcl'
INFO: [HLS 200-10] Opening project 'D:/CSE237C/Project/end-to-end-system/design_1/hls'.
INFO: [HLS 200-10] Adding design file 'coefficients.h' to the project
INFO: [HLS 200-10] Adding design file 'e2e_system.h' to the project
INFO: [HLS 200-10] Adding design file 'e2e_system.cpp' to the project
INFO: [HLS 200-10] Adding test bench file 'e2e_system_test.cpp' to the project
INFO: [HLS 200-10] Adding test bench file 'out.dat' to the project
INFO: [HLS 200-10] Adding test bench file 'out.gold.dat' to the project
INFO: [HLS 200-10] Adding test bench file 'input.dat' to the project
INFO: [HLS 200-10] Opening solution 'D:/CSE237C/Project/end-to-end-system/design_1/hls/solution1'.
INFO: [SYN 201-201] Setting up clock 'default' with a period of 10ns.
INFO: [HLS 200-10] Setting target device to 'xc7z020-clg400-1'
INFO: [HLS 200-1505] Using flow_target 'vivado'
Resolution: For help on HLS 200-1505 see www.xilinx.com/html_docs/xilinx2020_1/hls-guidance/200-1505.html
INFO: [HLS 200-10] Analyzing design file 'e2e_system.cpp' ... 
WARNING: [HLS 207-1599] unexpected pragma parameter 'type': e2e_system.cpp:85:35
WARNING: [HLS 207-1599] unexpected pragma parameter 'type': e2e_system.cpp:87:35
WARNING: [HLS 207-1599] unexpected pragma parameter 'type': e2e_system.cpp:90:35
INFO: [HLS 200-777] Using interface defaults for 'Vivado' target.
INFO: [HLS 214-131] Inlining function 'ap_fixed_base<32, 32, true, (ap_q_mode)5, (ap_o_mode)3, 0>::operator!() const' into 'ap_fixed_base<36, 3, true, (ap_q_mode)5, (ap_o_mode)3, 0>& ap_fixed_base<36, 3, true, (ap_q_mode)5, (ap_o_mode)3, 0>::operator=<32, 32, true, (ap_q_mode)5, (ap_o_mode)3, 0>(ap_fixed_base<32, 32, true, (ap_q_mode)5, (ap_o_mode)3, 0> const&)' (D:/Vitis/2020.1/common/technology/autopilot\ap_fixed_base.h:698:9)
INFO: [HLS 214-131] Inlining function 'ap_fixed_base<36, 3, true, (ap_q_mode)5, (ap_o_mode)3, 0>& ap_fixed_base<36, 3, true, (ap_q_mode)5, (ap_o_mode)3, 0>::operator=<32, 32, true, (ap_q_mode)5, (ap_o_mode)3, 0>(ap_fixed_base<32, 32, true, (ap_q_mode)5, (ap_o_mode)3, 0> const&)' into 'ap_fixed_base<36, 3, true, (ap_q_mode)5, (ap_o_mode)3, 0>::ap_fixed_base(int)' (D:/Vitis/2020.1/common/technology/autopilot\ap_fixed_base.h:541:146)
INFO: [HLS 214-131] Inlining function 'ap_fixed_base<36, 3, true, (ap_q_mode)5, (ap_o_mode)3, 0>::ap_fixed_base(int)' into 'ap_fixed<36, 3, (ap_q_mode)5, (ap_o_mode)3, 0>::ap_fixed(int)' (D:/Vitis/2020.1/common/technology/autopilot\ap_fixed.h:183:59)
INFO: [HLS 214-131] Inlining function 'ap_int_base<65, true>::ap_int_base<11, false>(ap_int_base<11, false> const&)' into 'ap_int_base<11, false>::RType<64, true>::minus operator-<11, false, 64, true>(ap_int_base<11, false> const&, ap_int_base<64, true> const&)' (D:/Vitis/2020.1/common/technology/autopilot\ap_int_base.h:1351:341)
INFO: [HLS 214-131] Inlining function 'ap_int<65>::ap_int<65, true>(ap_int_base<65, true> const&)' into 'ap_int_base<11, false>::RType<64, true>::minus operator-<11, false, 64, true>(ap_int_base<11, false> const&, ap_int_base<64, true> const&)' (D:/Vitis/2020.1/common/technology/autopilot\ap_int_base.h:1351:555)
INFO: [HLS 214-131] Inlining function 'ap_int_base<65, true>::ap_int_base<64, true>(ap_int_base<64, true> const&)' into 'ap_int_base<11, false>::RType<64, true>::minus operator-<11, false, 64, true>(ap_int_base<11, false> const&, ap_int_base<64, true> const&)' (D:/Vitis/2020.1/common/technology/autopilot\ap_int_base.h:1351:430)
INFO: [HLS 214-131] Inlining function 'ap_int_base<64, true>::ap_int_base(long)' into 'ap_int_base<11, false>::RType<($_0)64, true>::minus operator-<11, false>(ap_int_base<11, false> const&, long)' (D:/Vitis/2020.1/common/technology/autopilot\ap_int_base.h:1467:1548)
INFO: [HLS 214-131] Inlining function 'ap_int_base<11, false>::RType<64, true>::minus operator-<11, false, 64, true>(ap_int_base<11, false> const&, ap_int_base<64, true> const&)' into 'ap_int_base<11, false>::RType<($_0)64, true>::minus operator-<11, false>(ap_int_base<11, false> const&, long)' (D:/Vitis/2020.1/common/technology/autopilot\ap_int_base.h:1467:1546)
INFO: [HLS 214-131] Inlining function 'ap_int_base<55, true>::ap_int_base<1, false>(ap_int_base<1, false> const&)' into 'ap_int_base<1, false>::RType<54, true>::minus operator-<1, false, 54, true>(ap_int_base<1, false> const&, ap_int_base<54, true> const&)' (D:/Vitis/2020.1/common/technology/autopilot\ap_int_base.h:1351:341)
INFO: [HLS 214-131] Inlining function 'ap_int<55>::ap_int<55, true>(ap_int_base<55, true> const&)' into 'ap_int_base<1, false>::RType<54, true>::minus operator-<1, false, 54, true>(ap_int_base<1, false> const&, ap_int_base<54, true> const&)' (D:/Vitis/2020.1/common/technology/autopilot\ap_int_base.h:1351:555)
INFO: [HLS 214-131] Inlining function 'ap_int_base<55, true>::ap_int_base<54, true>(ap_int_base<54, true> const&)' into 'ap_int_base<1, false>::RType<54, true>::minus operator-<1, false, 54, true>(ap_int_base<1, false> const&, ap_int_base<54, true> const&)' (D:/Vitis/2020.1/common/technology/autopilot\ap_int_base.h:1351:430)
INFO: [HLS 214-131] Inlining function 'ap_int_base<1, false>::ap_int_base(int)' into 'ap_int_base<54, true>::operator-() const' (D:/Vitis/2020.1/common/technology/autopilot\ap_int_base.h:750:12)
INFO: [HLS 214-131] Inlining function 'ap_int_base<1, false>::RType<54, true>::minus operator-<1, false, 54, true>(ap_int_base<1, false> const&, ap_int_base<54, true> const&)' into 'ap_int_base<54, true>::operator-() const' (D:/Vitis/2020.1/common/technology/autopilot\ap_int_base.h:750:37)
INFO: [HLS 214-131] Inlining function 'doubleToRawBits(double)' into 'ap_fixed_base<36, 3, true, (ap_q_mode)5, (ap_o_mode)3, 0>::ap_fixed_base(double)' (D:/Vitis/2020.1/common/technology/autopilot\ap_fixed_base.h:556:14)
INFO: [HLS 214-131] Inlining function 'ap_int_base<54, true>& ap_int_base<54, true>::operator=<55, true>(ap_int_base<55, true> const&)' into 'ap_fixed_base<36, 3, true, (ap_q_mode)5, (ap_o_mode)3, 0>::ap_fixed_base(double)' (D:/Vitis/2020.1/common/technology/autopilot\ap_fixed_base.h:570:20)
INFO: [HLS 214-131] Inlining function 'ap_int_base<54, true>::operator-() const' into 'ap_fixed_base<36, 3, true, (ap_q_mode)5, (ap_o_mode)3, 0>::ap_fixed_base(double)' (D:/Vitis/2020.1/common/technology/autopilot\ap_fixed_base.h:570:22)
INFO: [HLS 214-131] Inlining function 'ap_int_base<12, true>& ap_int_base<12, true>::operator=<65, true>(ap_int_base<65, true> const&)' into 'ap_fixed_base<36, 3, true, (ap_q_mode)5, (ap_o_mode)3, 0>::ap_fixed_base(double)' (D:/Vitis/2020.1/common/technology/autopilot\ap_fixed_base.h:563:9)
INFO: [HLS 214-131] Inlining function 'ap_int_base<11, false>::RType<($_0)64, true>::minus operator-<11, false>(ap_int_base<11, false> const&, long)' into 'ap_fixed_base<36, 3, true, (ap_q_mode)5, (ap_o_mode)3, 0>::ap_fixed_base(double)' (D:/Vitis/2020.1/common/technology/autopilot\ap_fixed_base.h:563:19)
INFO: [HLS 214-131] Inlining function 'ap_fixed_base<36, 3, true, (ap_q_mode)5, (ap_o_mode)3, 0>::ap_fixed_base(float)' into 'ap_fixed<36, 3, (ap_q_mode)5, (ap_o_mode)3, 0>::ap_fixed(float)' (D:/Vitis/2020.1/common/technology/autopilot\ap_fixed.h:190:61)
INFO: [HLS 214-131] Inlining function 'ap_fixed<72, 6, (ap_q_mode)5, (ap_o_mode)3, 0>::ap_fixed<72, 6, true, (ap_q_mode)5, (ap_o_mode)3, 0>(ap_fixed_base<72, 6, true, (ap_q_mode)5, (ap_o_mode)3, 0> const&)' into 'ap_fixed_base<36, 3, true, (ap_q_mode)5, (ap_o_mode)3, 0>::RType<36, 3, true>::mult ap_fixed_base<36, 3, true, (ap_q_mode)5, (ap_o_mode)3, 0>::operator*<36, 3, true, (ap_q_mode)5, (ap_o_mode)3, 0>(ap_fixed_base<36, 3, true, (ap_q_mode)5, (ap_o_mode)3, 0> const&) const' (D:/Vitis/2020.1/common/technology/autopilot\ap_fixed_base.h:1119:12)
INFO: [HLS 214-131] Inlining function 'ap_fixed_base<72, 6, true, (ap_q_mode)5, (ap_o_mode)3, 0>::operator!() const' into 'ap_fixed_base<73, 7, true, (ap_q_mode)5, (ap_o_mode)3, 0>& ap_fixed_base<73, 7, true, (ap_q_mode)5, (ap_o_mode)3, 0>::operator=<72, 6, true, (ap_q_mode)5, (ap_o_mode)3, 0>(ap_fixed_base<72, 6, true, (ap_q_mode)5, (ap_o_mode)3, 0> const&)' (D:/Vitis/2020.1/common/technology/autopilot\ap_fixed_base.h:698:9)
INFO: [HLS 214-131] Inlining function 'ap_fixed_base<73, 7, true, (ap_q_mode)5, (ap_o_mode)3, 0>& ap_fixed_base<73, 7, true, (ap_q_mode)5, (ap_o_mode)3, 0>::operator=<72, 6, true, (ap_q_mode)5, (ap_o_mode)3, 0>(ap_fixed_base<72, 6, true, (ap_q_mode)5, (ap_o_mode)3, 0> const&)' into 'ap_fixed_base<73, 7, true, (ap_q_mode)5, (ap_o_mode)3, 0>::ap_fixed_base<72, 6, true, (ap_q_mode)5, (ap_o_mode)3, 0>(ap_fixed_base<72, 6, true, (ap_q_mode)5, (ap_o_mode)3, 0> const&)' (D:/Vitis/2020.1/common/technology/autopilot\ap_fixed_base.h:431:5)
INFO: [HLS 214-131] Inlining function 'ap_fixed_base<73, 7, true, (ap_q_mode)5, (ap_o_mode)3, 0>::ap_fixed_base<72, 6, true, (ap_q_mode)5, (ap_o_mode)3, 0>(ap_fixed_base<72, 6, true, (ap_q_mode)5, (ap_o_mode)3, 0> const&)' into 'ap_fixed_base<72, 6, true, (ap_q_mode)5, (ap_o_mode)3, 0>::RType<72, 6, true>::plus ap_fixed_base<72, 6, true, (ap_q_mode)5, (ap_o_mode)3, 0>::operator+<72, 6, true, (ap_q_mode)5, (ap_o_mode)3, 0>(ap_fixed_base<72, 6, true, (ap_q_mode)5, (ap_o_mode)3, 0> const&) const' (D:/Vitis/2020.1/common/technology/autopilot\ap_fixed_base.h:1192:330)
INFO: [HLS 214-131] Inlining function 'ap_fixed<73, 7, (ap_q_mode)5, (ap_o_mode)3, 0>::ap_fixed<73, 7, true, (ap_q_mode)5, (ap_o_mode)3, 0>(ap_fixed_base<73, 7, true, (ap_q_mode)5, (ap_o_mode)3, 0> const&)' into 'ap_fixed_base<72, 6, true, (ap_q_mode)5, (ap_o_mode)3, 0>::RType<72, 6, true>::plus ap_fixed_base<72, 6, true, (ap_q_mode)5, (ap_o_mode)3, 0>::operator+<72, 6, true, (ap_q_mode)5, (ap_o_mode)3, 0>(ap_fixed_base<72, 6, true, (ap_q_mode)5, (ap_o_mode)3, 0> const&) const' (D:/Vitis/2020.1/common/technology/autopilot\ap_fixed_base.h:1192:382)
INFO: [HLS 214-131] Inlining function 'ap_fixed_base<73, 7, true, (ap_q_mode)5, (ap_o_mode)3, 0>::ap_fixed_base<72, 6, true, (ap_q_mode)5, (ap_o_mode)3, 0>(ap_fixed_base<72, 6, true, (ap_q_mode)5, (ap_o_mode)3, 0> const&)' into 'ap_fixed_base<72, 6, true, (ap_q_mode)5, (ap_o_mode)3, 0>::RType<72, 6, true>::plus ap_fixed_base<72, 6, true, (ap_q_mode)5, (ap_o_mode)3, 0>::operator+<72, 6, true, (ap_q_mode)5, (ap_o_mode)3, 0>(ap_fixed_base<72, 6, true, (ap_q_mode)5, (ap_o_mode)3, 0> const&) const' (D:/Vitis/2020.1/common/technology/autopilot\ap_fixed_base.h:1192:342)
INFO: [HLS 214-131] Inlining function 'ap_fixed_base<36, 3, true, (ap_q_mode)5, (ap_o_mode)3, 0>::operator!() const' into 'ap_fixed_base<74, 8, true, (ap_q_mode)5, (ap_o_mode)3, 0>& ap_fixed_base<74, 8, true, (ap_q_mode)5, (ap_o_mode)3, 0>::operator=<36, 3, true, (ap_q_mode)5, (ap_o_mode)3, 0>(ap_fixed_base<36, 3, true, (ap_q_mode)5, (ap_o_mode)3, 0> const&)' (D:/Vitis/2020.1/common/technology/autopilot\ap_fixed_base.h:698:9)
INFO: [HLS 214-131] Inlining function 'ap_fixed_base<74, 8, true, (ap_q_mode)5, (ap_o_mode)3, 0>& ap_fixed_base<74, 8, true, (ap_q_mode)5, (ap_o_mode)3, 0>::operator=<36, 3, true, (ap_q_mode)5, (ap_o_mode)3, 0>(ap_fixed_base<36, 3, true, (ap_q_mode)5, (ap_o_mode)3, 0> const&)' into 'ap_fixed_base<74, 8, true, (ap_q_mode)5, (ap_o_mode)3, 0>::ap_fixed_base<36, 3, true, (ap_q_mode)5, (ap_o_mode)3, 0>(ap_fixed_base<36, 3, true, (ap_q_mode)5, (ap_o_mode)3, 0> const&)' (D:/Vitis/2020.1/common/technology/autopilot\ap_fixed_base.h:431:5)
INFO: [HLS 214-131] Inlining function 'ap_fixed_base<73, 7, true, (ap_q_mode)5, (ap_o_mode)3, 0>::operator!() const' into 'ap_fixed_base<74, 8, true, (ap_q_mode)5, (ap_o_mode)3, 0>& ap_fixed_base<74, 8, true, (ap_q_mode)5, (ap_o_mode)3, 0>::operator=<73, 7, true, (ap_q_mode)5, (ap_o_mode)3, 0>(ap_fixed_base<73, 7, true, (ap_q_mode)5, (ap_o_mode)3, 0> const&)' (D:/Vitis/2020.1/common/technology/autopilot\ap_fixed_base.h:698:9)
INFO: [HLS 214-131] Inlining function 'ap_fixed_base<74, 8, true, (ap_q_mode)5, (ap_o_mode)3, 0>& ap_fixed_base<74, 8, true, (ap_q_mode)5, (ap_o_mode)3, 0>::operator=<73, 7, true, (ap_q_mode)5, (ap_o_mode)3, 0>(ap_fixed_base<73, 7, true, (ap_q_mode)5, (ap_o_mode)3, 0> const&)' into 'ap_fixed_base<74, 8, true, (ap_q_mode)5, (ap_o_mode)3, 0>::ap_fixed_base<73, 7, true, (ap_q_mode)5, (ap_o_mode)3, 0>(ap_fixed_base<73, 7, true, (ap_q_mode)5, (ap_o_mode)3, 0> const&)' (D:/Vitis/2020.1/common/technology/autopilot\ap_fixed_base.h:431:5)
INFO: [HLS 214-131] Inlining function 'ap_fixed_base<74, 8, true, (ap_q_mode)5, (ap_o_mode)3, 0>::ap_fixed_base<36, 3, true, (ap_q_mode)5, (ap_o_mode)3, 0>(ap_fixed_base<36, 3, true, (ap_q_mode)5, (ap_o_mode)3, 0> const&)' into 'ap_fixed_base<36, 3, true, (ap_q_mode)5, (ap_o_mode)3, 0>::RType<73, 7, true>::plus ap_fixed_base<36, 3, true, (ap_q_mode)5, (ap_o_mode)3, 0>::operator+<73, 7, true, (ap_q_mode)5, (ap_o_mode)3, 0>(ap_fixed_base<73, 7, true, (ap_q_mode)5, (ap_o_mode)3, 0> const&) const' (D:/Vitis/2020.1/common/technology/autopilot\ap_fixed_base.h:1192:330)
INFO: [HLS 214-131] Inlining function 'ap_fixed<74, 8, (ap_q_mode)5, (ap_o_mode)3, 0>::ap_fixed<74, 8, true, (ap_q_mode)5, (ap_o_mode)3, 0>(ap_fixed_base<74, 8, true, (ap_q_mode)5, (ap_o_mode)3, 0> const&)' into 'ap_fixed_base<36, 3, true, (ap_q_mode)5, (ap_o_mode)3, 0>::RType<73, 7, true>::plus ap_fixed_base<36, 3, true, (ap_q_mode)5, (ap_o_mode)3, 0>::operator+<73, 7, true, (ap_q_mode)5, (ap_o_mode)3, 0>(ap_fixed_base<73, 7, true, (ap_q_mode)5, (ap_o_mode)3, 0> const&) const' (D:/Vitis/2020.1/common/technology/autopilot\ap_fixed_base.h:1192:382)
INFO: [HLS 214-131] Inlining function 'ap_fixed_base<74, 8, true, (ap_q_mode)5, (ap_o_mode)3, 0>::ap_fixed_base<73, 7, true, (ap_q_mode)5, (ap_o_mode)3, 0>(ap_fixed_base<73, 7, true, (ap_q_mode)5, (ap_o_mode)3, 0> const&)' into 'ap_fixed_base<36, 3, true, (ap_q_mode)5, (ap_o_mode)3, 0>::RType<73, 7, true>::plus ap_fixed_base<36, 3, true, (ap_q_mode)5, (ap_o_mode)3, 0>::operator+<73, 7, true, (ap_q_mode)5, (ap_o_mode)3, 0>(ap_fixed_base<73, 7, true, (ap_q_mode)5, (ap_o_mode)3, 0> const&) const' (D:/Vitis/2020.1/common/technology/autopilot\ap_fixed_base.h:1192:342)
INFO: [HLS 214-131] Inlining function 'ap_fixed_base<74, 8, true, (ap_q_mode)5, (ap_o_mode)3, 0>::operator!() const' into 'ap_fixed_base<36, 3, true, (ap_q_mode)5, (ap_o_mode)3, 0>& ap_fixed_base<36, 3, true, (ap_q_mode)5, (ap_o_mode)3, 0>::operator=<74, 8, true, (ap_q_mode)5, (ap_o_mode)3, 0>(ap_fixed_base<74, 8, true, (ap_q_mode)5, (ap_o_mode)3, 0> const&)' (D:/Vitis/2020.1/common/technology/autopilot\ap_fixed_base.h:698:9)
INFO: [HLS 214-131] Inlining function 'ap_fixed_base<36, 3, true, (ap_q_mode)5, (ap_o_mode)3, 0>::RType<73, 7, true>::plus ap_fixed_base<36, 3, true, (ap_q_mode)5, (ap_o_mode)3, 0>::operator+<73, 7, true, (ap_q_mode)5, (ap_o_mode)3, 0>(ap_fixed_base<73, 7, true, (ap_q_mode)5, (ap_o_mode)3, 0> const&) const' into 'ap_fixed_base<36, 3, true, (ap_q_mode)5, (ap_o_mode)3, 0>& ap_fixed_base<36, 3, true, (ap_q_mode)5, (ap_o_mode)3, 0>::operator+=<73, 7, true, (ap_q_mode)5, (ap_o_mode)3, 0>(ap_fixed_base<73, 7, true, (ap_q_mode)5, (ap_o_mode)3, 0> const&)' (D:/Vitis/2020.1/common/technology/autopilot\ap_fixed_base.h:1212:248)
INFO: [HLS 214-131] Inlining function 'ap_fixed_base<36, 3, true, (ap_q_mode)5, (ap_o_mode)3, 0>& ap_fixed_base<36, 3, true, (ap_q_mode)5, (ap_o_mode)3, 0>::operator=<74, 8, true, (ap_q_mode)5, (ap_o_mode)3, 0>(ap_fixed_base<74, 8, true, (ap_q_mode)5, (ap_o_mode)3, 0> const&)' into 'ap_fixed_base<36, 3, true, (ap_q_mode)5, (ap_o_mode)3, 0>& ap_fixed_base<36, 3, true, (ap_q_mode)5, (ap_o_mode)3, 0>::operator+=<73, 7, true, (ap_q_mode)5, (ap_o_mode)3, 0>(ap_fixed_base<73, 7, true, (ap_q_mode)5, (ap_o_mode)3, 0> const&)' (D:/Vitis/2020.1/common/technology/autopilot\ap_fixed_base.h:1212:246)
INFO: [HLS 214-131] Inlining function 'ap_fixed<36, 3, (ap_q_mode)5, (ap_o_mode)3, 0>::ap_fixed(int)' into 'filter(ap_fixed<36, 3, (ap_q_mode)5, (ap_o_mode)3, 0>*, float*)' (e2e_system.cpp:43:35)
INFO: [HLS 214-131] Inlining function 'ap_fixed<36, 3, (ap_q_mode)5, (ap_o_mode)3, 0>::operator=(ap_fixed<36, 3, (ap_q_mode)5, (ap_o_mode)3, 0> const&)' into 'filter(ap_fixed<36, 3, (ap_q_mode)5, (ap_o_mode)3, 0>*, float*)' (e2e_system.cpp:75:21)
INFO: [HLS 214-131] Inlining function 'ap_fixed_base<36, 3, true, (ap_q_mode)5, (ap_o_mode)3, 0>& ap_fixed_base<36, 3, true, (ap_q_mode)5, (ap_o_mode)3, 0>::operator+=<73, 7, true, (ap_q_mode)5, (ap_o_mode)3, 0>(ap_fixed_base<73, 7, true, (ap_q_mode)5, (ap_o_mode)3, 0> const&)' into 'filter(ap_fixed<36, 3, (ap_q_mode)5, (ap_o_mode)3, 0>*, float*)' (e2e_system.cpp:73:6)
INFO: [HLS 214-131] Inlining function 'ap_fixed_base<72, 6, true, (ap_q_mode)5, (ap_o_mode)3, 0>::RType<72, 6, true>::plus ap_fixed_base<72, 6, true, (ap_q_mode)5, (ap_o_mode)3, 0>::operator+<72, 6, true, (ap_q_mode)5, (ap_o_mode)3, 0>(ap_fixed_base<72, 6, true, (ap_q_mode)5, (ap_o_mode)3, 0> const&) const' into 'filter(ap_fixed<36, 3, (ap_q_mode)5, (ap_o_mode)3, 0>*, float*)' (e2e_system.cpp:73:61)
INFO: [HLS 214-131] Inlining function 'ap_fixed_base<36, 3, true, (ap_q_mode)5, (ap_o_mode)3, 0>::RType<36, 3, true>::mult ap_fixed_base<36, 3, true, (ap_q_mode)5, (ap_o_mode)3, 0>::operator*<36, 3, true, (ap_q_mode)5, (ap_o_mode)3, 0>(ap_fixed_base<36, 3, true, (ap_q_mode)5, (ap_o_mode)3, 0> const&) const' into 'filter(ap_fixed<36, 3, (ap_q_mode)5, (ap_o_mode)3, 0>*, float*)' (e2e_system.cpp:73:83)
INFO: [HLS 214-131] Inlining function 'ap_fixed_base<36, 3, true, (ap_q_mode)5, (ap_o_mode)3, 0>::RType<36, 3, true>::mult ap_fixed_base<36, 3, true, (ap_q_mode)5, (ap_o_mode)3, 0>::operator*<36, 3, true, (ap_q_mode)5, (ap_o_mode)3, 0>(ap_fixed_base<36, 3, true, (ap_q_mode)5, (ap_o_mode)3, 0> const&) const' into 'filter(ap_fixed<36, 3, (ap_q_mode)5, (ap_o_mode)3, 0>*, float*)' (e2e_system.cpp:73:31)
INFO: [HLS 214-131] Inlining function 'ap_fixed<36, 3, (ap_q_mode)5, (ap_o_mode)3, 0>::operator=(ap_fixed<36, 3, (ap_q_mode)5, (ap_o_mode)3, 0> const&)' into 'filter(ap_fixed<36, 3, (ap_q_mode)5, (ap_o_mode)3, 0>*, float*)' (e2e_system.cpp:67:24)
INFO: [HLS 214-131] Inlining function 'ap_fixed<36, 3, (ap_q_mode)5, (ap_o_mode)3, 0>::ap_fixed(int)' into 'filter(ap_fixed<36, 3, (ap_q_mode)5, (ap_o_mode)3, 0>*, float*)' (e2e_system.cpp:67:26)
INFO: [HLS 214-131] Inlining function 'ap_fixed<36, 3, (ap_q_mode)5, (ap_o_mode)3, 0>::operator=(ap_fixed<36, 3, (ap_q_mode)5, (ap_o_mode)3, 0> const&)' into 'filter(ap_fixed<36, 3, (ap_q_mode)5, (ap_o_mode)3, 0>*, float*)' (e2e_system.cpp:63:24)
INFO: [HLS 214-131] Inlining function 'ap_fixed<36, 3, (ap_q_mode)5, (ap_o_mode)3, 0>::ap_fixed(float)' into 'filter(ap_fixed<36, 3, (ap_q_mode)5, (ap_o_mode)3, 0>*, float*)' (e2e_system.cpp:63:26)
INFO: [HLS 214-131] Inlining function 'ap_fixed<36, 3, (ap_q_mode)5, (ap_o_mode)3, 0>::ap_fixed(int)' into 'filter(ap_fixed<36, 3, (ap_q_mode)5, (ap_o_mode)3, 0>*, float*)' (e2e_system.cpp:44:34)
INFO: [HLS 214-131] Inlining function 'ap_fixed<36, 3, (ap_q_mode)5, (ap_o_mode)3, 0>::operator=(ap_fixed<36, 3, (ap_q_mode)5, (ap_o_mode)3, 0> const&)' into 'filter(ap_fixed<36, 3, (ap_q_mode)5, (ap_o_mode)3, 0>*, float*)' (e2e_system.cpp:60:24)
INFO: [HLS 214-131] Inlining function 'ap_fixed<36, 3, (ap_q_mode)5, (ap_o_mode)3, 0>::ap_fixed(float)' into 'filter(ap_fixed<36, 3, (ap_q_mode)5, (ap_o_mode)3, 0>*, float*)' (e2e_system.cpp:60:26)
INFO: [HLS 214-131] Inlining function 'ap_fixed<36, 3, (ap_q_mode)5, (ap_o_mode)3, 0>::ap_fixed(int)' into 'filter(ap_fixed<36, 3, (ap_q_mode)5, (ap_o_mode)3, 0>*, float*)' (e2e_system.cpp:45:15)
INFO: [HLS 214-131] Inlining function 'ap_fixed<36, 3, (ap_q_mode)5, (ap_o_mode)3, 0>::operator=(ap_fixed<36, 3, (ap_q_mode)5, (ap_o_mode)3, 0> const&)' into 'filter(ap_fixed<36, 3, (ap_q_mode)5, (ap_o_mode)3, 0>*, float*)' (e2e_system.cpp:57:24)
INFO: [HLS 214-131] Inlining function 'ap_fixed<36, 3, (ap_q_mode)5, (ap_o_mode)3, 0>::operator=(ap_fixed<36, 3, (ap_q_mode)5, (ap_o_mode)3, 0> const&)' into 'filter(ap_fixed<36, 3, (ap_q_mode)5, (ap_o_mode)3, 0>*, float*)' (e2e_system.cpp:56:23)
INFO: [HLS 214-131] Inlining function 'ap_fixed<36, 3, (ap_q_mode)5, (ap_o_mode)3, 0>::operator=(ap_fixed<36, 3, (ap_q_mode)5, (ap_o_mode)3, 0> const&)' into 'filter(ap_fixed<36, 3, (ap_q_mode)5, (ap_o_mode)3, 0>*, float*)' (e2e_system.cpp:51:7)
INFO: [HLS 214-131] Inlining function 'ap_fixed<36, 3, (ap_q_mode)5, (ap_o_mode)3, 0>::ap_fixed(int)' into 'filter(ap_fixed<36, 3, (ap_q_mode)5, (ap_o_mode)3, 0>*, float*)' (e2e_system.cpp:51:9)
INFO: [HLS 214-131] Inlining function 'ap_fixed_base<32, 32, true, (ap_q_mode)5, (ap_o_mode)3, 0>::operator!() const' into 'ap_fixed_base<36, 8, true, (ap_q_mode)5, (ap_o_mode)3, 0>& ap_fixed_base<36, 8, true, (ap_q_mode)5, (ap_o_mode)3, 0>::operator=<32, 32, true, (ap_q_mode)5, (ap_o_mode)3, 0>(ap_fixed_base<32, 32, true, (ap_q_mode)5, (ap_o_mode)3, 0> const&)' (D:/Vitis/2020.1/common/technology/autopilot\ap_fixed_base.h:698:9)
INFO: [HLS 214-131] Inlining function 'ap_fixed_base<36, 8, true, (ap_q_mode)5, (ap_o_mode)3, 0>& ap_fixed_base<36, 8, true, (ap_q_mode)5, (ap_o_mode)3, 0>::operator=<32, 32, true, (ap_q_mode)5, (ap_o_mode)3, 0>(ap_fixed_base<32, 32, true, (ap_q_mode)5, (ap_o_mode)3, 0> const&)' into 'ap_fixed_base<36, 8, true, (ap_q_mode)5, (ap_o_mode)3, 0>::ap_fixed_base(int)' (D:/Vitis/2020.1/common/technology/autopilot\ap_fixed_base.h:541:146)
INFO: [HLS 214-131] Inlining function 'ap_fixed_base<36, 8, true, (ap_q_mode)5, (ap_o_mode)3, 0>::ap_fixed_base(int)' into 'ap_fixed<36, 8, (ap_q_mode)5, (ap_o_mode)3, 0>::ap_fixed(int)' (D:/Vitis/2020.1/common/technology/autopilot\ap_fixed.h:183:59)
INFO: [HLS 214-131] Inlining function 'ap_fixed_base<2, 2, true, (ap_q_mode)5, (ap_o_mode)3, 0>::operator!() const' into 'ap_fixed_base<2, 2, true, (ap_q_mode)5, (ap_o_mode)3, 0>& ap_fixed_base<2, 2, true, (ap_q_mode)5, (ap_o_mode)3, 0>::operator=<2, 2, true, (ap_q_mode)5, (ap_o_mode)3, 0>(ap_fixed_base<2, 2, true, (ap_q_mode)5, (ap_o_mode)3, 0> const&)' (D:/Vitis/2020.1/common/technology/autopilot\ap_fixed_base.h:698:9)
INFO: [HLS 214-131] Inlining function 'ap_fixed_base<2, 2, true, (ap_q_mode)5, (ap_o_mode)3, 0>& ap_fixed_base<2, 2, true, (ap_q_mode)5, (ap_o_mode)3, 0>::operator=<2, 2, true, (ap_q_mode)5, (ap_o_mode)3, 0>(ap_fixed_base<2, 2, true, (ap_q_mode)5, (ap_o_mode)3, 0> const&)' into 'ap_fixed_base<2, 2, true, (ap_q_mode)5, (ap_o_mode)3, 0>::ap_fixed_base<2, true>(ap_int_base<2, true> const&)' (D:/Vitis/2020.1/common/technology/autopilot\ap_fixed_base.h:447:5)
INFO: [HLS 214-131] Inlining function 'ap_fixed<38, 5, (ap_q_mode)5, (ap_o_mode)3, 0>::ap_fixed<38, 5, true, (ap_q_mode)5, (ap_o_mode)3, 0>(ap_fixed_base<38, 5, true, (ap_q_mode)5, (ap_o_mode)3, 0> const&)' into 'ap_fixed_base<36, 3, true, (ap_q_mode)5, (ap_o_mode)3, 0>::RType<2, 2, true>::mult ap_fixed_base<36, 3, true, (ap_q_mode)5, (ap_o_mode)3, 0>::operator*<2, 2, true, (ap_q_mode)5, (ap_o_mode)3, 0>(ap_fixed_base<2, 2, true, (ap_q_mode)5, (ap_o_mode)3, 0> const&) const' (D:/Vitis/2020.1/common/technology/autopilot\ap_fixed_base.h:1119:12)
INFO: [HLS 214-131] Inlining function 'ap_fixed_base<2, 2, true, (ap_q_mode)5, (ap_o_mode)3, 0>::ap_fixed_base<2, true>(ap_int_base<2, true> const&)' into 'ap_fixed_base<36, 3, true, (ap_q_mode)5, (ap_o_mode)3, 0>::RType<2, 2, true>::mult operator*<36, 3, true, (ap_q_mode)5, (ap_o_mode)3, 0, 2, true>(ap_fixed_base<36, 3, true, (ap_q_mode)5, (ap_o_mode)3, 0> const&, ap_int_base<2, true> const&)' (D:/Vitis/2020.1/common/technology/autopilot\ap_fixed_base.h:2305:821)
INFO: [HLS 214-131] Inlining function 'ap_fixed_base<36, 3, true, (ap_q_mode)5, (ap_o_mode)3, 0>::RType<2, 2, true>::mult ap_fixed_base<36, 3, true, (ap_q_mode)5, (ap_o_mode)3, 0>::operator*<2, 2, true, (ap_q_mode)5, (ap_o_mode)3, 0>(ap_fixed_base<2, 2, true, (ap_q_mode)5, (ap_o_mode)3, 0> const&) const' into 'ap_fixed_base<36, 3, true, (ap_q_mode)5, (ap_o_mode)3, 0>::RType<2, 2, true>::mult operator*<36, 3, true, (ap_q_mode)5, (ap_o_mode)3, 0, 2, true>(ap_fixed_base<36, 3, true, (ap_q_mode)5, (ap_o_mode)3, 0> const&, ap_int_base<2, true> const&)' (D:/Vitis/2020.1/common/technology/autopilot\ap_fixed_base.h:2305:810)
INFO: [HLS 214-131] Inlining function 'ap_fixed_base<36, 8, true, (ap_q_mode)5, (ap_o_mode)3, 0>::operator!() const' into 'ap_fixed_base<42, 9, true, (ap_q_mode)5, (ap_o_mode)3, 0>& ap_fixed_base<42, 9, true, (ap_q_mode)5, (ap_o_mode)3, 0>::operator=<36, 8, true, (ap_q_mode)5, (ap_o_mode)3, 0>(ap_fixed_base<36, 8, true, (ap_q_mode)5, (ap_o_mode)3, 0> const&)' (D:/Vitis/2020.1/common/technology/autopilot\ap_fixed_base.h:698:9)
INFO: [HLS 214-131] Inlining function 'ap_fixed_base<42, 9, true, (ap_q_mode)5, (ap_o_mode)3, 0>& ap_fixed_base<42, 9, true, (ap_q_mode)5, (ap_o_mode)3, 0>::operator=<36, 8, true, (ap_q_mode)5, (ap_o_mode)3, 0>(ap_fixed_base<36, 8, true, (ap_q_mode)5, (ap_o_mode)3, 0> const&)' into 'ap_fixed_base<42, 9, true, (ap_q_mode)5, (ap_o_mode)3, 0>::ap_fixed_base<36, 8, true, (ap_q_mode)5, (ap_o_mode)3, 0>(ap_fixed_base<36, 8, true, (ap_q_mode)5, (ap_o_mode)3, 0> const&)' (D:/Vitis/2020.1/common/technology/autopilot\ap_fixed_base.h:431:5)
INFO: [HLS 214-131] Inlining function 'ap_fixed_base<38, 5, true, (ap_q_mode)5, (ap_o_mode)3, 0>::operator!() const' into 'ap_fixed_base<42, 9, true, (ap_q_mode)5, (ap_o_mode)3, 0>& ap_fixed_base<42, 9, true, (ap_q_mode)5, (ap_o_mode)3, 0>::operator=<38, 5, true, (ap_q_mode)5, (ap_o_mode)3, 0>(ap_fixed_base<38, 5, true, (ap_q_mode)5, (ap_o_mode)3, 0> const&)' (D:/Vitis/2020.1/common/technology/autopilot\ap_fixed_base.h:698:9)
INFO: [HLS 214-131] Inlining function 'ap_fixed_base<42, 9, true, (ap_q_mode)5, (ap_o_mode)3, 0>& ap_fixed_base<42, 9, true, (ap_q_mode)5, (ap_o_mode)3, 0>::operator=<38, 5, true, (ap_q_mode)5, (ap_o_mode)3, 0>(ap_fixed_base<38, 5, true, (ap_q_mode)5, (ap_o_mode)3, 0> const&)' into 'ap_fixed_base<42, 9, true, (ap_q_mode)5, (ap_o_mode)3, 0>::ap_fixed_base<38, 5, true, (ap_q_mode)5, (ap_o_mode)3, 0>(ap_fixed_base<38, 5, true, (ap_q_mode)5, (ap_o_mode)3, 0> const&)' (D:/Vitis/2020.1/common/technology/autopilot\ap_fixed_base.h:431:5)
INFO: [HLS 214-131] Inlining function 'ap_fixed_base<42, 9, true, (ap_q_mode)5, (ap_o_mode)3, 0>::ap_fixed_base<36, 8, true, (ap_q_mode)5, (ap_o_mode)3, 0>(ap_fixed_base<36, 8, true, (ap_q_mode)5, (ap_o_mode)3, 0> const&)' into 'ap_fixed_base<36, 8, true, (ap_q_mode)5, (ap_o_mode)3, 0>::RType<38, 5, true>::plus ap_fixed_base<36, 8, true, (ap_q_mode)5, (ap_o_mode)3, 0>::operator+<38, 5, true, (ap_q_mode)5, (ap_o_mode)3, 0>(ap_fixed_base<38, 5, true, (ap_q_mode)5, (ap_o_mode)3, 0> const&) const' (D:/Vitis/2020.1/common/technology/autopilot\ap_fixed_base.h:1192:330)
INFO: [HLS 214-131] Inlining function 'ap_fixed<42, 9, (ap_q_mode)5, (ap_o_mode)3, 0>::ap_fixed<42, 9, true, (ap_q_mode)5, (ap_o_mode)3, 0>(ap_fixed_base<42, 9, true, (ap_q_mode)5, (ap_o_mode)3, 0> const&)' into 'ap_fixed_base<36, 8, true, (ap_q_mode)5, (ap_o_mode)3, 0>::RType<38, 5, true>::plus ap_fixed_base<36, 8, true, (ap_q_mode)5, (ap_o_mode)3, 0>::operator+<38, 5, true, (ap_q_mode)5, (ap_o_mode)3, 0>(ap_fixed_base<38, 5, true, (ap_q_mode)5, (ap_o_mode)3, 0> const&) const' (D:/Vitis/2020.1/common/technology/autopilot\ap_fixed_base.h:1192:382)
INFO: [HLS 214-131] Inlining function 'ap_fixed_base<42, 9, true, (ap_q_mode)5, (ap_o_mode)3, 0>::ap_fixed_base<38, 5, true, (ap_q_mode)5, (ap_o_mode)3, 0>(ap_fixed_base<38, 5, true, (ap_q_mode)5, (ap_o_mode)3, 0> const&)' into 'ap_fixed_base<36, 8, true, (ap_q_mode)5, (ap_o_mode)3, 0>::RType<38, 5, true>::plus ap_fixed_base<36, 8, true, (ap_q_mode)5, (ap_o_mode)3, 0>::operator+<38, 5, true, (ap_q_mode)5, (ap_o_mode)3, 0>(ap_fixed_base<38, 5, true, (ap_q_mode)5, (ap_o_mode)3, 0> const&) const' (D:/Vitis/2020.1/common/technology/autopilot\ap_fixed_base.h:1192:342)
INFO: [HLS 214-131] Inlining function 'ap_fixed_base<42, 9, true, (ap_q_mode)5, (ap_o_mode)3, 0>::operator!() const' into 'ap_fixed_base<36, 8, true, (ap_q_mode)5, (ap_o_mode)3, 0>& ap_fixed_base<36, 8, true, (ap_q_mode)5, (ap_o_mode)3, 0>::operator=<42, 9, true, (ap_q_mode)5, (ap_o_mode)3, 0>(ap_fixed_base<42, 9, true, (ap_q_mode)5, (ap_o_mode)3, 0> const&)' (D:/Vitis/2020.1/common/technology/autopilot\ap_fixed_base.h:698:9)
INFO: [HLS 214-131] Inlining function 'ap_fixed_base<36, 8, true, (ap_q_mode)5, (ap_o_mode)3, 0>::RType<38, 5, true>::plus ap_fixed_base<36, 8, true, (ap_q_mode)5, (ap_o_mode)3, 0>::operator+<38, 5, true, (ap_q_mode)5, (ap_o_mode)3, 0>(ap_fixed_base<38, 5, true, (ap_q_mode)5, (ap_o_mode)3, 0> const&) const' into 'ap_fixed_base<36, 8, true, (ap_q_mode)5, (ap_o_mode)3, 0>& ap_fixed_base<36, 8, true, (ap_q_mode)5, (ap_o_mode)3, 0>::operator+=<38, 5, true, (ap_q_mode)5, (ap_o_mode)3, 0>(ap_fixed_base<38, 5, true, (ap_q_mode)5, (ap_o_mode)3, 0> const&)' (D:/Vitis/2020.1/common/technology/autopilot\ap_fixed_base.h:1212:248)
INFO: [HLS 214-131] Inlining function 'ap_fixed_base<36, 8, true, (ap_q_mode)5, (ap_o_mode)3, 0>& ap_fixed_base<36, 8, true, (ap_q_mode)5, (ap_o_mode)3, 0>::operator=<42, 9, true, (ap_q_mode)5, (ap_o_mode)3, 0>(ap_fixed_base<42, 9, true, (ap_q_mode)5, (ap_o_mode)3, 0> const&)' into 'ap_fixed_base<36, 8, true, (ap_q_mode)5, (ap_o_mode)3, 0>& ap_fixed_base<36, 8, true, (ap_q_mode)5, (ap_o_mode)3, 0>::operator+=<38, 5, true, (ap_q_mode)5, (ap_o_mode)3, 0>(ap_fixed_base<38, 5, true, (ap_q_mode)5, (ap_o_mode)3, 0> const&)' (D:/Vitis/2020.1/common/technology/autopilot\ap_fixed_base.h:1212:246)
INFO: [HLS 214-131] Inlining function 'ap_int_base<64, false>::ap_int_base(unsigned long long)' into 'ap_int_base<36, false>::countLeadingZeros()' (D:/Vitis/2020.1/common/technology/autopilot\ap_int_base.h:1056:30)
INFO: [HLS 214-131] Inlining function 'ap_int_base<36, false>::countLeadingZeros()' into 'ap_fixed_base<36, 8, true, (ap_q_mode)5, (ap_o_mode)3, 0>::to_float() const' (D:/Vitis/2020.1/common/technology/autopilot\ap_fixed_base.h:942:17)
INFO: [HLS 214-131] Inlining function 'rawBitsToFloat(unsigned long)' into 'ap_fixed_base<36, 8, true, (ap_q_mode)5, (ap_o_mode)3, 0>::to_float() const' (D:/Vitis/2020.1/common/technology/autopilot\ap_fixed_base.h:971:12)
INFO: [HLS 214-131] Inlining function 'ap_fixed_base<36, 8, true, (ap_q_mode)5, (ap_o_mode)3, 0>::to_float() const' into 'ap_fixed_base<36, 8, true, (ap_q_mode)5, (ap_o_mode)3, 0>::operator float() const' (D:/Vitis/2020.1/common/technology/autopilot\ap_fixed_base.h:1026:73)
INFO: [HLS 214-131] Inlining function 'ap_fixed<36, 8, (ap_q_mode)5, (ap_o_mode)3, 0>::ap_fixed(int)' into 'correlator(float*, ap_fixed<36, 3, (ap_q_mode)5, (ap_o_mode)3, 0>*)' (e2e_system.cpp:84:20)
INFO: [HLS 214-131] Inlining function 'ap_fixed<36, 8, (ap_q_mode)5, (ap_o_mode)3, 0>::operator=(ap_fixed<36, 8, (ap_q_mode)5, (ap_o_mode)3, 0> const&)' into 'correlator(float*, ap_fixed<36, 3, (ap_q_mode)5, (ap_o_mode)3, 0>*)' (e2e_system.cpp:126:27)
INFO: [HLS 214-131] Inlining function 'ap_fixed_base<36, 8, true, (ap_q_mode)5, (ap_o_mode)3, 0>::operator float() const' into 'correlator(float*, ap_fixed<36, 3, (ap_q_mode)5, (ap_o_mode)3, 0>*)' (e2e_system.cpp:125:26)
INFO: [HLS 214-131] Inlining function 'bool ap_fixed_base<36, 8, true, (ap_q_mode)5, (ap_o_mode)3, 0>::operator><36, 8, true, (ap_q_mode)5, (ap_o_mode)3, 0>(ap_fixed_base<36, 8, true, (ap_q_mode)5, (ap_o_mode)3, 0> const&) const' into 'correlator(float*, ap_fixed<36, 3, (ap_q_mode)5, (ap_o_mode)3, 0>*)' (e2e_system.cpp:124:14)
INFO: [HLS 214-131] Inlining function 'ap_fixed_base<36, 8, true, (ap_q_mode)5, (ap_o_mode)3, 0>& ap_fixed_base<36, 8, true, (ap_q_mode)5, (ap_o_mode)3, 0>::operator+=<38, 5, true, (ap_q_mode)5, (ap_o_mode)3, 0>(ap_fixed_base<38, 5, true, (ap_q_mode)5, (ap_o_mode)3, 0> const&)' into 'correlator(float*, ap_fixed<36, 3, (ap_q_mode)5, (ap_o_mode)3, 0>*)' (e2e_system.cpp:121:12)
INFO: [HLS 214-131] Inlining function 'ap_fixed_base<36, 3, true, (ap_q_mode)5, (ap_o_mode)3, 0>::RType<2, 2, true>::mult operator*<36, 3, true, (ap_q_mode)5, (ap_o_mode)3, 0, 2, true>(ap_fixed_base<36, 3, true, (ap_q_mode)5, (ap_o_mode)3, 0> const&, ap_int_base<2, true> const&)' into 'correlator(float*, ap_fixed<36, 3, (ap_q_mode)5, (ap_o_mode)3, 0>*)' (e2e_system.cpp:121:34)
INFO: [HLS 214-131] Inlining function 'ap_fixed<36, 8, (ap_q_mode)5, (ap_o_mode)3, 0>::operator=(ap_fixed<36, 8, (ap_q_mode)5, (ap_o_mode)3, 0> const&)' into 'correlator(float*, ap_fixed<36, 3, (ap_q_mode)5, (ap_o_mode)3, 0>*)' (e2e_system.cpp:116:11)
INFO: [HLS 214-131] Inlining function 'ap_fixed<36, 8, (ap_q_mode)5, (ap_o_mode)3, 0>::ap_fixed(int)' into 'correlator(float*, ap_fixed<36, 3, (ap_q_mode)5, (ap_o_mode)3, 0>*)' (e2e_system.cpp:116:13)
INFO: [HLS 214-131] Inlining function 'ap_fixed<36, 3, (ap_q_mode)5, (ap_o_mode)3, 0>::operator=(ap_fixed<36, 3, (ap_q_mode)5, (ap_o_mode)3, 0> const&)' into 'correlator(float*, ap_fixed<36, 3, (ap_q_mode)5, (ap_o_mode)3, 0>*)' (e2e_system.cpp:110:17)
INFO: [HLS 214-131] Inlining function 'ap_fixed<36, 3, (ap_q_mode)5, (ap_o_mode)3, 0>::operator=(ap_fixed<36, 3, (ap_q_mode)5, (ap_o_mode)3, 0> const&)' into 'correlator(float*, ap_fixed<36, 3, (ap_q_mode)5, (ap_o_mode)3, 0>*)' (e2e_system.cpp:108:16)
INFO: [HLS 214-131] Inlining function 'ap_fixed<36, 3, (ap_q_mode)5, (ap_o_mode)3, 0>::operator=(ap_fixed<36, 3, (ap_q_mode)5, (ap_o_mode)3, 0> const&)' into 'correlator(float*, ap_fixed<36, 3, (ap_q_mode)5, (ap_o_mode)3, 0>*)' (e2e_system.cpp:98:17)
INFO: [HLS 214-131] Inlining function 'ap_fixed<36, 3, (ap_q_mode)5, (ap_o_mode)3, 0>::ap_fixed(int)' into 'correlator(float*, ap_fixed<36, 3, (ap_q_mode)5, (ap_o_mode)3, 0>*)' (e2e_system.cpp:98:19)
INFO: [HLS 214-131] Inlining function 'ap_fixed<36, 8, (ap_q_mode)5, (ap_o_mode)3, 0>::operator=(ap_fixed<36, 8, (ap_q_mode)5, (ap_o_mode)3, 0> const&)' into 'correlator(float*, ap_fixed<36, 3, (ap_q_mode)5, (ap_o_mode)3, 0>*)' (e2e_system.cpp:94:25)
INFO: [HLS 214-131] Inlining function 'ap_fixed<36, 8, (ap_q_mode)5, (ap_o_mode)3, 0>::ap_fixed(int)' into 'correlator(float*, ap_fixed<36, 3, (ap_q_mode)5, (ap_o_mode)3, 0>*)' (e2e_system.cpp:94:27)
INFO: [HLS 214-131] Inlining function 'ap_fixed<36, 3, (ap_q_mode)5, (ap_o_mode)3, 0>::ap_fixed(int)' into 'correlator(float*, ap_fixed<36, 3, (ap_q_mode)5, (ap_o_mode)3, 0>*)' (e2e_system.cpp:89:28)
INFO: [HLS 214-131] Inlining function 'ap_fixed<36, 8, (ap_q_mode)5, (ap_o_mode)3, 0>::ap_fixed(int)' into 'correlator(float*, ap_fixed<36, 3, (ap_q_mode)5, (ap_o_mode)3, 0>*)' (e2e_system.cpp:86:35)
INFO: [HLS 214-131] Inlining function 'ap_fixed<36, 3, (ap_q_mode)5, (ap_o_mode)3, 0>::ap_fixed(int)' into 'e2e_system(float*, float*)' (e2e_system.cpp:23:40)
INFO: [HLS 214-186] Unrolling loop 'Inner_Shift_Reg_Loop' (e2e_system.cpp:53:3) in function 'filter' completely with a factor of 11 (e2e_system.cpp:53:3)
INFO: [HLS 214-186] Unrolling loop 'Inner_Accumulator' (e2e_system.cpp:71:3) in function 'filter' completely with a factor of 12 (e2e_system.cpp:71:3)
INFO: [HLS 214-186] Unrolling loop 'SHIFT_ACCUM_LOOP' (e2e_system.cpp:105:3) in function 'correlator' completely with a factor of 30 (e2e_system.cpp:105:3)
INFO: [HLS 200-111] Finished Linking Time (s): cpu = 00:00:12 ; elapsed = 00:00:32 . Memory (MB): peak = 997.387 ; gain = 899.754
INFO: [HLS 200-111] Finished Checking Pragmas Time (s): cpu = 00:00:12 ; elapsed = 00:00:32 . Memory (MB): peak = 997.387 ; gain = 899.754
INFO: [HLS 200-10] Starting code transformations ...
INFO: [HLS 200-111] Finished Standard Transforms Time (s): cpu = 00:00:13 ; elapsed = 00:00:34 . Memory (MB): peak = 997.387 ; gain = 899.754
INFO: [HLS 200-10] Checking synthesizability ...
WARNING: [SYNCHK 200-23] D:/Vitis/2020.1/common/technology/autopilot\ap_fixed_base.h:947: variable-indexed range selection may cause suboptimal QoR.
INFO: [SYNCHK 200-10] 0 error(s), 1 warning(s).
INFO: [HLS 200-111] Finished Checking Synthesizability Time (s): cpu = 00:00:13 ; elapsed = 00:00:34 . Memory (MB): peak = 997.387 ; gain = 899.754
INFO: [XFORM 203-510] Pipelining loop 'DOWNSAMPLER_FILTER' in function 'filter' automatically.
INFO: [XFORM 203-510] Pipelining loop 'Init_Loop' in function 'correlator' automatically.
INFO: [XFORM 203-510] Pipelining loop 'VITIS_LOOP_96_1' in function 'correlator' automatically.
INFO: [XFORM 203-510] Pipelining loop 'BANK' in function 'correlator' automatically.
INFO: [XFORM 203-510] Pipelining loop 'VITIS_LOOP_29_1' (e2e_system.cpp:29) in function 'e2e_system' automatically.
INFO: [XFORM 203-502] Unrolling all sub-loops inside loop 'BANK' in function 'correlator' for pipelining.
INFO: [HLS 200-489] Unrolling loop 'SINGLE_CORRELATOR' (e2e_system.cpp:118) in function 'correlator' completely with a factor of 31.
INFO: [XFORM 203-102] Partitioning array 'codebook.V' in dimension 2 automatically.
INFO: [XFORM 203-401] Performing if-conversion on hyperblock in function 'filter'... converting 17 basic blocks.
INFO: [XFORM 203-401] Performing if-conversion on hyperblock to (e2e_system.cpp:127:4) in function 'correlator'... converting 9 basic blocks.
INFO: [HLS 200-111] Finished Pre-synthesis Time (s): cpu = 00:00:14 ; elapsed = 00:00:35 . Memory (MB): peak = 997.387 ; gain = 899.754
WARNING: [HLS 200-960] Cannot flatten loop 'MULTI_SAMPLE' (e2e_system.cpp:101:19) in function 'correlator' the outer loop is not a perfect loop.
Resolution: For help on HLS 200-960 see www.xilinx.com/html_docs/xilinx2020_1/hls-guidance/200-960.html
INFO: [HLS 200-472] Inferring partial write operation for 'output_signal.V' 
INFO: [HLS 200-472] Inferring partial write operation for 'temp_output.V' 
INFO: [HLS 200-472] Inferring partial write operation for 'correlators_output.V' 
INFO: [HLS 200-472] Inferring partial write operation for 'temp_input.V' 
INFO: [HLS 200-472] Inferring partial write operation for 'correlators_output.V' 
INFO: [HLS 200-472] Inferring partial write operation for 'output' (e2e_system.cpp:125:15)
INFO: [HLS 200-111] Finished Architecture Synthesis Time (s): cpu = 00:00:14 ; elapsed = 00:00:36 . Memory (MB): peak = 997.387 ; gain = 899.754
INFO: [HLS 200-10] Starting hardware synthesis ...
INFO: [HLS 200-10] Synthesizing 'e2e_system' ...
INFO: [HLS 200-10] ----------------------------------------------------------------
INFO: [HLS 200-42] -- Implementing module 'filter' 
INFO: [HLS 200-10] ----------------------------------------------------------------
INFO: [SCHED 204-11] Starting scheduling ...
INFO: [SCHED 204-61] Pipelining loop 'DOWNSAMPLER_FILTER'.
INFO: [HLS 200-1470] Pipelining result : Target II = 1, Final II = 1, Depth = 16.
INFO: [SCHED 204-11] Finished scheduling.
INFO: [HLS 200-111]  Elapsed time: 37.041 seconds; current allocated memory: 286.720 MB.
INFO: [BIND 205-100] Starting micro-architecture generation ...
INFO: [BIND 205-101] Performing variable lifetime analysis.
INFO: [BIND 205-101] Exploring resource sharing.
INFO: [BIND 205-101] Binding ...
INFO: [BIND 205-100] Finished micro-architecture generation.
INFO: [HLS 200-111]  Elapsed time: 0.324 seconds; current allocated memory: 287.639 MB.
INFO: [HLS 200-10] ----------------------------------------------------------------
INFO: [HLS 200-42] -- Implementing module 'correlator' 
INFO: [HLS 200-10] ----------------------------------------------------------------
INFO: [SCHED 204-11] Starting scheduling ...
INFO: [SCHED 204-61] Pipelining loop 'Init_Loop'.
INFO: [HLS 200-1470] Pipelining result : Target II = 1, Final II = 1, Depth = 1.
INFO: [SCHED 204-61] Pipelining loop 'VITIS_LOOP_96_1'.
INFO: [HLS 200-1470] Pipelining result : Target II = 1, Final II = 1, Depth = 1.
INFO: [SCHED 204-61] Pipelining loop 'BANK'.
INFO: [HLS 200-1470] Pipelining result : Target II = 1, Final II = 1, Depth = 25.
INFO: [SCHED 204-11] Finished scheduling.
INFO: [HLS 200-111]  Elapsed time: 0.589 seconds; current allocated memory: 288.887 MB.
INFO: [BIND 205-100] Starting micro-architecture generation ...
INFO: [BIND 205-101] Performing variable lifetime analysis.
INFO: [BIND 205-101] Exploring resource sharing.
INFO: [BIND 205-101] Binding ...
INFO: [BIND 205-100] Finished micro-architecture generation.
INFO: [HLS 200-111]  Elapsed time: 0.4 seconds; current allocated memory: 290.532 MB.
INFO: [HLS 200-10] ----------------------------------------------------------------
INFO: [HLS 200-42] -- Implementing module 'e2e_system' 
INFO: [HLS 200-10] ----------------------------------------------------------------
INFO: [SCHED 204-11] Starting scheduling ...
INFO: [SCHED 204-61] Pipelining loop 'VITIS_LOOP_29_1'.
INFO: [HLS 200-1470] Pipelining result : Target II = 1, Final II = 1, Depth = 2.
INFO: [SCHED 204-11] Finished scheduling.
INFO: [HLS 200-111]  Elapsed time: 0.441 seconds; current allocated memory: 290.615 MB.
INFO: [BIND 205-100] Starting micro-architecture generation ...
INFO: [BIND 205-101] Performing variable lifetime analysis.
INFO: [BIND 205-101] Exploring resource sharing.
INFO: [BIND 205-101] Binding ...
INFO: [BIND 205-100] Finished micro-architecture generation.
INFO: [HLS 200-111]  Elapsed time: 0.315 seconds; current allocated memory: 290.789 MB.
INFO: [HLS 200-10] ----------------------------------------------------------------
INFO: [HLS 200-10] -- Generating RTL for module 'filter' 
INFO: [HLS 200-10] ----------------------------------------------------------------
INFO: [RTGEN 206-100] Generating core module 'fpext_32ns_64_2_no_dsp_1': 1 instance(s).
INFO: [RTGEN 206-100] Generating core module 'mul_25ns_36s_60_2_1': 2 instance(s).
INFO: [RTGEN 206-100] Generating core module 'mul_27ns_36s_62_2_1': 4 instance(s).
INFO: [RTGEN 206-100] Generating core module 'mul_27s_36s_62_2_1': 2 instance(s).
INFO: [RTGEN 206-100] Generating core module 'mul_28s_36s_63_2_1': 4 instance(s).
INFO: [RTGEN 206-100] Generating core module 'mul_29ns_36s_64_2_1': 2 instance(s).
INFO: [RTGEN 206-100] Generating core module 'mul_30ns_36s_65_2_1': 2 instance(s).
INFO: [RTGEN 206-100] Generating core module 'mul_31s_36s_66_2_1': 4 instance(s).
INFO: [RTGEN 206-100] Generating core module 'mul_32ns_36s_67_2_1': 2 instance(s).
INFO: [RTGEN 206-100] Generating core module 'mul_33ns_36s_68_2_1': 2 instance(s).
INFO: [RTGEN 206-100] Finished creating RTL model for 'filter'.
INFO: [HLS 200-111]  Elapsed time: 0.734 seconds; current allocated memory: 292.783 MB.
INFO: [HLS 200-10] ----------------------------------------------------------------
INFO: [HLS 200-10] -- Generating RTL for module 'correlator' 
INFO: [HLS 200-10] ----------------------------------------------------------------
INFO: [RTGEN 206-100] Generating core module 'mul_36s_2s_38_2_1': 31 instance(s).
INFO: [RTGEN 206-100] Finished creating RTL model for 'correlator'.
INFO: [HLS 200-111]  Elapsed time: 1.143 seconds; current allocated memory: 299.667 MB.
INFO: [HLS 200-10] ----------------------------------------------------------------
INFO: [HLS 200-10] -- Generating RTL for module 'e2e_system' 
INFO: [HLS 200-10] ----------------------------------------------------------------
INFO: [RTGEN 206-500] Setting interface mode on port 'e2e_system/output_signal' to 'ap_vld'.
INFO: [RTGEN 206-500] Setting interface mode on port 'e2e_system/input_signal' to 'ap_none'.
INFO: [RTGEN 206-500] Setting interface mode on function 'e2e_system' to 'ap_ctrl_hs'.
INFO: [RTGEN 206-100] Finished creating RTL model for 'e2e_system'.
INFO: [HLS 200-111]  Elapsed time: 1.241 seconds; current allocated memory: 305.919 MB.
INFO: [RTMG 210-282] Generating pipelined core: 'e2e_system_mul_28s_36s_63_2_1_Multiplier_0'
INFO: [RTMG 210-282] Generating pipelined core: 'e2e_system_mul_25ns_36s_60_2_1_Multiplier_1'
INFO: [RTMG 210-282] Generating pipelined core: 'e2e_system_mul_27ns_36s_62_2_1_Multiplier_2'
INFO: [RTMG 210-282] Generating pipelined core: 'e2e_system_mul_27s_36s_62_2_1_Multiplier_3'
INFO: [RTMG 210-282] Generating pipelined core: 'e2e_system_mul_29ns_36s_64_2_1_Multiplier_4'
INFO: [RTMG 210-282] Generating pipelined core: 'e2e_system_mul_30ns_36s_65_2_1_Multiplier_5'
INFO: [RTMG 210-282] Generating pipelined core: 'e2e_system_mul_31s_36s_66_2_1_Multiplier_6'
INFO: [RTMG 210-282] Generating pipelined core: 'e2e_system_mul_32ns_36s_67_2_1_Multiplier_7'
INFO: [RTMG 210-282] Generating pipelined core: 'e2e_system_mul_33ns_36s_68_2_1_Multiplier_8'
INFO: [RTMG 210-282] Generating pipelined core: 'e2e_system_mul_36s_2s_38_2_1_Multiplier_9'
INFO: [RTMG 210-279] Implementing memory 'e2e_system_correlator_codebook_V_0_rom' using distributed ROMs.
INFO: [RTMG 210-279] Implementing memory 'e2e_system_correlator_codebook_V_1_rom' using distributed ROMs.
INFO: [RTMG 210-279] Implementing memory 'e2e_system_correlator_codebook_V_2_rom' using distributed ROMs.
INFO: [RTMG 210-279] Implementing memory 'e2e_system_correlator_codebook_V_3_rom' using distributed ROMs.
INFO: [RTMG 210-279] Implementing memory 'e2e_system_correlator_codebook_V_4_rom' using distributed ROMs.
INFO: [RTMG 210-279] Implementing memory 'e2e_system_correlator_codebook_V_5_rom' using distributed ROMs.
INFO: [RTMG 210-279] Implementing memory 'e2e_system_correlator_codebook_V_6_rom' using distributed ROMs.
INFO: [RTMG 210-279] Implementing memory 'e2e_system_correlator_codebook_V_7_rom' using distributed ROMs.
INFO: [RTMG 210-279] Implementing memory 'e2e_system_correlator_codebook_V_8_rom' using distributed ROMs.
INFO: [RTMG 210-279] Implementing memory 'e2e_system_correlator_codebook_V_9_rom' using distributed ROMs.
INFO: [RTMG 210-279] Implementing memory 'e2e_system_correlator_codebook_V_10_rom' using distributed ROMs.
INFO: [RTMG 210-279] Implementing memory 'e2e_system_correlator_codebook_V_11_rom' using distributed ROMs.
INFO: [RTMG 210-279] Implementing memory 'e2e_system_correlator_codebook_V_12_rom' using distributed ROMs.
INFO: [RTMG 210-279] Implementing memory 'e2e_system_correlator_codebook_V_13_rom' using distributed ROMs.
INFO: [RTMG 210-279] Implementing memory 'e2e_system_correlator_codebook_V_14_rom' using distributed ROMs.
INFO: [RTMG 210-279] Implementing memory 'e2e_system_correlator_codebook_V_15_rom' using distributed ROMs.
INFO: [RTMG 210-279] Implementing memory 'e2e_system_correlator_codebook_V_16_rom' using distributed ROMs.
INFO: [RTMG 210-279] Implementing memory 'e2e_system_correlator_codebook_V_17_rom' using distributed ROMs.
INFO: [RTMG 210-279] Implementing memory 'e2e_system_correlator_codebook_V_18_rom' using distributed ROMs.
INFO: [RTMG 210-279] Implementing memory 'e2e_system_correlator_codebook_V_19_rom' using distributed ROMs.
INFO: [RTMG 210-279] Implementing memory 'e2e_system_correlator_codebook_V_20_rom' using distributed ROMs.
INFO: [RTMG 210-279] Implementing memory 'e2e_system_correlator_codebook_V_21_rom' using distributed ROMs.
INFO: [RTMG 210-279] Implementing memory 'e2e_system_correlator_codebook_V_22_rom' using distributed ROMs.
INFO: [RTMG 210-279] Implementing memory 'e2e_system_correlator_codebook_V_23_rom' using distributed ROMs.
INFO: [RTMG 210-279] Implementing memory 'e2e_system_correlator_codebook_V_24_rom' using distributed ROMs.
INFO: [RTMG 210-279] Implementing memory 'e2e_system_correlator_codebook_V_25_rom' using distributed ROMs.
INFO: [RTMG 210-279] Implementing memory 'e2e_system_correlator_codebook_V_26_rom' using distributed ROMs.
INFO: [RTMG 210-279] Implementing memory 'e2e_system_correlator_codebook_V_27_rom' using distributed ROMs.
INFO: [RTMG 210-279] Implementing memory 'e2e_system_correlator_codebook_V_28_rom' using distributed ROMs.
INFO: [RTMG 210-279] Implementing memory 'e2e_system_correlator_codebook_V_29_rom' using distributed ROMs.
INFO: [RTMG 210-279] Implementing memory 'e2e_system_correlator_codebook_V_30_rom' using distributed ROMs.
INFO: [RTMG 210-278] Implementing memory 'e2e_system_correlator_correlators_output_V_ram (RAM)' using block RAMs.
INFO: [RTMG 210-278] Implementing memory 'e2e_system_correlator_temp_input_V_ram (RAM)' using block RAMs.
INFO: [RTMG 210-278] Implementing memory 'e2e_system_correlators_output_final_ram (RAM)' using block RAMs with power-on initialization.
INFO: [RTMG 210-278] Implementing memory 'e2e_system_temp_output_V_ram (RAM)' using block RAMs.
INFO: [HLS 200-111] Finished generating all RTL models Time (s): cpu = 00:00:22 ; elapsed = 00:00:50 . Memory (MB): peak = 997.387 ; gain = 899.754
INFO: [VHDL 208-304] Generating VHDL RTL for e2e_system.
INFO: [VLOG 209-307] Generating Verilog RTL for e2e_system.
INFO: [HLS 200-790] **** Loop Constraint Status: All loop constraints were satisfied.
INFO: [HLS 200-789] **** Estimated Fmax: 137.00 MHz
INFO: [HLS 200-112] Total elapsed time: 50.338 seconds; peak allocated memory: 305.919 MB.
